#
# There is insufficient memory for the Java Runtime Environment to continue.
# Native memory allocation (mmap) failed to map 65011712 bytes. Error detail: G1 virtual space
# Possible reasons:
#   The system is out of physical RAM or swap space
#   This process is running with CompressedOops enabled, and the Java Heap may be blocking the growth of the native heap
# Possible solutions:
#   Reduce memory load on the system
#   Increase physical memory or swap space
#   Check if swap backing store is full
#   Decrease Java heap size (-Xmx/-Xms)
#   Decrease number of Java threads
#   Decrease Java thread stack sizes (-Xss)
#   Set larger code cache with -XX:ReservedCodeCacheSize=
#   JVM is running with Unscaled Compressed Oops mode in which the Java heap is
#     placed in the first 4GB address space. The Java Heap base address is the
#     maximum limit for the native heap growth. Please use -XX:HeapBaseMinAddress
#     to set the Java Heap base and to place the Java Heap above 4GB virtual address.
# This output file may be truncated or incomplete.
#
#  Out of Memory Error (os_windows.cpp:3898), pid=3176, tid=5520
#
# JRE version:  (21.0.6) (build )
# Java VM: OpenJDK 64-Bit Server VM (21.0.6+-13368085-b895.109, mixed mode, sharing, tiered, compressed oops, compressed class ptrs, g1 gc, windows-amd64)
# No core dump will be written. Minidumps are not enabled by default on client versions of Windows
#

---------------  S U M M A R Y ------------

Command Line: org.jetbrains.kotlin.cli.jvm.K2JVMCompiler @C:\Users\Mahlo T.J\AndroidStudioProjects\FoodApp\app\build\20250613_18172632672166723994.compiler.options

Host: Intel(R) Celeron(R) N4020 CPU @ 1.10GHz, 2 cores, 3G,  Windows 11 , 64 bit Build 22621 (10.0.22621.5124)
Time: Fri Jun 13 15:52:23 2025 South Africa Standard Time elapsed time: 0.114458 seconds (0d 0h 0m 0s)

---------------  T H R E A D  ---------------

Current thread (0x000002448515aba0):  JavaThread "Unknown thread" [_thread_in_vm, id=5520, stack(0x0000006db9300000,0x0000006db9400000) (1024K)]

Stack: [0x0000006db9300000,0x0000006db9400000]
Native frames: (J=compiled Java code, j=interpreted, Vv=VM code, C=native code)
V  [jvm.dll+0x6d0639]
V  [jvm.dll+0x85eb03]
V  [jvm.dll+0x86105e]
V  [jvm.dll+0x861743]
V  [jvm.dll+0x27e6e6]
V  [jvm.dll+0x6ccfd5]
V  [jvm.dll+0x6c0a8a]
V  [jvm.dll+0x35537b]
V  [jvm.dll+0x35cfd6]
V  [jvm.dll+0x3aef86]
V  [jvm.dll+0x3af258]
V  [jvm.dll+0x327a2c]
V  [jvm.dll+0x32871b]
V  [jvm.dll+0x826549]
V  [jvm.dll+0x3bc158]
V  [jvm.dll+0x80f7f8]
V  [jvm.dll+0x45035e]
V  [jvm.dll+0x451ac1]
C  [jli.dll+0x52ab]
C  [ucrtbase.dll+0x29333]
C  [KERNEL32.DLL+0x1259d]
C  [ntdll.dll+0x5af38]


---------------  P R O C E S S  ---------------

Threads class SMR info:
_java_thread_list=0x00007ff8d3351848, length=0, elements={
}

Java Threads: ( => current thread )
Total: 0

Other Threads:
  0x000002448749d9c0 WorkerThread "GC Thread#0"                     [id=6396, stack(0x0000006db9400000,0x0000006db9500000) (1024K)]
  0x00000244874a6460 ConcurrentGCThread "G1 Main Marker"            [id=7372, stack(0x0000006db9500000,0x0000006db9600000) (1024K)]
  0x00000244874a78e0 WorkerThread "G1 Conc#0"                       [id=900, stack(0x0000006db9600000,0x0000006db9700000) (1024K)]

[error occurred during error reporting (printing all threads), id 0xc0000005, EXCEPTION_ACCESS_VIOLATION (0xc0000005) at pc=0x00007ff8d2b4aa87]
VM state: not at safepoint (not fully initialized)

VM Mutex/Monitor currently owned by a thread:  ([mutex/lock_event])
[0x00007ff8d33be4a0] Heap_lock - owner thread: 0x000002448515aba0

Heap address: 0x00000000c2a00000, size: 982 MB, Compressed Oops mode: 32-bit

CDS archive(s) mapped at: [0x0000000000000000-0x0000000000000000-0x0000000000000000), size 0, SharedBaseAddress: 0x0000000800000000, ArchiveRelocationMode: 1.
Narrow klass base: 0x0000000000000000, Narrow klass shift: 0, Narrow klass range: 0x0

GC Precious Log:
 CardTable entry size: 512
 Card Set container configuration: InlinePtr #cards 5 size 8 Array Of Cards #cards 12 size 40 Howl #buckets 4 coarsen threshold 1843 Howl Bitmap #cards 512 size 80 coarsen threshold 460 Card regions per heap region 1 cards per card region 2048

Heap:
 garbage-first heap   total 0K, used 0K [0x00000000c2a00000, 0x0000000100000000)
  region size 1024K, 0 young (0K), 0 survivors (0K)
 Metaspace       used 0K, committed 0K, reserved 0K
  class space    used 0K, committed 0K, reserved 0K

Heap Regions: E=young(eden), S=young(survivor), O=old, HS=humongous(starts), HC=humongous(continues), CS=collection set, F=free, TAMS=top-at-mark-start, PB=parsable bottom

Card table byte_map: [0x00000244995c0000,0x00000244997b0000] _byte_map_base: 0x0000024498fab000

Marking Bits: (CMBitMap*) 0x000002448749e0c0
 Bits: [0x00000244997b0000, 0x000002449a708000)

GC Heap History (0 events):
No events

Dll operation events (1 events):
Event: 0.043 Loaded shared library C:\Program Files\Android\Android Studio2\jbr\bin\java.dll

Deoptimization events (0 events):
No events

Classes loaded (0 events):
No events

Classes unloaded (0 events):
No events

Classes redefined (0 events):
No events

Internal exceptions (0 events):
No events

ZGC Phase Switch (0 events):
No events

VM Operations (0 events):
No events

Memory protections (0 events):
No events

Nmethod flushes (0 events):
No events

Events (0 events):
No events


Dynamic libraries:
0x00007ff7961b0000 - 0x00007ff7961ba000 	C:\Program Files\Android\Android Studio2\jbr\bin\java.exe
0x00007ff93aa30000 - 0x00007ff93ac47000 	C:\WINDOWS\SYSTEM32\ntdll.dll
0x00007ff939c30000 - 0x00007ff939cf4000 	C:\WINDOWS\System32\KERNEL32.DLL
0x00007ff937b40000 - 0x00007ff937f13000 	C:\WINDOWS\System32\KERNELBASE.dll
0x00007ff937f50000 - 0x00007ff938061000 	C:\WINDOWS\System32\ucrtbase.dll
0x00007ff90b990000 - 0x00007ff90b9a8000 	C:\Program Files\Android\Android Studio2\jbr\bin\jli.dll
0x00007ff8ef960000 - 0x00007ff8ef97b000 	C:\Program Files\Android\Android Studio2\jbr\bin\VCRUNTIME140.dll
0x00007ff93a0e0000 - 0x00007ff93a291000 	C:\WINDOWS\System32\USER32.dll
0x00007ff937f20000 - 0x00007ff937f46000 	C:\WINDOWS\System32\win32u.dll
0x00007ff91a0b0000 - 0x00007ff91a348000 	C:\WINDOWS\WinSxS\amd64_microsoft.windows.common-controls_6595b64144ccf1df_6.0.22621.5124_none_270e8f4f7386d69d\COMCTL32.dll
0x00007ff93a0b0000 - 0x00007ff93a0d9000 	C:\WINDOWS\System32\GDI32.dll
0x00007ff93a2a0000 - 0x00007ff93a347000 	C:\WINDOWS\System32\msvcrt.dll
0x00007ff938260000 - 0x00007ff93837b000 	C:\WINDOWS\System32\gdi32full.dll
0x00007ff9384f0000 - 0x00007ff93858a000 	C:\WINDOWS\System32\msvcp_win.dll
0x00007ff9398e0000 - 0x00007ff939911000 	C:\WINDOWS\System32\IMM32.DLL
0x00007ff911250000 - 0x00007ff91125c000 	C:\Program Files\Android\Android Studio2\jbr\bin\vcruntime140_1.dll
0x00007ff908cd0000 - 0x00007ff908d5d000 	C:\Program Files\Android\Android Studio2\jbr\bin\msvcp140.dll
0x00007ff8d2810000 - 0x00007ff8d349b000 	C:\Program Files\Android\Android Studio2\jbr\bin\server\jvm.dll
0x00007ff93a6a0000 - 0x00007ff93a751000 	C:\WINDOWS\System32\ADVAPI32.dll
0x00007ff93a350000 - 0x00007ff93a3f8000 	C:\WINDOWS\System32\sechost.dll
0x00007ff938070000 - 0x00007ff938098000 	C:\WINDOWS\System32\bcrypt.dll
0x00007ff93a4f0000 - 0x00007ff93a604000 	C:\WINDOWS\System32\RPCRT4.dll
0x00007ff93a760000 - 0x00007ff93a7d1000 	C:\WINDOWS\System32\WS2_32.dll
0x00007ff937a10000 - 0x00007ff937a5d000 	C:\WINDOWS\SYSTEM32\POWRPROF.dll
0x00007ff92eb10000 - 0x00007ff92eb44000 	C:\WINDOWS\SYSTEM32\WINMM.dll
0x00007ff934570000 - 0x00007ff93457a000 	C:\WINDOWS\SYSTEM32\VERSION.dll
0x00007ff9379f0000 - 0x00007ff937a03000 	C:\WINDOWS\SYSTEM32\UMPDC.dll
0x00007ff936b70000 - 0x00007ff936b88000 	C:\WINDOWS\SYSTEM32\kernel.appcore.dll
0x00007ff910970000 - 0x00007ff91097a000 	C:\Program Files\Android\Android Studio2\jbr\bin\jimage.dll
0x00007ff935730000 - 0x00007ff935962000 	C:\WINDOWS\SYSTEM32\DBGHELP.DLL
0x00007ff939d00000 - 0x00007ff93a092000 	C:\WINDOWS\System32\combase.dll
0x00007ff9397e0000 - 0x00007ff9398b7000 	C:\WINDOWS\System32\OLEAUT32.dll
0x00007ff9224d0000 - 0x00007ff922502000 	C:\WINDOWS\SYSTEM32\dbgcore.DLL
0x00007ff938650000 - 0x00007ff9386cb000 	C:\WINDOWS\System32\bcryptPrimitives.dll
0x00007ff8d3cd0000 - 0x00007ff8d3cf0000 	C:\Program Files\Android\Android Studio2\jbr\bin\java.dll

dbghelp: loaded successfully - version: 4.0.5 - missing functions: none
symbol engine: initialized successfully - sym options: 0x614 - pdb path: .;C:\Program Files\Android\Android Studio2\jbr\bin;C:\WINDOWS\SYSTEM32;C:\WINDOWS\WinSxS\amd64_microsoft.windows.common-controls_6595b64144ccf1df_6.0.22621.5124_none_270e8f4f7386d69d;C:\Program Files\Android\Android Studio2\jbr\bin\server

VM Arguments:
java_command: org.jetbrains.kotlin.cli.jvm.K2JVMCompiler @C:\Users\Mahlo T.J\AndroidStudioProjects\FoodApp\app\build\20250613_18172632672166723994.compiler.options
java_class_path (initial): C:\Users\Mahlo T.J\.gradle\caches\modules-2\files-2.1\org.jetbrains.kotlin\kotlin-compiler-embeddable\2.1.21\70a69b95905e33806fbee6c6c9c48e2b2b2b4da4\kotlin-compiler-embeddable-2.1.21.jar;C:\Users\Mahlo T.J\.gradle\caches\modules-2\files-2.1\org.jetbrains.kotlin\kotlin-stdlib\2.1.21\97a0975aa19d925e109537af60eb46902920015c\kotlin-stdlib-2.1.21.jar;C:\Users\Mahlo T.J\.gradle\caches\modules-2\files-2.1\org.jetbrains.kotlin\kotlin-script-runtime\2.1.21\e274d560d10526099330411c45961f04d85e77b9\kotlin-script-runtime-2.1.21.jar;C:\Users\Mahlo T.J\.gradle\caches\modules-2\files-2.1\org.jetbrains.kotlin\kotlin-reflect\1.6.10\1cbe9c92c12a94eea200d23c2bbaedaf3daf5132\kotlin-reflect-1.6.10.jar;C:\Users\Mahlo T.J\.gradle\caches\modules-2\files-2.1\org.jetbrains.kotlin\kotlin-daemon-embeddable\2.1.21\2376f98b59395adad949ca19811283fafb1b2e31\kotlin-daemon-embeddable-2.1.21.jar;C:\Users\Mahlo T.J\.gradle\caches\modules-2\files-2.1\org.jetbrains.intellij.deps\trove4j\1.0.20200330\3afb14d5f9ceb459d724e907a21145e8ff394f02\trove4j-1.0.20200330.jar;C:\Users\Mahlo T.J\.gradle\caches\modules-2\files-2.1\org.jetbrains.kotlinx\kotlinx-coroutines-core-jvm\1.8.0\ac1dc37a30a93150b704022f8d895ee1bd3a36b3\kotlinx-coroutines-core-jvm-1.8.0.jar;C:\Users\Mahlo T.J\.gradle\caches\modules-2\files-2.1\org.jetbrains\annotations\13.0\919f0dfe192fb4e063e7dacadee7f8bb9a2672a9\annotations-13.0.jar
Launcher Type: SUN_STANDARD

[Global flags]
     intx CICompilerCount                          = 2                                         {product} {ergonomic}
     uint ConcGCThreads                            = 1                                         {product} {ergonomic}
     uint G1ConcRefinementThreads                  = 2                                         {product} {ergonomic}
   size_t G1HeapRegionSize                         = 1048576                                   {product} {ergonomic}
    uintx GCDrainStackTargetSize                   = 64                                        {product} {ergonomic}
   size_t InitialHeapSize                          = 65011712                                  {product} {ergonomic}
   size_t MarkStackSize                            = 4194304                                   {product} {ergonomic}
   size_t MaxHeapSize                              = 1029701632                                {product} {ergonomic}
   size_t MinHeapDeltaBytes                        = 1048576                                   {product} {ergonomic}
   size_t MinHeapSize                              = 8388608                                   {product} {ergonomic}
    uintx NonNMethodCodeHeapSize                   = 5826188                                {pd product} {ergonomic}
    uintx NonProfiledCodeHeapSize                  = 122916026                              {pd product} {ergonomic}
    uintx ProfiledCodeHeapSize                     = 122916026                              {pd product} {ergonomic}
    uintx ReservedCodeCacheSize                    = 251658240                              {pd product} {ergonomic}
     bool SegmentedCodeCache                       = true                                      {product} {ergonomic}
   size_t SoftMaxHeapSize                          = 1029701632                             {manageable} {ergonomic}
     bool UseCompressedOops                        = true                           {product lp64_product} {ergonomic}
     bool UseG1GC                                  = true                                      {product} {ergonomic}
     bool UseLargePagesIndividualAllocation        = false                                  {pd product} {ergonomic}

Logging:
Log output configuration:
 #0: stdout all=warning uptime,level,tags foldmultilines=false
 #1: stderr all=off uptime,level,tags foldmultilines=false

Environment Variables:
PATH=C:\WINDOWS\system32;C:\WINDOWS;C:\WINDOWS\System32\Wbem;C:\WINDOWS\System32\WindowsPowerShell\v1.0\;C:\WINDOWS\System32\OpenSSH\;C:\Program Files\Intel\TXE Components\DAL\;C:\Program Files (x86)\Intel\TXE Components\DAL\;C:\Users\Mahlo T.J\AppData\Local\Microsoft\WindowsApps
USERNAME=Mahlo T.J
OS=Windows_NT
PROCESSOR_IDENTIFIER=Intel64 Family 6 Model 122 Stepping 8, GenuineIntel
TMP=C:\Users\MAHLOT~1.J\AppData\Local\Temp
TEMP=C:\Users\MAHLOT~1.J\AppData\Local\Temp




Periodic native trim disabled

JNI global refs:
JNI global refs: 0, weak refs: 0

JNI global refs memory usage: 0, weak refs: 0

Process memory usage:
Resident Set Size: 11404K (0% of 4014332K total physical memory with 575384K free physical memory)

OOME stack traces (most recent first):
Classloader memory used:

---------------  S Y S T E M  ---------------

OS:
 Windows 11 , 64 bit Build 22621 (10.0.22621.5124)
OS uptime: 0 days 0:33 hours

CPU: total 2 (initial active 2) (2 cores per cpu, 1 threads per core) family 6 model 122 stepping 8 microcode 0x18, cx8, cmov, fxsr, mmx, 3dnowpref, sse, sse2, sse3, ssse3, sse4.1, sse4.2, popcnt, tsc, tscinvbit, aes, erms, clmul, sha, clflush, clflushopt, rdtscp, rdpid
Processor Information for the first 2 processors :
  Max Mhz: 1101, Current Mhz: 1101, Mhz Limit: 1101

Memory: 4k page, system-wide physical 3920M (561M free)
TotalPageFile size 7256M (AvailPageFile size 47M)
current process WorkingSet (physical memory assigned to process): 11M, peak: 11M
current process commit charge ("private bytes"): 47M, peak: 109M

vm_info: OpenJDK 64-Bit Server VM (21.0.6+-13368085-b895.109) for windows-amd64 JRE (21.0.6+-13368085-b895.109), built on 2025-04-16T17:01:31Z by "builder" with MS VC++ 16.10 / 16.11 (VS2019)

END.
