#
# There is insufficient memory for the Java Runtime Environment to continue.
# Native memory allocation (mmap) failed to map 16777216 bytes. Error detail: G1 virtual space
# Possible reasons:
#   The system is out of physical RAM or swap space
#   This process is running with CompressedOops enabled, and the Java Heap may be blocking the growth of the native heap
# Possible solutions:
#   Reduce memory load on the system
#   Increase physical memory or swap space
#   Check if swap backing store is full
#   Decrease Java heap size (-Xmx/-Xms)
#   Decrease number of Java threads
#   Decrease Java thread stack sizes (-Xss)
#   Set larger code cache with -XX:ReservedCodeCacheSize=
#   JVM is running with Unscaled Compressed Oops mode in which the Java heap is
#     placed in the first 4GB address space. The Java Heap base address is the
#     maximum limit for the native heap growth. Please use -XX:HeapBaseMinAddress
#     to set the Java Heap base and to place the Java Heap above 4GB virtual address.
# This output file may be truncated or incomplete.
#
#  Out of Memory Error (os_windows.cpp:3898), pid=9096, tid=10012
#
# JRE version: OpenJDK Runtime Environment (21.0.6) (build 21.0.6+-13368085-b895.109)
# Java VM: OpenJDK 64-Bit Server VM (21.0.6+-13368085-b895.109, mixed mode, tiered, compressed oops, compressed class ptrs, g1 gc, windows-amd64)
# No core dump will be written. Minidumps are not enabled by default on client versions of Windows
#

---------------  S U M M A R Y ------------

Command Line: --add-opens=java.base/java.lang=ALL-UNNAMED --add-opens=java.base/java.lang.invoke=ALL-UNNAMED --add-opens=java.base/java.util=ALL-UNNAMED --add-opens=java.prefs/java.util.prefs=ALL-UNNAMED --add-exports=jdk.compiler/com.sun.tools.javac.api=ALL-UNNAMED --add-exports=jdk.compiler/com.sun.tools.javac.util=ALL-UNNAMED --add-opens=java.base/java.util=ALL-UNNAMED --add-opens=java.prefs/java.util.prefs=ALL-UNNAMED --add-opens=java.base/java.nio.charset=ALL-UNNAMED --add-opens=java.base/java.net=ALL-UNNAMED --add-opens=java.base/java.util.concurrent.atomic=ALL-UNNAMED --add-opens=java.xml/javax.xml.namespace=ALL-UNNAMED -Xmx2048m -Dfile.encoding=UTF-8 -Duser.country=ZA -Duser.language=en -Duser.variant -javaagent:C:\Users\Mahlo T.J\.gradle\wrapper\dists\gradle-8.11.1-bin\bpt9gzteqjrbo1mjrsomdt32c\gradle-8.11.1\lib\agents\gradle-instrumentation-agent-8.11.1.jar org.gradle.launcher.daemon.bootstrap.GradleDaemon 8.11.1

Host: Intel(R) Celeron(R) N4020 CPU @ 1.10GHz, 2 cores, 3G,  Windows 11 , 64 bit Build 22621 (10.0.22621.5415)
Time: Fri Jul  4 20:34:24 2025 South Africa Standard Time elapsed time: 138.043291 seconds (0d 0h 2m 18s)

---------------  T H R E A D  ---------------

Current thread (0x00000128ad022ec0):  VMThread "VM Thread"          [id=10012, stack(0x0000002630000000,0x0000002630100000) (1024K)]

Stack: [0x0000002630000000,0x0000002630100000]
Native frames: (J=compiled Java code, j=interpreted, Vv=VM code, C=native code)
V  [jvm.dll+0x6d0639]
V  [jvm.dll+0x85eb03]
V  [jvm.dll+0x86105e]
V  [jvm.dll+0x861743]
V  [jvm.dll+0x27e6e6]
V  [jvm.dll+0x6ccfd5]
V  [jvm.dll+0x6c0a8a]
V  [jvm.dll+0x35537b]
V  [jvm.dll+0x35cfd6]
V  [jvm.dll+0x3aef86]
V  [jvm.dll+0x3af258]
V  [jvm.dll+0x327a2c]
V  [jvm.dll+0x32a436]
V  [jvm.dll+0x33438d]
V  [jvm.dll+0x36ba15]
V  [jvm.dll+0x8674c8]
V  [jvm.dll+0x868844]
V  [jvm.dll+0x868d80]
V  [jvm.dll+0x869013]
V  [jvm.dll+0x806ed8]
V  [jvm.dll+0x6cef0d]
C  [ucrtbase.dll+0x29333]
C  [KERNEL32.DLL+0x1259d]
C  [ntdll.dll+0x5af78]

VM_Operation (0x000000262fbff2d0): G1PauseRemark, mode: safepoint, requested by thread 0x0000012896793ef0


---------------  P R O C E S S  ---------------

Threads class SMR info:
_java_thread_list=0x00000128b3462790, length=36, elements={
0x00000128944211e0, 0x00000128ad0eb380, 0x00000128ad0edf40, 0x00000128ad24d800,
0x00000128ad24e250, 0x00000128ad24eca0, 0x00000128ad24f6f0, 0x00000128ad250470,
0x00000128ad252f10, 0x00000128ad294360, 0x00000128ad4dbb20, 0x00000128ad6cb800,
0x00000128ad6cb170, 0x00000128ad6caae0, 0x00000128ad6c90a0, 0x00000128ad6c9730,
0x00000128ad6cbe90, 0x00000128ad6cc520, 0x00000128ad6c9dc0, 0x00000128ad6ca450,
0x00000128b2250440, 0x00000128b2252ba0, 0x00000128b2255990, 0x00000128b2253230,
0x00000128b224f090, 0x00000128b22538c0, 0x00000128b2254c70, 0x00000128b2250ad0,
0x00000128b224f720, 0x00000128b2251160, 0x00000128b22545e0, 0x00000128b2255300,
0x00000128b22566b0, 0x00000128b224fdb0, 0x00000128b22517f0, 0x00000128b2253f50
}

Java Threads: ( => current thread )
  0x00000128944211e0 JavaThread "main"                              [_thread_blocked, id=2608, stack(0x000000262f900000,0x000000262fa00000) (1024K)]
  0x00000128ad0eb380 JavaThread "Reference Handler"          daemon [_thread_blocked, id=10892, stack(0x0000002630100000,0x0000002630200000) (1024K)]
  0x00000128ad0edf40 JavaThread "Finalizer"                  daemon [_thread_blocked, id=2400, stack(0x0000002630200000,0x0000002630300000) (1024K)]
  0x00000128ad24d800 JavaThread "Signal Dispatcher"          daemon [_thread_blocked, id=10064, stack(0x0000002630300000,0x0000002630400000) (1024K)]
  0x00000128ad24e250 JavaThread "Attach Listener"            daemon [_thread_blocked, id=9756, stack(0x0000002630400000,0x0000002630500000) (1024K)]
  0x00000128ad24eca0 JavaThread "Service Thread"             daemon [_thread_blocked, id=2368, stack(0x0000002630500000,0x0000002630600000) (1024K)]
  0x00000128ad24f6f0 JavaThread "Monitor Deflation Thread"   daemon [_thread_blocked, id=9552, stack(0x0000002630600000,0x0000002630700000) (1024K)]
  0x00000128ad250470 JavaThread "C2 CompilerThread0"         daemon [_thread_blocked, id=3928, stack(0x0000002630700000,0x0000002630800000) (1024K)]
  0x00000128ad252f10 JavaThread "C1 CompilerThread0"         daemon [_thread_blocked, id=9016, stack(0x0000002630800000,0x0000002630900000) (1024K)]
  0x00000128ad294360 JavaThread "Common-Cleaner"             daemon [_thread_blocked, id=7764, stack(0x0000002630900000,0x0000002630a00000) (1024K)]
  0x00000128ad4dbb20 JavaThread "Notification Thread"        daemon [_thread_blocked, id=7504, stack(0x0000002630a00000,0x0000002630b00000) (1024K)]
  0x00000128ad6cb800 JavaThread "Daemon health stats"               [_thread_blocked, id=5608, stack(0x0000002630c00000,0x0000002630d00000) (1024K)]
  0x00000128ad6cb170 JavaThread "Incoming local TCP Connector on port 53614"        [_thread_in_native, id=9728, stack(0x0000002630d00000,0x0000002630e00000) (1024K)]
  0x00000128ad6caae0 JavaThread "Daemon periodic checks"            [_thread_blocked, id=7376, stack(0x0000002630e00000,0x0000002630f00000) (1024K)]
  0x00000128ad6c90a0 JavaThread "Daemon"                            [_thread_blocked, id=3876, stack(0x0000002630f00000,0x0000002631000000) (1024K)]
  0x00000128ad6c9730 JavaThread "Handler for socket connection from /127.0.0.1:53614 to /127.0.0.1:53615"        [_thread_in_native, id=2536, stack(0x0000002631000000,0x0000002631100000) (1024K)]
  0x00000128ad6cbe90 JavaThread "Cancel handler"                    [_thread_blocked, id=5348, stack(0x0000002631100000,0x0000002631200000) (1024K)]
  0x00000128ad6cc520 JavaThread "Daemon worker"                     [_thread_blocked, id=9348, stack(0x0000002631200000,0x0000002631300000) (1024K)]
  0x00000128ad6c9dc0 JavaThread "Asynchronous log dispatcher for DefaultDaemonConnection: socket connection from /127.0.0.1:53614 to /127.0.0.1:53615"        [_thread_blocked, id=8960, stack(0x0000002631300000,0x0000002631400000) (1024K)]
  0x00000128ad6ca450 JavaThread "Stdin handler"                     [_thread_blocked, id=10212, stack(0x0000002631400000,0x0000002631500000) (1024K)]
  0x00000128b2250440 JavaThread "Daemon client event forwarder"        [_thread_blocked, id=3748, stack(0x0000002631500000,0x0000002631600000) (1024K)]
  0x00000128b2252ba0 JavaThread "Cache worker for journal cache (C:\Users\Mahlo T.J\.gradle\caches\journal-1)"        [_thread_blocked, id=4748, stack(0x0000002631600000,0x0000002631700000) (1024K)]
  0x00000128b2255990 JavaThread "File lock request listener"        [_thread_in_native, id=7532, stack(0x0000002631700000,0x0000002631800000) (1024K)]
  0x00000128b2253230 JavaThread "Cache worker for file hash cache (C:\Users\Mahlo T.J\.gradle\caches\8.11.1\fileHashes)"        [_thread_blocked, id=11128, stack(0x0000002631800000,0x0000002631900000) (1024K)]
  0x00000128b224f090 JavaThread "Cache worker for file content cache (C:\Users\Mahlo T.J\.gradle\caches\8.11.1\fileContent)"        [_thread_blocked, id=3836, stack(0x000000262f800000,0x000000262f900000) (1024K)]
  0x00000128b22538c0 JavaThread "Cache worker for file hash cache (C:\Users\Mahlo T.J\AndroidStudioProjects\FoodApp\.gradle\8.11.1\fileHashes)"        [_thread_blocked, id=9220, stack(0x0000002631900000,0x0000002631a00000) (1024K)]
  0x00000128b2254c70 JavaThread "Cache worker for Build Output Cleanup Cache (C:\Users\Mahlo T.J\AndroidStudioProjects\FoodApp\.gradle\buildOutputCleanup)"        [_thread_blocked, id=4868, stack(0x0000002631a00000,0x0000002631b00000) (1024K)]
  0x00000128b2250ad0 JavaThread "File watcher server"        daemon [_thread_in_native, id=7592, stack(0x0000002631b00000,0x0000002631c00000) (1024K)]
  0x00000128b224f720 JavaThread "File watcher consumer"      daemon [_thread_blocked, id=10484, stack(0x0000002631c00000,0x0000002631d00000) (1024K)]
  0x00000128b2251160 JavaThread "Cache worker for checksums cache (C:\Users\Mahlo T.J\AndroidStudioProjects\FoodApp\.gradle\8.11.1\checksums)"        [_thread_blocked, id=9424, stack(0x0000002631d00000,0x0000002631e00000) (1024K)]
  0x00000128b22545e0 JavaThread "Cache worker for cache directory md-rule (C:\Users\Mahlo T.J\.gradle\caches\8.11.1\md-rule)"        [_thread_blocked, id=1816, stack(0x0000002631e00000,0x0000002631f00000) (1024K)]
  0x00000128b2255300 JavaThread "Cache worker for cache directory md-supplier (C:\Users\Mahlo T.J\.gradle\caches\8.11.1\md-supplier)"        [_thread_blocked, id=7964, stack(0x0000002631f00000,0x0000002632000000) (1024K)]
  0x00000128b22566b0 JavaThread "Unconstrained build operations"        [_thread_blocked, id=7968, stack(0x0000002632000000,0x0000002632100000) (1024K)]
  0x00000128b224fdb0 JavaThread "Unconstrained build operations Thread 2"        [_thread_blocked, id=5616, stack(0x0000002632100000,0x0000002632200000) (1024K)]
  0x00000128b22517f0 JavaThread "Unconstrained build operations Thread 3"        [_thread_blocked, id=9684, stack(0x0000002632200000,0x0000002632300000) (1024K)]
  0x00000128b2253f50 JavaThread "build event listener"              [_thread_blocked, id=6696, stack(0x000000262f600000,0x000000262f700000) (1024K)]
Total: 36

Other Threads:
=>0x00000128ad022ec0 VMThread "VM Thread"                           [id=10012, stack(0x0000002630000000,0x0000002630100000) (1024K)]
  0x00000128ad012610 WatcherThread "VM Periodic Task Thread"        [id=9828, stack(0x000000262ff00000,0x0000002630000000) (1024K)]
  0x0000012896782600 WorkerThread "GC Thread#0"                     [id=5812, stack(0x000000262fa00000,0x000000262fb00000) (1024K)]
  0x00000128ad602bc0 WorkerThread "GC Thread#1"                     [id=9108, stack(0x0000002630b00000,0x0000002630c00000) (1024K)]
  0x0000012896793ef0 ConcurrentGCThread "G1 Main Marker"            [id=452, stack(0x000000262fb00000,0x000000262fc00000) (1024K)]
  0x0000012896794b60 WorkerThread "G1 Conc#0"                       [id=10764, stack(0x000000262fc00000,0x000000262fd00000) (1024K)]
  0x00000128967e32d0 ConcurrentGCThread "G1 Refine#0"               [id=9232, stack(0x000000262fd00000,0x000000262fe00000) (1024K)]
  0x00000128967e4750 ConcurrentGCThread "G1 Service"                [id=10920, stack(0x000000262fe00000,0x000000262ff00000) (1024K)]
Total: 8

Threads with active compile tasks:
Total: 0

VM state: at safepoint (normal execution)

VM Mutex/Monitor currently owned by a thread:  ([mutex/lock_event])
[0x00007ffc1e16e3a0] Threads_lock - owner thread: 0x00000128ad022ec0
[0x00007ffc1e16e4a0] Heap_lock - owner thread: 0x0000012896793ef0

Heap address: 0x0000000080000000, size: 2048 MB, Compressed Oops mode: 32-bit

CDS archive(s) not mapped
Compressed class space mapped at: 0x0000000100000000-0x0000000140000000, reserved size: 1073741824
Narrow klass base: 0x0000000000000000, Narrow klass shift: 3, Narrow klass range: 0x140000000

GC Precious Log:
 CardTable entry size: 512
 Card Set container configuration: InlinePtr #cards 5 size 8 Array Of Cards #cards 12 size 40 Howl #buckets 4 coarsen threshold 1843 Howl Bitmap #cards 512 size 80 coarsen threshold 460 Card regions per heap region 1 cards per card region 2048
 CPUs: 2 total, 2 available
 Memory: 3920M
 Large Page Support: Disabled
 NUMA Support: Disabled
 Compressed Oops: Enabled (32-bit)
 Heap Region Size: 1M
 Heap Min Capacity: 8M
 Heap Initial Capacity: 62M
 Heap Max Capacity: 2G
 Pre-touch: Disabled
 Parallel Workers: 2
 Concurrent Workers: 1
 Concurrent Refinement Workers: 2
 Periodic GC: Disabled

Heap:
 garbage-first heap   total 106496K, used 72806K [0x0000000080000000, 0x0000000100000000)
  region size 1024K, 3 young (3072K), 2 survivors (2048K)
 Metaspace       used 79833K, committed 81600K, reserved 1179648K
  class space    used 10631K, committed 11520K, reserved 1048576K

Heap Regions: E=young(eden), S=young(survivor), O=old, HS=humongous(starts), HC=humongous(continues), CS=collection set, F=free, TAMS=top-at-mark-start, PB=parsable bottom
|   0|0x0000000080000000, 0x0000000080100000, 0x0000000080100000|100%| O|  |TAMS 0x0000000080100000| PB 0x0000000080100000| Updating 
|   1|0x0000000080100000, 0x0000000080200000, 0x0000000080200000|100%|HS|  |TAMS 0x0000000080200000| PB 0x0000000080100000| Complete 
|   2|0x0000000080200000, 0x0000000080300000, 0x0000000080300000|100%|HC|  |TAMS 0x0000000080300000| PB 0x0000000080200000| Complete 
|   3|0x0000000080300000, 0x0000000080400000, 0x0000000080400000|100%|HC|  |TAMS 0x0000000080400000| PB 0x0000000080300000| Complete 
|   4|0x0000000080400000, 0x0000000080500000, 0x0000000080500000|100%| O|  |TAMS 0x0000000080500000| PB 0x0000000080500000| Untracked 
|   5|0x0000000080500000, 0x0000000080500000, 0x0000000080600000|  0%| F|  |TAMS 0x0000000080500000| PB 0x0000000080500000| Untracked 
|   6|0x0000000080600000, 0x0000000080700000, 0x0000000080700000|100%| O|  |TAMS 0x0000000080700000| PB 0x0000000080700000| Untracked 
|   7|0x0000000080700000, 0x0000000080800000, 0x0000000080800000|100%| O|  |TAMS 0x0000000080800000| PB 0x0000000080800000| Untracked 
|   8|0x0000000080800000, 0x0000000080900000, 0x0000000080900000|100%|HS|  |TAMS 0x0000000080900000| PB 0x0000000080800000| Complete 
|   9|0x0000000080900000, 0x0000000080a00000, 0x0000000080a00000|100%| O|  |TAMS 0x0000000080a00000| PB 0x0000000080a00000| Untracked 
|  10|0x0000000080a00000, 0x0000000080b00000, 0x0000000080b00000|100%| O|  |TAMS 0x0000000080b00000| PB 0x0000000080b00000| Updating 
|  11|0x0000000080b00000, 0x0000000080c00000, 0x0000000080c00000|100%| O|  |TAMS 0x0000000080c00000| PB 0x0000000080c00000| Untracked 
|  12|0x0000000080c00000, 0x0000000080d00000, 0x0000000080d00000|100%| O|  |TAMS 0x0000000080d00000| PB 0x0000000080d00000| Untracked 
|  13|0x0000000080d00000, 0x0000000080e00000, 0x0000000080e00000|100%| O|  |TAMS 0x0000000080e00000| PB 0x0000000080e00000| Untracked 
|  14|0x0000000080e00000, 0x0000000080f00000, 0x0000000080f00000|100%| O|  |TAMS 0x0000000080f00000| PB 0x0000000080f00000| Untracked 
|  15|0x0000000080f00000, 0x0000000081000000, 0x0000000081000000|100%| O|  |TAMS 0x0000000081000000| PB 0x0000000081000000| Updating 
|  16|0x0000000081000000, 0x0000000081100000, 0x0000000081100000|100%| O|  |TAMS 0x0000000081100000| PB 0x0000000081100000| Untracked 
|  17|0x0000000081100000, 0x0000000081200000, 0x0000000081200000|100%| O|  |TAMS 0x0000000081200000| PB 0x0000000081200000| Untracked 
|  18|0x0000000081200000, 0x0000000081300000, 0x0000000081300000|100%| O|  |TAMS 0x0000000081300000| PB 0x0000000081300000| Untracked 
|  19|0x0000000081300000, 0x0000000081400000, 0x0000000081400000|100%| O|  |TAMS 0x0000000081400000| PB 0x0000000081400000| Untracked 
|  20|0x0000000081400000, 0x0000000081500000, 0x0000000081500000|100%| O|  |TAMS 0x0000000081500000| PB 0x0000000081500000| Untracked 
|  21|0x0000000081500000, 0x0000000081600000, 0x0000000081600000|100%| O|  |TAMS 0x0000000081600000| PB 0x0000000081600000| Untracked 
|  22|0x0000000081600000, 0x0000000081700000, 0x0000000081700000|100%| O|  |TAMS 0x0000000081700000| PB 0x0000000081700000| Untracked 
|  23|0x0000000081700000, 0x0000000081800000, 0x0000000081800000|100%| O|  |TAMS 0x0000000081800000| PB 0x0000000081800000| Updating 
|  24|0x0000000081800000, 0x0000000081900000, 0x0000000081900000|100%| O|  |TAMS 0x0000000081900000| PB 0x0000000081900000| Untracked 
|  25|0x0000000081900000, 0x0000000081a00000, 0x0000000081a00000|100%| O|  |TAMS 0x0000000081a00000| PB 0x0000000081a00000| Untracked 
|  26|0x0000000081a00000, 0x0000000081b00000, 0x0000000081b00000|100%| O|  |TAMS 0x0000000081b00000| PB 0x0000000081b00000| Untracked 
|  27|0x0000000081b00000, 0x0000000081c00000, 0x0000000081c00000|100%| O|  |TAMS 0x0000000081c00000| PB 0x0000000081c00000| Untracked 
|  28|0x0000000081c00000, 0x0000000081d00000, 0x0000000081d00000|100%| O|  |TAMS 0x0000000081d00000| PB 0x0000000081d00000| Untracked 
|  29|0x0000000081d00000, 0x0000000081e00000, 0x0000000081e00000|100%| O|  |TAMS 0x0000000081e00000| PB 0x0000000081e00000| Untracked 
|  30|0x0000000081e00000, 0x0000000081f00000, 0x0000000081f00000|100%| O|  |TAMS 0x0000000081f00000| PB 0x0000000081f00000| Untracked 
|  31|0x0000000081f00000, 0x0000000082000000, 0x0000000082000000|100%| O|  |TAMS 0x0000000082000000| PB 0x0000000082000000| Updating 
|  32|0x0000000082000000, 0x0000000082100000, 0x0000000082100000|100%| O|  |TAMS 0x0000000082100000| PB 0x0000000082100000| Untracked 
|  33|0x0000000082100000, 0x0000000082200000, 0x0000000082200000|100%| O|  |TAMS 0x0000000082200000| PB 0x0000000082200000| Updating 
|  34|0x0000000082200000, 0x0000000082300000, 0x0000000082300000|100%| O|  |TAMS 0x0000000082300000| PB 0x0000000082300000| Untracked 
|  35|0x0000000082300000, 0x0000000082400000, 0x0000000082400000|100%| O|  |TAMS 0x0000000082400000| PB 0x0000000082400000| Updating 
|  36|0x0000000082400000, 0x0000000082500000, 0x0000000082500000|100%| O|  |TAMS 0x0000000082500000| PB 0x0000000082500000| Untracked 
|  37|0x0000000082500000, 0x0000000082600000, 0x0000000082600000|100%| O|  |TAMS 0x0000000082600000| PB 0x0000000082600000| Untracked 
|  38|0x0000000082600000, 0x0000000082700000, 0x0000000082700000|100%| O|  |TAMS 0x0000000082700000| PB 0x0000000082700000| Updating 
|  39|0x0000000082700000, 0x0000000082700000, 0x0000000082800000|  0%| F|  |TAMS 0x0000000082700000| PB 0x0000000082700000| Untracked 
|  40|0x0000000082800000, 0x0000000082900000, 0x0000000082900000|100%| O|  |TAMS 0x0000000082900000| PB 0x0000000082900000| Untracked 
|  41|0x0000000082900000, 0x0000000082a00000, 0x0000000082a00000|100%| O|  |TAMS 0x0000000082a00000| PB 0x0000000082a00000| Untracked 
|  42|0x0000000082a00000, 0x0000000082b00000, 0x0000000082b00000|100%| O|  |TAMS 0x0000000082b00000| PB 0x0000000082b00000| Untracked 
|  43|0x0000000082b00000, 0x0000000082c00000, 0x0000000082c00000|100%|HS|  |TAMS 0x0000000082c00000| PB 0x0000000082b00000| Complete 
|  44|0x0000000082c00000, 0x0000000082d00000, 0x0000000082d00000|100%| O|  |TAMS 0x0000000082d00000| PB 0x0000000082d00000| Untracked 
|  45|0x0000000082d00000, 0x0000000082e00000, 0x0000000082e00000|100%| O|  |TAMS 0x0000000082e00000| PB 0x0000000082e00000| Untracked 
|  46|0x0000000082e00000, 0x0000000082f00000, 0x0000000082f00000|100%| O|  |TAMS 0x0000000082f00000| PB 0x0000000082f00000| Updating 
|  47|0x0000000082f00000, 0x0000000083000000, 0x0000000083000000|100%| O|  |TAMS 0x0000000083000000| PB 0x0000000083000000| Untracked 
|  48|0x0000000083000000, 0x0000000083100000, 0x0000000083100000|100%| O|  |TAMS 0x0000000083100000| PB 0x0000000083100000| Untracked 
|  49|0x0000000083100000, 0x0000000083200000, 0x0000000083200000|100%| O|  |TAMS 0x0000000083200000| PB 0x0000000083200000| Updating 
|  50|0x0000000083200000, 0x0000000083300000, 0x0000000083300000|100%|HS|  |TAMS 0x0000000083300000| PB 0x0000000083200000| Complete 
|  51|0x0000000083300000, 0x0000000083400000, 0x0000000083400000|100%|HS|  |TAMS 0x0000000083400000| PB 0x0000000083300000| Complete 
|  52|0x0000000083400000, 0x0000000083500000, 0x0000000083500000|100%|HS|  |TAMS 0x0000000083500000| PB 0x0000000083400000| Complete 
|  53|0x0000000083500000, 0x0000000083600000, 0x0000000083600000|100%| O|  |TAMS 0x0000000083600000| PB 0x0000000083600000| Untracked 
|  54|0x0000000083600000, 0x0000000083700000, 0x0000000083700000|100%| O|  |TAMS 0x0000000083700000| PB 0x0000000083700000| Untracked 
|  55|0x0000000083700000, 0x0000000083800000, 0x0000000083800000|100%| O|  |TAMS 0x0000000083800000| PB 0x0000000083800000| Updating 
|  56|0x0000000083800000, 0x0000000083900000, 0x0000000083900000|100%|HS|  |TAMS 0x0000000083900000| PB 0x0000000083800000| Complete 
|  57|0x0000000083900000, 0x0000000083a00000, 0x0000000083a00000|100%|HS|  |TAMS 0x0000000083a00000| PB 0x0000000083900000| Complete 
|  58|0x0000000083a00000, 0x0000000083b00000, 0x0000000083b00000|100%|HC|  |TAMS 0x0000000083b00000| PB 0x0000000083a00000| Complete 
|  59|0x0000000083b00000, 0x0000000083c00000, 0x0000000083c00000|100%|HC|  |TAMS 0x0000000083c00000| PB 0x0000000083b00000| Complete 
|  60|0x0000000083c00000, 0x0000000083d00000, 0x0000000083d00000|100%|HS|  |TAMS 0x0000000083d00000| PB 0x0000000083c00000| Complete 
|  61|0x0000000083d00000, 0x0000000083e00000, 0x0000000083e00000|100%| O|  |TAMS 0x0000000083e00000| PB 0x0000000083e00000| Untracked 
|  62|0x0000000083e00000, 0x0000000083f00000, 0x0000000083f00000|100%| O|  |TAMS 0x0000000083f00000| PB 0x0000000083f00000| Untracked 
|  63|0x0000000083f00000, 0x0000000084000000, 0x0000000084000000|100%| O|  |TAMS 0x0000000084000000| PB 0x0000000084000000| Updating 
|  64|0x0000000084000000, 0x0000000084100000, 0x0000000084100000|100%| O|  |TAMS 0x0000000084100000| PB 0x0000000084100000| Untracked 
|  65|0x0000000084100000, 0x0000000084200000, 0x0000000084200000|100%| O|  |TAMS 0x0000000084200000| PB 0x0000000084200000| Updating 
|  66|0x0000000084200000, 0x00000000842ebbb0, 0x0000000084300000| 92%| O|  |TAMS 0x00000000842ebbb0| PB 0x00000000842ebbb0| Updating 
|  67|0x0000000084300000, 0x0000000084300000, 0x0000000084400000|  0%| F|  |TAMS 0x0000000084300000| PB 0x0000000084300000| Untracked 
|  68|0x0000000084400000, 0x0000000084400000, 0x0000000084500000|  0%| F|  |TAMS 0x0000000084400000| PB 0x0000000084400000| Untracked 
|  69|0x0000000084500000, 0x0000000084500000, 0x0000000084600000|  0%| F|  |TAMS 0x0000000084500000| PB 0x0000000084500000| Untracked 
|  70|0x0000000084600000, 0x0000000084600000, 0x0000000084700000|  0%| F|  |TAMS 0x0000000084600000| PB 0x0000000084600000| Untracked 
|  71|0x0000000084700000, 0x0000000084700000, 0x0000000084800000|  0%| F|  |TAMS 0x0000000084700000| PB 0x0000000084700000| Untracked 
|  72|0x0000000084800000, 0x0000000084800000, 0x0000000084900000|  0%| F|  |TAMS 0x0000000084800000| PB 0x0000000084800000| Untracked 
|  73|0x0000000084900000, 0x000000008492dfc0, 0x0000000084a00000| 17%| S|CS|TAMS 0x0000000084900000| PB 0x0000000084900000| Complete 
|  74|0x0000000084a00000, 0x0000000084b00000, 0x0000000084b00000|100%| S|CS|TAMS 0x0000000084a00000| PB 0x0000000084a00000| Complete 
|  75|0x0000000084b00000, 0x0000000084b00000, 0x0000000084c00000|  0%| F|  |TAMS 0x0000000084b00000| PB 0x0000000084b00000| Untracked 
|  76|0x0000000084c00000, 0x0000000084c00000, 0x0000000084d00000|  0%| F|  |TAMS 0x0000000084c00000| PB 0x0000000084c00000| Untracked 
|  77|0x0000000084d00000, 0x0000000084d00000, 0x0000000084e00000|  0%| F|  |TAMS 0x0000000084d00000| PB 0x0000000084d00000| Untracked 
|  78|0x0000000084e00000, 0x0000000084e00000, 0x0000000084f00000|  0%| F|  |TAMS 0x0000000084e00000| PB 0x0000000084e00000| Untracked 
|  79|0x0000000084f00000, 0x0000000084f00000, 0x0000000085000000|  0%| F|  |TAMS 0x0000000084f00000| PB 0x0000000084f00000| Untracked 
|  80|0x0000000085000000, 0x0000000085000000, 0x0000000085100000|  0%| F|  |TAMS 0x0000000085000000| PB 0x0000000085000000| Untracked 
|  81|0x0000000085100000, 0x0000000085100000, 0x0000000085200000|  0%| F|  |TAMS 0x0000000085100000| PB 0x0000000085100000| Untracked 
|  82|0x0000000085200000, 0x0000000085200000, 0x0000000085300000|  0%| F|  |TAMS 0x0000000085200000| PB 0x0000000085200000| Untracked 
|  83|0x0000000085300000, 0x0000000085300000, 0x0000000085400000|  0%| F|  |TAMS 0x0000000085300000| PB 0x0000000085300000| Untracked 
|  84|0x0000000085400000, 0x0000000085400000, 0x0000000085500000|  0%| F|  |TAMS 0x0000000085400000| PB 0x0000000085400000| Untracked 
|  85|0x0000000085500000, 0x0000000085600000, 0x0000000085600000|100%|HS|  |TAMS 0x0000000085600000| PB 0x0000000085500000| Complete 
|  86|0x0000000085600000, 0x0000000085700000, 0x0000000085700000|100%|HC|  |TAMS 0x0000000085700000| PB 0x0000000085600000| Complete 
|  87|0x0000000085700000, 0x0000000085800000, 0x0000000085800000|100%|HC|  |TAMS 0x0000000085800000| PB 0x0000000085700000| Complete 
|  88|0x0000000085800000, 0x0000000085800000, 0x0000000085900000|  0%| F|  |TAMS 0x0000000085800000| PB 0x0000000085800000| Untracked 
|  89|0x0000000085900000, 0x0000000085900000, 0x0000000085a00000|  0%| F|  |TAMS 0x0000000085900000| PB 0x0000000085900000| Untracked 
|  90|0x0000000085a00000, 0x0000000085a00000, 0x0000000085b00000|  0%| F|  |TAMS 0x0000000085a00000| PB 0x0000000085a00000| Untracked 
|  91|0x0000000085b00000, 0x0000000085b00000, 0x0000000085c00000|  0%| F|  |TAMS 0x0000000085b00000| PB 0x0000000085b00000| Untracked 
|  92|0x0000000085c00000, 0x0000000085c00000, 0x0000000085d00000|  0%| F|  |TAMS 0x0000000085c00000| PB 0x0000000085c00000| Untracked 
|  93|0x0000000085d00000, 0x0000000085d00000, 0x0000000085e00000|  0%| F|  |TAMS 0x0000000085d00000| PB 0x0000000085d00000| Untracked 
|  94|0x0000000085e00000, 0x0000000085e00000, 0x0000000085f00000|  0%| F|  |TAMS 0x0000000085e00000| PB 0x0000000085e00000| Untracked 
|  95|0x0000000085f00000, 0x0000000085f00000, 0x0000000086000000|  0%| F|  |TAMS 0x0000000085f00000| PB 0x0000000085f00000| Untracked 
|  96|0x0000000086000000, 0x0000000086000000, 0x0000000086100000|  0%| F|  |TAMS 0x0000000086000000| PB 0x0000000086000000| Untracked 
|  97|0x0000000086100000, 0x0000000086100000, 0x0000000086200000|  0%| F|  |TAMS 0x0000000086100000| PB 0x0000000086100000| Untracked 
|  98|0x0000000086200000, 0x0000000086200000, 0x0000000086300000|  0%| F|  |TAMS 0x0000000086200000| PB 0x0000000086200000| Untracked 
|  99|0x0000000086300000, 0x0000000086300000, 0x0000000086400000|  0%| F|  |TAMS 0x0000000086300000| PB 0x0000000086300000| Untracked 
| 100|0x0000000086400000, 0x0000000086400000, 0x0000000086500000|  0%| F|  |TAMS 0x0000000086400000| PB 0x0000000086400000| Untracked 
| 101|0x0000000086500000, 0x0000000086560c90, 0x0000000086600000| 37%| E|  |TAMS 0x0000000086500000| PB 0x0000000086500000| Complete 
|2046|0x00000000ffe00000, 0x00000000fff00000, 0x00000000fff00000|100%| O|  |TAMS 0x00000000fff00000| PB 0x00000000fff00000| Untracked 
|2047|0x00000000fff00000, 0x0000000100000000, 0x0000000100000000|100%| O|  |TAMS 0x0000000100000000| PB 0x0000000100000000| Untracked 

Card table byte_map: [0x00000128a8880000,0x00000128a8c80000] _byte_map_base: 0x00000128a8480000

Marking Bits: (CMBitMap*) 0x0000012896782d00
 Bits: [0x00000128a8c80000, 0x00000128aac80000)

Polling page: 0x00000128945c0000

Metaspace:

Usage:
  Non-class:     67.58 MB used.
      Class:     10.38 MB used.
       Both:     77.96 MB used.

Virtual space:
  Non-class space:      128.00 MB reserved,      68.44 MB ( 53%) committed,  2 nodes.
      Class space:        1.00 GB reserved,      11.25 MB (  1%) committed,  1 nodes.
             Both:        1.12 GB reserved,      79.69 MB (  7%) committed. 

Chunk freelists:
   Non-Class:  11.55 MB
       Class:  4.73 MB
        Both:  16.28 MB

MaxMetaspaceSize: unlimited
CompressedClassSpaceSize: 1.00 GB
Initial GC threshold: 21.00 MB
Current GC threshold: 123.75 MB
CDS: off
 - commit_granule_bytes: 65536.
 - commit_granule_words: 8192.
 - virtual_space_node_default_size: 8388608.
 - enlarge_chunks_in_place: 1.
 - use_allocation_guard: 0.


Internal statistics:

num_allocs_failed_limit: 9.
num_arena_births: 3184.
num_arena_deaths: 0.
num_vsnodes_births: 3.
num_vsnodes_deaths: 0.
num_space_committed: 1275.
num_space_uncommitted: 0.
num_chunks_returned_to_freelist: 9.
num_chunks_taken_from_freelist: 6258.
num_chunk_merges: 9.
num_chunk_splits: 4098.
num_chunks_enlarged: 2577.
num_inconsistent_stats: 0.

CodeHeap 'non-profiled nmethods': size=120064Kb used=4327Kb max_used=4374Kb free=115736Kb
 bounds [0x00000128a1340000, 0x00000128a1790000, 0x00000128a8880000]
CodeHeap 'profiled nmethods': size=120000Kb used=13439Kb max_used=13692Kb free=106561Kb
 bounds [0x0000012899880000, 0x000001289a5f0000, 0x00000128a0db0000]
CodeHeap 'non-nmethods': size=5696Kb used=2074Kb max_used=2100Kb free=3621Kb
 bounds [0x00000128a0db0000, 0x00000128a1020000, 0x00000128a1340000]
 total_blobs=8373 nmethods=7552 adapters=725
 compilation: enabled
              stopped_count=0, restarted_count=0
 full_count=0

Compilation events (20 events):
Event: 136.681 Thread 0x00000128ad252f10 9078       3       org.gradle.cache.internal.DefaultCrossBuildInMemoryCacheFactory$DefaultClassMap::maybeGetRetainedValue (9 bytes)
Event: 136.682 Thread 0x00000128ad252f10 nmethod 9078 0x0000012899a97d10 code [0x0000012899a97ee0, 0x0000012899a98248]
Event: 136.682 Thread 0x00000128ad250470 9079       4       java.util.LinkedHashMap::values (5 bytes)
Event: 136.685 Thread 0x00000128ad250470 nmethod 9079 0x00000128a1784690 code [0x00000128a1784820, 0x00000128a1784a28]
Event: 136.685 Thread 0x00000128ad252f10 9080       1       org.gradle.model.internal.asm.AsmClassGenerator::getVisitor (5 bytes)
Event: 136.685 Thread 0x00000128ad252f10 nmethod 9080 0x00000128a1784b10 code [0x00000128a1784ca0, 0x00000128a1784d68]
Event: 136.691 Thread 0x00000128ad252f10 9081       3       java.lang.invoke.MethodHandles$Lookup$ClassFile::readUnsignedShort (39 bytes)
Event: 136.692 Thread 0x00000128ad252f10 nmethod 9081 0x0000012899a97790 code [0x0000012899a97940, 0x0000012899a97b98]
Event: 136.693 Thread 0x00000128ad252f10 9082       1       jdk.internal.org.objectweb.asm.ClassReader::getMaxStringLength (5 bytes)
Event: 136.694 Thread 0x00000128ad252f10 nmethod 9082 0x00000128a1784e10 code [0x00000128a1784fa0, 0x00000128a1785068]
Event: 136.695 Thread 0x00000128ad252f10 9083       3       org.gradle.cache.internal.DefaultCrossBuildInMemoryCacheFactory$DefaultClassMap::retainValue (10 bytes)
Event: 136.696 Thread 0x00000128ad252f10 nmethod 9083 0x000001289a5e4a90 code [0x000001289a5e4c60, 0x000001289a5e4fd0]
Event: 137.259 Thread 0x00000128ad252f10 9084       3       org.objectweb.asm.SymbolTable::getType (7 bytes)
Event: 137.259 Thread 0x00000128ad252f10 nmethod 9084 0x0000012899a97210 code [0x0000012899a973c0, 0x0000012899a974f8]
Event: 137.562 Thread 0x00000128ad250470 9085       4       java.lang.invoke.MemberName::flagsMods (45 bytes)
Event: 137.563 Thread 0x00000128ad250470 nmethod 9085 0x00000128a1785110 code [0x00000128a1785280, 0x00000128a17852f8]
Event: 137.631 Thread 0x00000128ad250470 9086       4       java.util.concurrent.locks.ReentrantLock$NonfairSync::tryAcquire (27 bytes)
Event: 137.634 Thread 0x00000128ad250470 nmethod 9086 0x00000128a1785410 code [0x00000128a17855a0, 0x00000128a1785720]
Event: 137.725 Thread 0x00000128ad252f10 9087       3       kotlin.jvm.internal.Intrinsics::checkNotNull (9 bytes)
Event: 137.726 Thread 0x00000128ad252f10 nmethod 9087 0x000001289a5e5110 code [0x000001289a5e5320, 0x000001289a5e57d0]

GC Heap History (20 events):
Event: 107.271 GC heap before
{Heap before GC invocations=26 (full 0):
 garbage-first heap   total 76800K, used 68047K [0x0000000080000000, 0x0000000100000000)
  region size 1024K, 20 young (20480K), 3 survivors (3072K)
 Metaspace       used 73551K, committed 75200K, reserved 1114112K
  class space    used 9891K, committed 10752K, reserved 1048576K
}
Event: 107.303 GC heap after
{Heap after GC invocations=27 (full 0):
 garbage-first heap   total 76800K, used 51594K [0x0000000080000000, 0x0000000100000000)
  region size 1024K, 3 young (3072K), 3 survivors (3072K)
 Metaspace       used 73551K, committed 75200K, reserved 1114112K
  class space    used 9891K, committed 10752K, reserved 1048576K
}
Event: 114.894 GC heap before
{Heap before GC invocations=28 (full 0):
 garbage-first heap   total 87040K, used 67978K [0x0000000080000000, 0x0000000100000000)
  region size 1024K, 19 young (19456K), 3 survivors (3072K)
 Metaspace       used 73643K, committed 75328K, reserved 1114112K
  class space    used 9891K, committed 10752K, reserved 1048576K
}
Event: 114.915 GC heap after
{Heap after GC invocations=29 (full 0):
 garbage-first heap   total 87040K, used 51933K [0x0000000080000000, 0x0000000100000000)
  region size 1024K, 3 young (3072K), 3 survivors (3072K)
 Metaspace       used 73643K, committed 75328K, reserved 1114112K
  class space    used 9891K, committed 10752K, reserved 1048576K
}
Event: 119.367 GC heap before
{Heap before GC invocations=29 (full 0):
 garbage-first heap   total 87040K, used 75485K [0x0000000080000000, 0x0000000100000000)
  region size 1024K, 27 young (27648K), 3 survivors (3072K)
 Metaspace       used 73703K, committed 75392K, reserved 1114112K
  class space    used 9891K, committed 10752K, reserved 1048576K
}
Event: 119.388 GC heap after
{Heap after GC invocations=30 (full 0):
 garbage-first heap   total 87040K, used 51313K [0x0000000080000000, 0x0000000100000000)
  region size 1024K, 3 young (3072K), 3 survivors (3072K)
 Metaspace       used 73703K, committed 75392K, reserved 1114112K
  class space    used 9891K, committed 10752K, reserved 1048576K
}
Event: 126.266 GC heap before
{Heap before GC invocations=30 (full 0):
 garbage-first heap   total 87040K, used 75889K [0x0000000080000000, 0x0000000100000000)
  region size 1024K, 28 young (28672K), 3 survivors (3072K)
 Metaspace       used 73720K, committed 75392K, reserved 1114112K
  class space    used 9891K, committed 10752K, reserved 1048576K
}
Event: 126.278 GC heap after
{Heap after GC invocations=31 (full 0):
 garbage-first heap   total 87040K, used 51797K [0x0000000080000000, 0x0000000100000000)
  region size 1024K, 3 young (3072K), 3 survivors (3072K)
 Metaspace       used 73720K, committed 75392K, reserved 1114112K
  class space    used 9891K, committed 10752K, reserved 1048576K
}
Event: 128.364 GC heap before
{Heap before GC invocations=32 (full 0):
 garbage-first heap   total 87040K, used 77397K [0x0000000080000000, 0x0000000100000000)
  region size 1024K, 29 young (29696K), 3 survivors (3072K)
 Metaspace       used 73725K, committed 75392K, reserved 1114112K
  class space    used 9892K, committed 10752K, reserved 1048576K
}
Event: 128.378 GC heap after
{Heap after GC invocations=33 (full 0):
 garbage-first heap   total 87040K, used 52657K [0x0000000080000000, 0x0000000100000000)
  region size 1024K, 3 young (3072K), 3 survivors (3072K)
 Metaspace       used 73725K, committed 75392K, reserved 1114112K
  class space    used 9892K, committed 10752K, reserved 1048576K
}
Event: 131.017 GC heap before
{Heap before GC invocations=33 (full 0):
 garbage-first heap   total 90112K, used 85425K [0x0000000080000000, 0x0000000100000000)
  region size 1024K, 28 young (28672K), 3 survivors (3072K)
 Metaspace       used 74304K, committed 75968K, reserved 1114112K
  class space    used 9989K, committed 10816K, reserved 1048576K
}
Event: 131.036 GC heap after
{Heap after GC invocations=34 (full 0):
 garbage-first heap   total 93184K, used 62092K [0x0000000080000000, 0x0000000100000000)
  region size 1024K, 4 young (4096K), 4 survivors (4096K)
 Metaspace       used 74304K, committed 75968K, reserved 1114112K
  class space    used 9989K, committed 10816K, reserved 1048576K
}
Event: 131.089 GC heap before
{Heap before GC invocations=34 (full 0):
 garbage-first heap   total 93184K, used 62092K [0x0000000080000000, 0x0000000100000000)
  region size 1024K, 5 young (5120K), 4 survivors (4096K)
 Metaspace       used 74377K, committed 76032K, reserved 1114112K
  class space    used 10002K, committed 10816K, reserved 1048576K
}
Event: 131.099 GC heap after
{Heap after GC invocations=35 (full 0):
 garbage-first heap   total 93184K, used 62912K [0x0000000080000000, 0x0000000100000000)
  region size 1024K, 1 young (1024K), 1 survivors (1024K)
 Metaspace       used 74377K, committed 76032K, reserved 1114112K
  class space    used 10002K, committed 10816K, reserved 1048576K
}
Event: 132.952 GC heap before
{Heap before GC invocations=36 (full 0):
 garbage-first heap   total 106496K, used 88512K [0x0000000080000000, 0x0000000100000000)
  region size 1024K, 22 young (22528K), 1 survivors (1024K)
 Metaspace       used 75527K, committed 77184K, reserved 1179648K
  class space    used 10134K, committed 10944K, reserved 1048576K
}
Event: 132.968 GC heap after
{Heap after GC invocations=37 (full 0):
 garbage-first heap   total 106496K, used 72368K [0x0000000080000000, 0x0000000100000000)
  region size 1024K, 3 young (3072K), 3 survivors (3072K)
 Metaspace       used 75527K, committed 77184K, reserved 1179648K
  class space    used 10134K, committed 10944K, reserved 1048576K
}
Event: 135.143 GC heap before
{Heap before GC invocations=37 (full 0):
 garbage-first heap   total 106496K, used 92848K [0x0000000080000000, 0x0000000100000000)
  region size 1024K, 24 young (24576K), 3 survivors (3072K)
 Metaspace       used 77366K, committed 79040K, reserved 1179648K
  class space    used 10374K, committed 11200K, reserved 1048576K
}
Event: 135.174 GC heap after
{Heap after GC invocations=38 (full 0):
 garbage-first heap   total 106496K, used 72213K [0x0000000080000000, 0x0000000100000000)
  region size 1024K, 1 young (1024K), 1 survivors (1024K)
 Metaspace       used 77366K, committed 79040K, reserved 1179648K
  class space    used 10374K, committed 11200K, reserved 1048576K
}
Event: 137.769 GC heap before
{Heap before GC invocations=38 (full 0):
 garbage-first heap   total 106496K, used 94741K [0x0000000080000000, 0x0000000100000000)
  region size 1024K, 24 young (24576K), 1 survivors (1024K)
 Metaspace       used 79782K, committed 81536K, reserved 1179648K
  class space    used 10627K, committed 11520K, reserved 1048576K
}
Event: 137.779 GC heap after
{Heap after GC invocations=39 (full 0):
 garbage-first heap   total 106496K, used 72806K [0x0000000080000000, 0x0000000100000000)
  region size 1024K, 2 young (2048K), 2 survivors (2048K)
 Metaspace       used 79782K, committed 81536K, reserved 1179648K
  class space    used 10627K, committed 11520K, reserved 1048576K
}

Dll operation events (3 events):
Event: 0.084 Loaded shared library C:\Program Files\Android\Android Studio2\jbr\bin\java.dll
Event: 0.129 Loaded shared library C:\Program Files\Android\Android Studio2\jbr\bin\zip.dll
Event: 3.376 Loaded shared library C:\Program Files\Android\Android Studio2\jbr\bin\verify.dll

Deoptimization events (20 events):
Event: 133.691 Thread 0x00000128ad6cc520 Uncommon trap: trap_request=0xffffffc6 fr.pc=0x00000128a13f8538 relative=0x0000000000000358
Event: 133.691 Thread 0x00000128ad6cc520 Uncommon trap: reason=bimorphic_or_optimized_type_check action=maybe_recompile pc=0x00000128a13f8538 method=com.google.common.cache.LocalCache$Segment.getEntry(Ljava/lang/Object;I)Lcom/google/common/cache/ReferenceEntry; @ 11 c2
Event: 133.691 Thread 0x00000128ad6cc520 DEOPT PACKING pc=0x00000128a13f8538 sp=0x00000026312f7240
Event: 133.691 Thread 0x00000128ad6cc520 DEOPT UNPACKING pc=0x00000128a0e0469c sp=0x00000026312f71d8 mode 2
Event: 134.616 Thread 0x00000128ad6cc520 Uncommon trap: trap_request=0xffffff45 fr.pc=0x00000128a1468be0 relative=0x0000000000001ee0
Event: 134.616 Thread 0x00000128ad6cc520 Uncommon trap: reason=unstable_if action=reinterpret pc=0x00000128a1468be0 method=java.util.zip.InflaterInputStream.read([BII)I @ 94 c2
Event: 134.616 Thread 0x00000128ad6cc520 DEOPT PACKING pc=0x00000128a1468be0 sp=0x00000026312f54b0
Event: 134.616 Thread 0x00000128ad6cc520 DEOPT UNPACKING pc=0x00000128a0e0469c sp=0x00000026312f5500 mode 2
Event: 135.765 Thread 0x00000128ad6cc520 Uncommon trap: trap_request=0xffffffde fr.pc=0x00000128a1612b20 relative=0x0000000000007400
Event: 135.765 Thread 0x00000128ad6cc520 Uncommon trap: reason=class_check action=maybe_recompile pc=0x00000128a1612b20 method=java.util.jar.JarFile.getManifestFromReference()Ljava/util/jar/Manifest; @ 152 c2
Event: 135.766 Thread 0x00000128ad6cc520 DEOPT PACKING pc=0x00000128a1612b20 sp=0x00000026312f6ca0
Event: 135.766 Thread 0x00000128ad6cc520 DEOPT UNPACKING pc=0x00000128a0e0469c sp=0x00000026312f6950 mode 2
Event: 136.652 Thread 0x00000128ad6cc520 Uncommon trap: trap_request=0xffffffc6 fr.pc=0x00000128a1493800 relative=0x0000000000003600
Event: 136.652 Thread 0x00000128ad6cc520 Uncommon trap: reason=bimorphic_or_optimized_type_check action=maybe_recompile pc=0x00000128a1493800 method=com.google.common.collect.ImmutableSet.copyOf(Ljava/util/Collection;)Lcom/google/common/collect/ImmutableSet; @ 47 c2
Event: 136.652 Thread 0x00000128ad6cc520 DEOPT PACKING pc=0x00000128a1493800 sp=0x00000026312f7d60
Event: 136.652 Thread 0x00000128ad6cc520 DEOPT UNPACKING pc=0x00000128a0e0469c sp=0x00000026312f7d78 mode 2
Event: 137.259 Thread 0x00000128ad6cc520 Uncommon trap: trap_request=0xffffff45 fr.pc=0x00000128a176f3d8 relative=0x0000000000000138
Event: 137.259 Thread 0x00000128ad6cc520 Uncommon trap: reason=unstable_if action=reinterpret pc=0x00000128a176f3d8 method=org.objectweb.asm.ByteVector.putInt(I)Lorg/objectweb/asm/ByteVector; @ 13 c2
Event: 137.259 Thread 0x00000128ad6cc520 DEOPT PACKING pc=0x00000128a176f3d8 sp=0x00000026312f6ec0
Event: 137.259 Thread 0x00000128ad6cc520 DEOPT UNPACKING pc=0x00000128a0e0469c sp=0x00000026312f6e48 mode 2

Classes loaded (20 events):
Event: 134.666 Loading class java/io/StringReader
Event: 134.666 Loading class java/io/StringReader done
Event: 134.915 Loading class java/util/concurrent/atomic/AtomicIntegerArray
Event: 134.916 Loading class java/util/concurrent/atomic/AtomicIntegerArray done
Event: 134.923 Loading class java/util/Currency
Event: 134.926 Loading class java/util/Currency done
Event: 135.123 Loading class java/util/concurrent/atomic/AtomicLongArray
Event: 135.123 Loading class java/util/concurrent/atomic/AtomicLongArray done
Event: 135.612 Loading class java/util/Comparators$NullComparator
Event: 135.612 Loading class java/util/Comparators$NullComparator done
Event: 135.840 Loading class sun/text/resources/cldr/FormatData_en_US
Event: 135.840 Loading class sun/text/resources/cldr/FormatData_en_US done
Event: 137.742 Loading class java/util/stream/ReduceOps$2
Event: 137.742 Loading class java/util/stream/ReduceOps$2 done
Event: 137.742 Loading class java/util/stream/ReduceOps$2ReducingSink
Event: 137.742 Loading class java/util/stream/ReduceOps$2ReducingSink done
Event: 137.743 Loading class java/lang/management/ClassLoadingMXBean
Event: 137.743 Loading class java/lang/management/ClassLoadingMXBean done
Event: 137.743 Loading class sun/management/ClassLoadingImpl
Event: 137.743 Loading class sun/management/ClassLoadingImpl done

Classes unloaded (0 events):
No events

Classes redefined (0 events):
No events

Internal exceptions (20 events):
Event: 129.338 Thread 0x00000128b2250440 Exception <a 'java/lang/NoSuchMethodError'{0x000000008466fb80}: static Lorg/gradle/internal/build/event/types/DefaultOperationFinishedProgressEvent;.<clinit>()V> (0x000000008466fb80) 
thrown [s\src\hotspot\share\prims\jni.cpp, line 1139]
Event: 129.343 Thread 0x00000128b2250440 Exception <a 'java/lang/NoSuchMethodError'{0x000000008469b3d0}: static Lorg/gradle/internal/build/event/types/DefaultProjectConfigurationSuccessResult;.<clinit>()V> (0x000000008469b3d0) 
thrown [s\src\hotspot\share\prims\jni.cpp, line 1139]
Event: 129.343 Thread 0x00000128b2250440 Exception <a 'java/lang/NoSuchMethodError'{0x000000008469c930}: static Lorg/gradle/internal/build/event/types/AbstractProjectConfigurationResult;.<clinit>()V> (0x000000008469c930) 
thrown [s\src\hotspot\share\prims\jni.cpp, line 1139]
Event: 129.343 Thread 0x00000128b2250440 Exception <a 'java/lang/NoSuchMethodError'{0x000000008469e130}: static Lorg/gradle/internal/build/event/types/AbstractOperationResult;.<clinit>()V> (0x000000008469e130) 
thrown [s\src\hotspot\share\prims\jni.cpp, line 1139]
Event: 129.344 Thread 0x00000128b2250440 Exception <a 'java/lang/NoSuchMethodError'{0x000000008469f580}: static Lorg/gradle/internal/build/event/types/AbstractResult;.<clinit>()V> (0x000000008469f580) 
thrown [s\src\hotspot\share\prims\jni.cpp, line 1139]
Event: 129.346 Thread 0x00000128b2250440 Exception <a 'java/lang/NoSuchMethodError'{0x00000000846b90a8}: static Lorg/gradle/internal/build/event/types/DefaultPluginApplicationResult;.<clinit>()V> (0x00000000846b90a8) 
thrown [s\src\hotspot\share\prims\jni.cpp, line 1139]
Event: 129.347 Thread 0x00000128b2250440 Exception <a 'java/lang/NoSuchMethodError'{0x00000000846c5ef0}: static Lorg/gradle/internal/build/event/types/DefaultBinaryPluginIdentifier;.<clinit>()V> (0x00000000846c5ef0) 
thrown [s\src\hotspot\share\prims\jni.cpp, line 1139]
Event: 129.351 Thread 0x00000128b2250440 Exception <a 'java/lang/NoSuchMethodError'{0x00000000846e0280}: static Lorg/gradle/internal/build/event/types/DefaultScriptPluginIdentifier;.<clinit>()V> (0x00000000846e0280) 
thrown [s\src\hotspot\share\prims\jni.cpp, line 1139]
Event: 129.930 Thread 0x00000128ad6cc520 Implicit null exception at 0x00000128a16e1add to 0x00000128a16e1f88
Event: 129.931 Thread 0x00000128ad6cc520 Implicit null exception at 0x00000128a16e27df to 0x00000128a16e2c70
Event: 130.876 Thread 0x00000128ad6cc520 Exception <a 'java/lang/NoSuchMethodError'{0x0000000083eefb78}: 'void java.lang.invoke.Invokers$Holder.invoke_MT(java.lang.Object, java.lang.Object, java.lang.Object, java.lang.Object)'> (0x0000000083eefb78) 
thrown [s\src\hotspot\share\interpreter\linkResolver.cpp, line 784]
Event: 130.905 Thread 0x00000128ad6cc520 Exception <a 'java/lang/NoSuchMethodError'{0x0000000083d5c790}: 'java.lang.Object java.lang.invoke.DirectMethodHandle$Holder.invokeStaticInit(java.lang.Object, java.lang.Object, java.lang.Object, java.lang.Object, java.lang.Object, java.lang.Object, java.lang.Object)'> (0x0000000083d5c790) 
thrown [s\src\hotspot\share\interpreter\linkResolver.cpp, line 784]
Event: 130.917 Thread 0x00000128ad6cc520 Exception <a 'java/lang/NoSuchMethodError'{0x0000000083d82560}: 'java.lang.Object java.lang.invoke.DirectMethodHandle$Holder.invokeSpecial(java.lang.Object, java.lang.Object, java.lang.Object, int, java.lang.Object, java.lang.Object)'> (0x0000000083d82560) 
thrown [s\src\hotspot\share\interpreter\linkResolver.cpp, line 784]
Event: 132.205 Thread 0x00000128ad6cc520 Exception <a 'java/lang/ClassNotFoundException'{0x000000008602e5c8}: sun/misc/SharedSecrets> (0x000000008602e5c8) 
thrown [s\src\hotspot\share\classfile\systemDictionary.cpp, line 312]
Event: 132.205 Thread 0x00000128ad6cc520 Exception <a 'java/lang/ClassNotFoundException'{0x000000008602fbe0}: org/gradle/api/internal/plugins/DefaultObjectConfigurationActionBeanInfo> (0x000000008602fbe0) 
thrown [s\src\hotspot\share\classfile\systemDictionary.cpp, line 312]
Event: 132.209 Thread 0x00000128ad6cc520 Exception <a 'java/lang/ClassNotFoundException'{0x0000000086043db8}: org/gradle/api/internal/plugins/DefaultObjectConfigurationActionCustomizer> (0x0000000086043db8) 
thrown [s\src\hotspot\share\classfile\systemDictionary.cpp, line 312]
Event: 132.216 Thread 0x00000128ad6cc520 Implicit null exception at 0x00000128a14971f2 to 0x00000128a1497470
Event: 132.217 Thread 0x00000128ad6cc520 Exception <a 'java/lang/NoSuchMethodError'{0x0000000086051330}: 'int java.lang.invoke.DirectMethodHandle$Holder.invokeSpecial(java.lang.Object, java.lang.Object, java.lang.Object, int)'> (0x0000000086051330) 
thrown [s\src\hotspot\share\interpreter\linkResolver.cpp, line 784]
Event: 132.224 Thread 0x00000128ad6cc520 Exception <a 'java/lang/NoSuchMethodError'{0x0000000086062ca0}: 'java.lang.Object java.lang.invoke.DirectMethodHandle$Holder.invokeStatic(java.lang.Object, java.lang.Object, java.lang.Object, java.lang.Object, int)'> (0x0000000086062ca0) 
thrown [s\src\hotspot\share\interpreter\linkResolver.cpp, line 784]
Event: 135.609 Thread 0x00000128ad6cc520 Exception <a 'java/lang/NoSuchMethodError'{0x000000008626c278}: 'int java.lang.invoke.DirectMethodHandle$Holder.invokeSpecialIFC(java.lang.Object, java.lang.Object, java.lang.Object, java.lang.Object, java.lang.Object)'> (0x000000008626c278) 
thrown [s\src\hotspot\share\interpreter\linkResolver.cpp, line 784]

ZGC Phase Switch (0 events):
No events

VM Operations (20 events):
Event: 131.352 Executing VM operation: HandshakeAllThreads (Deoptimize) done
Event: 131.379 Executing VM operation: G1PauseCleanup
Event: 131.380 Executing VM operation: G1PauseCleanup done
Event: 132.384 Executing VM operation: Cleanup
Event: 132.385 Executing VM operation: Cleanup done
Event: 132.951 Executing VM operation: G1CollectForAllocation (G1 Evacuation Pause)
Event: 132.968 Executing VM operation: G1CollectForAllocation (G1 Evacuation Pause) done
Event: 133.969 Executing VM operation: Cleanup
Event: 133.969 Executing VM operation: Cleanup done
Event: 135.005 Executing VM operation: Cleanup
Event: 135.115 Executing VM operation: Cleanup done
Event: 135.143 Executing VM operation: G1CollectForAllocation (G1 Evacuation Pause)
Event: 135.174 Executing VM operation: G1CollectForAllocation (G1 Evacuation Pause) done
Event: 136.194 Executing VM operation: Cleanup
Event: 136.195 Executing VM operation: Cleanup done
Event: 137.206 Executing VM operation: Cleanup
Event: 137.206 Executing VM operation: Cleanup done
Event: 137.769 Executing VM operation: G1CollectForAllocation (G1 Evacuation Pause)
Event: 137.779 Executing VM operation: G1CollectForAllocation (G1 Evacuation Pause) done
Event: 137.982 Executing VM operation: G1PauseRemark

Memory protections (0 events):
No events

Nmethod flushes (20 events):
Event: 138.023 Thread 0x00000128ad022ec0 flushing  nmethod 0x000001289a414e90
Event: 138.023 Thread 0x00000128ad022ec0 flushing  nmethod 0x000001289a425d10
Event: 138.023 Thread 0x00000128ad022ec0 flushing  nmethod 0x000001289a42dc10
Event: 138.023 Thread 0x00000128ad022ec0 flushing  nmethod 0x000001289a42e390
Event: 138.023 Thread 0x00000128ad022ec0 flushing  nmethod 0x000001289a433d10
Event: 138.023 Thread 0x00000128ad022ec0 flushing  nmethod 0x000001289a445690
Event: 138.023 Thread 0x00000128ad022ec0 flushing  nmethod 0x000001289a455b90
Event: 138.023 Thread 0x00000128ad022ec0 flushing  nmethod 0x000001289a4b2990
Event: 138.023 Thread 0x00000128ad022ec0 flushing  nmethod 0x000001289a4b4e90
Event: 138.023 Thread 0x00000128ad022ec0 flushing  nmethod 0x000001289a4b5b90
Event: 138.023 Thread 0x00000128ad022ec0 flushing  nmethod 0x000001289a4b5f90
Event: 138.023 Thread 0x00000128ad022ec0 flushing  nmethod 0x000001289a511c10
Event: 138.023 Thread 0x00000128ad022ec0 flushing  nmethod 0x000001289a512590
Event: 138.023 Thread 0x00000128ad022ec0 flushing  nmethod 0x000001289a546090
Event: 138.023 Thread 0x00000128ad022ec0 flushing  nmethod 0x000001289a579210
Event: 138.023 Thread 0x00000128ad022ec0 flushing  nmethod 0x000001289a581090
Event: 138.023 Thread 0x00000128ad022ec0 flushing  nmethod 0x000001289a581390
Event: 138.023 Thread 0x00000128ad022ec0 flushing  nmethod 0x000001289a5abc90
Event: 138.023 Thread 0x00000128ad022ec0 flushing  nmethod 0x000001289a5b0390
Event: 138.023 Thread 0x00000128ad022ec0 flushing  nmethod 0x000001289a5b1310

Events (20 events):
Event: 15.090 Thread 0x00000128ad6c90a0 Thread added: 0x00000128ad6cbe90
Event: 15.675 Thread 0x00000128ad6c90a0 Thread added: 0x00000128ad6cc520
Event: 15.821 Thread 0x00000128ad6cc520 Thread added: 0x00000128ad6c9dc0
Event: 16.314 Thread 0x00000128ad6cc520 Thread added: 0x00000128ad6ca450
Event: 16.319 Thread 0x00000128ad6cc520 Thread added: 0x00000128b2250440
Event: 22.898 Thread 0x00000128ad6cc520 Thread added: 0x00000128b2252ba0
Event: 22.929 Thread 0x00000128ad6cc520 Thread added: 0x00000128b2255990
Event: 23.117 Thread 0x00000128ad6cc520 Thread added: 0x00000128b2253230
Event: 31.479 Thread 0x00000128ad6cc520 Thread added: 0x00000128b224f090
Event: 35.014 Thread 0x00000128ad6cc520 Thread added: 0x00000128b22538c0
Event: 35.102 Thread 0x00000128ad6cc520 Thread added: 0x00000128b2254c70
Event: 36.387 Thread 0x00000128ad6cc520 Thread added: 0x00000128b2250ad0
Event: 36.514 Thread 0x00000128ad6cc520 Thread added: 0x00000128b224f720
Event: 38.685 Thread 0x00000128ad6cc520 Thread added: 0x00000128b2251160
Event: 39.703 Thread 0x00000128ad6cc520 Thread added: 0x00000128b22545e0
Event: 40.751 Thread 0x00000128ad6cc520 Thread added: 0x00000128b2255300
Event: 89.478 Thread 0x00000128ad6cc520 Thread added: 0x00000128b22566b0
Event: 92.211 Thread 0x00000128ad6cc520 Thread added: 0x00000128b224fdb0
Event: 103.057 Thread 0x00000128ad6cc520 Thread added: 0x00000128b22517f0
Event: 136.652 Thread 0x00000128ad6cc520 Thread added: 0x00000128b2253f50


Dynamic libraries:
0x00007ff739930000 - 0x00007ff73993a000 	C:\Program Files\Android\Android Studio2\jbr\bin\java.exe
0x00007ffca9830000 - 0x00007ffca9a47000 	C:\WINDOWS\SYSTEM32\ntdll.dll
0x00007ffca8e50000 - 0x00007ffca8f14000 	C:\WINDOWS\System32\KERNEL32.DLL
0x00007ffca6d70000 - 0x00007ffca7142000 	C:\WINDOWS\System32\KERNELBASE.dll
0x00007ffca7150000 - 0x00007ffca7261000 	C:\WINDOWS\System32\ucrtbase.dll
0x00007ffc9c8e0000 - 0x00007ffc9c8f8000 	C:\Program Files\Android\Android Studio2\jbr\bin\jli.dll
0x00007ffc9fb30000 - 0x00007ffc9fb4b000 	C:\Program Files\Android\Android Studio2\jbr\bin\VCRUNTIME140.dll
0x00007ffca8f20000 - 0x00007ffca90d1000 	C:\WINDOWS\System32\USER32.dll
0x00007ffca6d40000 - 0x00007ffca6d66000 	C:\WINDOWS\System32\win32u.dll
0x00007ffca9150000 - 0x00007ffca9179000 	C:\WINDOWS\System32\GDI32.dll
0x00007ffca7390000 - 0x00007ffca74b3000 	C:\WINDOWS\System32\gdi32full.dll
0x00007ffca72f0000 - 0x00007ffca738a000 	C:\WINDOWS\System32\msvcp_win.dll
0x00007ffc939c0000 - 0x00007ffc93c5b000 	C:\WINDOWS\WinSxS\amd64_microsoft.windows.common-controls_6595b64144ccf1df_6.0.22621.5415_none_270d77d17387d7da\COMCTL32.dll
0x00007ffca8da0000 - 0x00007ffca8e47000 	C:\WINDOWS\System32\msvcrt.dll
0x00007ffca90e0000 - 0x00007ffca9111000 	C:\WINDOWS\System32\IMM32.DLL
0x00007ffca1600000 - 0x00007ffca160c000 	C:\Program Files\Android\Android Studio2\jbr\bin\vcruntime140_1.dll
0x00007ffc801e0000 - 0x00007ffc8026d000 	C:\Program Files\Android\Android Studio2\jbr\bin\msvcp140.dll
0x00007ffc1d5c0000 - 0x00007ffc1e24b000 	C:\Program Files\Android\Android Studio2\jbr\bin\server\jvm.dll
0x00007ffca7ba0000 - 0x00007ffca7c51000 	C:\WINDOWS\System32\ADVAPI32.dll
0x00007ffca8cf0000 - 0x00007ffca8d98000 	C:\WINDOWS\System32\sechost.dll
0x00007ffca6a60000 - 0x00007ffca6a88000 	C:\WINDOWS\System32\bcrypt.dll
0x00007ffca9540000 - 0x00007ffca9654000 	C:\WINDOWS\System32\RPCRT4.dll
0x00007ffca8c70000 - 0x00007ffca8ce1000 	C:\WINDOWS\System32\WS2_32.dll
0x00007ffca67f0000 - 0x00007ffca683d000 	C:\WINDOWS\SYSTEM32\POWRPROF.dll
0x00007ffc9ed30000 - 0x00007ffc9ed64000 	C:\WINDOWS\SYSTEM32\WINMM.dll
0x00007ffc9d630000 - 0x00007ffc9d63a000 	C:\WINDOWS\SYSTEM32\VERSION.dll
0x00007ffca67d0000 - 0x00007ffca67e3000 	C:\WINDOWS\SYSTEM32\UMPDC.dll
0x00007ffca5950000 - 0x00007ffca5968000 	C:\WINDOWS\SYSTEM32\kernel.appcore.dll
0x00007ffca16e0000 - 0x00007ffca16ea000 	C:\Program Files\Android\Android Studio2\jbr\bin\jimage.dll
0x00007ffca4520000 - 0x00007ffca4753000 	C:\WINDOWS\SYSTEM32\DBGHELP.DLL
0x00007ffca7700000 - 0x00007ffca7a93000 	C:\WINDOWS\System32\combase.dll
0x00007ffca8b90000 - 0x00007ffca8c67000 	C:\WINDOWS\System32\OLEAUT32.dll
0x00007ffc89a50000 - 0x00007ffc89a82000 	C:\WINDOWS\SYSTEM32\dbgcore.DLL
0x00007ffca7270000 - 0x00007ffca72eb000 	C:\WINDOWS\System32\bcryptPrimitives.dll
0x00007ffc9c8d0000 - 0x00007ffc9c8de000 	C:\Program Files\Android\Android Studio2\jbr\bin\instrument.dll
0x00007ffc9c850000 - 0x00007ffc9c870000 	C:\Program Files\Android\Android Studio2\jbr\bin\java.dll
0x00007ffc9c830000 - 0x00007ffc9c848000 	C:\Program Files\Android\Android Studio2\jbr\bin\zip.dll
0x00007ffca7c70000 - 0x00007ffca8512000 	C:\WINDOWS\System32\SHELL32.dll
0x00007ffca6920000 - 0x00007ffca6a5f000 	C:\WINDOWS\System32\wintypes.dll
0x00007ffca4850000 - 0x00007ffca516e000 	C:\WINDOWS\SYSTEM32\windows.storage.dll
0x00007ffca9660000 - 0x00007ffca976b000 	C:\WINDOWS\System32\SHCORE.dll
0x00007ffca9770000 - 0x00007ffca97d9000 	C:\WINDOWS\System32\shlwapi.dll
0x00007ffca6850000 - 0x00007ffca687b000 	C:\WINDOWS\SYSTEM32\profapi.dll
0x00007ffc9fb20000 - 0x00007ffc9fb30000 	C:\Program Files\Android\Android Studio2\jbr\bin\net.dll
0x00007ffc9fe10000 - 0x00007ffc9ff3c000 	C:\WINDOWS\SYSTEM32\WINHTTP.dll
0x00007ffca5dd0000 - 0x00007ffca5e39000 	C:\WINDOWS\system32\mswsock.dll
0x00007ffc9c810000 - 0x00007ffc9c826000 	C:\Program Files\Android\Android Studio2\jbr\bin\nio.dll
0x00007ffc9c900000 - 0x00007ffc9c910000 	C:\Program Files\Android\Android Studio2\jbr\bin\verify.dll
0x00007ffc89840000 - 0x00007ffc89867000 	C:\Users\Mahlo T.J\.gradle\native\c067742578af261105cb4f569cf0c3c89f3d7b1fecec35dd04571415982c5e48\windows-amd64\native-platform.dll
0x00007ffc80090000 - 0x00007ffc801d4000 	C:\Users\Mahlo T.J\.gradle\native\100fb08df4bc3b14c8652ba06237920a3bd2aa13389f12d3474272988ae205f9\windows-amd64\native-platform-file-events.dll
0x00007ffc9c6a0000 - 0x00007ffc9c6a9000 	C:\Program Files\Android\Android Studio2\jbr\bin\management.dll
0x00007ffc9c690000 - 0x00007ffc9c69b000 	C:\Program Files\Android\Android Studio2\jbr\bin\management_ext.dll
0x00007ffca97e0000 - 0x00007ffca97e8000 	C:\WINDOWS\System32\PSAPI.DLL
0x00007ffca6020000 - 0x00007ffca603b000 	C:\WINDOWS\SYSTEM32\CRYPTSP.dll
0x00007ffca58b0000 - 0x00007ffca58e7000 	C:\WINDOWS\system32\rsaenh.dll
0x00007ffca5ec0000 - 0x00007ffca5ee8000 	C:\WINDOWS\SYSTEM32\USERENV.dll
0x00007ffca6040000 - 0x00007ffca604c000 	C:\WINDOWS\SYSTEM32\CRYPTBASE.dll
0x00007ffca5460000 - 0x00007ffca548d000 	C:\WINDOWS\SYSTEM32\IPHLPAPI.DLL
0x00007ffca7c60000 - 0x00007ffca7c69000 	C:\WINDOWS\System32\NSI.dll
0x00007ffc9c7b0000 - 0x00007ffc9c7b9000 	C:\Program Files\Android\Android Studio2\jbr\bin\extnet.dll
0x00007ffc39a10000 - 0x00007ffc39a18000 	C:\WINDOWS\system32\wshunix.dll
0x00007ffca5490000 - 0x00007ffca5588000 	C:\WINDOWS\SYSTEM32\DNSAPI.dll
0x0000000069a80000 - 0x0000000069aa6000 	C:\Program Files\Bonjour\mdnsNSP.dll
0x00007ffca0210000 - 0x00007ffca021a000 	C:\Windows\System32\rasadhlp.dll
0x00007ffc9a1f0000 - 0x00007ffc9a274000 	C:\WINDOWS\System32\fwpuclnt.dll

dbghelp: loaded successfully - version: 4.0.5 - missing functions: none
symbol engine: initialized successfully - sym options: 0x614 - pdb path: .;C:\Program Files\Android\Android Studio2\jbr\bin;C:\WINDOWS\SYSTEM32;C:\WINDOWS\WinSxS\amd64_microsoft.windows.common-controls_6595b64144ccf1df_6.0.22621.5415_none_270d77d17387d7da;C:\Program Files\Android\Android Studio2\jbr\bin\server;C:\Users\Mahlo T.J\.gradle\native\c067742578af261105cb4f569cf0c3c89f3d7b1fecec35dd04571415982c5e48\windows-amd64;C:\Users\Mahlo T.J\.gradle\native\100fb08df4bc3b14c8652ba06237920a3bd2aa13389f12d3474272988ae205f9\windows-amd64;C:\Program Files\Bonjour

VM Arguments:
jvm_args: --add-opens=java.base/java.lang=ALL-UNNAMED --add-opens=java.base/java.lang.invoke=ALL-UNNAMED --add-opens=java.base/java.util=ALL-UNNAMED --add-opens=java.prefs/java.util.prefs=ALL-UNNAMED --add-exports=jdk.compiler/com.sun.tools.javac.api=ALL-UNNAMED --add-exports=jdk.compiler/com.sun.tools.javac.util=ALL-UNNAMED --add-opens=java.base/java.util=ALL-UNNAMED --add-opens=java.prefs/java.util.prefs=ALL-UNNAMED --add-opens=java.base/java.nio.charset=ALL-UNNAMED --add-opens=java.base/java.net=ALL-UNNAMED --add-opens=java.base/java.util.concurrent.atomic=ALL-UNNAMED --add-opens=java.xml/javax.xml.namespace=ALL-UNNAMED -Xmx2048m -Dfile.encoding=UTF-8 -Duser.country=ZA -Duser.language=en -Duser.variant -javaagent:C:\Users\Mahlo T.J\.gradle\wrapper\dists\gradle-8.11.1-bin\bpt9gzteqjrbo1mjrsomdt32c\gradle-8.11.1\lib\agents\gradle-instrumentation-agent-8.11.1.jar 
java_command: org.gradle.launcher.daemon.bootstrap.GradleDaemon 8.11.1
java_class_path (initial): C:\Users\Mahlo T.J\.gradle\wrapper\dists\gradle-8.11.1-bin\bpt9gzteqjrbo1mjrsomdt32c\gradle-8.11.1\lib\gradle-daemon-main-8.11.1.jar
Launcher Type: SUN_STANDARD

[Global flags]
     intx CICompilerCount                          = 2                                         {product} {ergonomic}
     uint ConcGCThreads                            = 1                                         {product} {ergonomic}
     uint G1ConcRefinementThreads                  = 2                                         {product} {ergonomic}
   size_t G1HeapRegionSize                         = 1048576                                   {product} {ergonomic}
    uintx GCDrainStackTargetSize                   = 64                                        {product} {ergonomic}
   size_t InitialHeapSize                          = 65011712                                  {product} {ergonomic}
   size_t MarkStackSize                            = 4194304                                   {product} {ergonomic}
   size_t MaxHeapSize                              = 2147483648                                {product} {command line}
   size_t MaxNewSize                               = 1287651328                                {product} {ergonomic}
   size_t MinHeapDeltaBytes                        = 1048576                                   {product} {ergonomic}
   size_t MinHeapSize                              = 8388608                                   {product} {ergonomic}
    uintx NonNMethodCodeHeapSize                   = 5826188                                {pd product} {ergonomic}
    uintx NonProfiledCodeHeapSize                  = 122916026                              {pd product} {ergonomic}
    uintx ProfiledCodeHeapSize                     = 122916026                              {pd product} {ergonomic}
    uintx ReservedCodeCacheSize                    = 251658240                              {pd product} {ergonomic}
     bool SegmentedCodeCache                       = true                                      {product} {ergonomic}
   size_t SoftMaxHeapSize                          = 2147483648                             {manageable} {ergonomic}
     bool UseCompressedOops                        = true                           {product lp64_product} {ergonomic}
     bool UseG1GC                                  = true                                      {product} {ergonomic}
     bool UseLargePagesIndividualAllocation        = false                                  {pd product} {ergonomic}

Logging:
Log output configuration:
 #0: stdout all=warning uptime,level,tags foldmultilines=false
 #1: stderr all=off uptime,level,tags foldmultilines=false

Environment Variables:
PATH=C:\WINDOWS\system32;C:\WINDOWS;C:\WINDOWS\System32\Wbem;C:\WINDOWS\System32\WindowsPowerShell\v1.0\;C:\WINDOWS\System32\OpenSSH\;C:\Program Files\Intel\TXE Components\DAL\;C:\Program Files (x86)\Intel\TXE Components\DAL\;C:\Users\Mahlo T.J\AppData\Local\Microsoft\WindowsApps
USERNAME=Mahlo T.J
OS=Windows_NT
PROCESSOR_IDENTIFIER=Intel64 Family 6 Model 122 Stepping 8, GenuineIntel
TMP=C:\Users\MAHLOT~1.J\AppData\Local\Temp
TEMP=C:\Users\MAHLOT~1.J\AppData\Local\Temp




Periodic native trim disabled

JNI global refs:
JNI global refs: 25, weak refs: 0

JNI global refs memory usage: 835, weak refs: 201

Process memory usage:
Resident Set Size: 288300K (7% of 4014332K total physical memory with 325508K free physical memory)

OOME stack traces (most recent first):
Classloader memory used:
Loader org.gradle.internal.classloader.VisitableURLClassLoader                         : 34439K
Loader bootstrap                                                                       : 28188K
Loader org.gradle.initialization.MixInLegacyTypesClassLoader                           : 11067K
Loader org.gradle.internal.classloader.VisitableURLClassLoader$InstrumentingVisitableURLClassLoader: 4832K
Loader jdk.internal.loader.ClassLoaders$PlatformClassLoader                            : 809K
Loader jdk.internal.loader.ClassLoaders$AppClassLoader                                 : 234K
Loader org.gradle.internal.classloader.VisitableURLClassLoader                         : 131K
Loader jdk.internal.reflect.DelegatingClassLoader                                      : 130K

Classes loaded by more than one classloader:
Class Program                                                                         : loaded 4 times (x 70B)
Class com.google.common.base.Equivalence$Identity                                     : loaded 2 times (x 78B)
Class com.google.common.collect.RegularImmutableMap$KeySet                            : loaded 2 times (x 148B)
Class org.gradle.internal.classloader.FilteringClassLoader                            : loaded 2 times (x 101B)
Class [Lcom.google.common.base.AbstractIterator$State;                                : loaded 2 times (x 65B)
Class com.google.common.base.CharMatcher$IsEither                                     : loaded 2 times (x 107B)
Class org.gradle.internal.classloader.ClassLoaderHierarchy                            : loaded 2 times (x 66B)
Class com.google.common.util.concurrent.ExecutionError                                : loaded 2 times (x 78B)
Class com.google.common.collect.ImmutableList$1                                       : loaded 2 times (x 93B)
Class org.gradle.api.internal.classpath.ManifestUtil                                  : loaded 2 times (x 67B)
Class com.google.common.collect.RegularImmutableMap                                   : loaded 2 times (x 117B)
Class com.google.common.collect.ImmutableMap$MapViewOfValuesAsSingletonSets           : loaded 2 times (x 122B)
Class com.google.common.collect.UnmodifiableListIterator                              : loaded 2 times (x 91B)
Class [Lcom.google.common.cache.CacheBuilder$OneWeigher;                              : loaded 2 times (x 65B)
Class com.google.common.base.Suppliers                                                : loaded 2 times (x 67B)
Class org.gradle.internal.classloader.DefaultClassLoaderFactory                       : loaded 2 times (x 78B)
Class com.google.common.base.CharMatcher$None                                         : loaded 2 times (x 108B)
Class org.gradle.internal.classloader.ClassLoaderVisitor                              : loaded 2 times (x 72B)
Class [Lcom.google.common.collect.ImmutableMapEntry;                                  : loaded 2 times (x 65B)
Class org.gradle.api.internal.classpath.EffectiveClassPath                            : loaded 2 times (x 86B)
Class com.google.common.collect.ImmutableEnumMap                                      : loaded 2 times (x 122B)
Class com.google.common.base.Splitter                                                 : loaded 2 times (x 68B)
Class org.gradle.api.internal.DefaultClassPathProvider                                : loaded 2 times (x 72B)
Class [Lorg.gradle.api.internal.ClassPathProvider;                                    : loaded 2 times (x 65B)
Class org.gradle.api.internal.ClassPathProvider                                       : loaded 2 times (x 66B)
Class com.google.common.cache.LocalCache$LocalLoadingCache                            : loaded 2 times (x 130B)
Class com.google.common.base.AbstractIterator$State                                   : loaded 2 times (x 75B)
Class org.gradle.internal.service.UnknownServiceException                             : loaded 2 times (x 79B)
Class com.google.common.cache.LocalCache$Strength$1                                   : loaded 2 times (x 77B)
Class com.google.common.cache.LocalCache$Strength$2                                   : loaded 2 times (x 77B)
Class com.google.common.cache.LocalCache$Strength$3                                   : loaded 2 times (x 77B)
Class com.google.common.collect.MapDifference                                         : loaded 2 times (x 66B)
Class com.google.common.base.Splitter$1                                               : loaded 2 times (x 73B)
Class com.google.common.cache.CacheBuilder$NullListener                               : loaded 2 times (x 78B)
Class org.gradle.internal.classpath.TransformedClassPath                              : loaded 2 times (x 92B)
Class org.gradle.internal.classloader.InstrumentingClassLoader                        : loaded 2 times (x 66B)
Class com.google.common.cache.CacheLoader$FunctionToCacheLoader                       : loaded 2 times (x 71B)
Class com.google.common.collect.Iterators$ArrayItr                                    : loaded 2 times (x 93B)
Class com.google.common.collect.ImmutableCollection$Builder                           : loaded 2 times (x 72B)
Class com.google.common.base.MoreObjects                                              : loaded 2 times (x 67B)
Class com.google.common.collect.UnmodifiableIterator                                  : loaded 2 times (x 76B)
Class org.gradle.internal.service.ServiceLocator                                      : loaded 2 times (x 66B)
Class com.google.common.cache.LocalCache$1                                            : loaded 2 times (x 85B)
Class com.google.common.collect.AbstractMapEntry                                      : loaded 2 times (x 77B)
Class com.google.common.cache.LocalCache$2                                            : loaded 2 times (x 138B)
Class com.google.common.collect.RegularImmutableAsList                                : loaded 2 times (x 213B)
Class com.google.common.collect.Iterators                                             : loaded 2 times (x 67B)
Class com.google.common.util.concurrent.UncheckedExecutionException                   : loaded 2 times (x 78B)
Class com.google.common.collect.Lists$StringAsImmutableList                           : loaded 2 times (x 203B)
Class org.gradle.kotlin.dsl.VersionCatalogAccessorsKt                                 : loaded 2 times (x 67B)
Class org.gradle.internal.InternalTransformer                                         : loaded 2 times (x 66B)
Class com.google.common.cache.CacheLoader$UnsupportedLoadingOperationException        : loaded 2 times (x 78B)
Class com.google.common.base.CharMatcher$And                                          : loaded 2 times (x 108B)
Class org.gradle.internal.classloader.ClasspathUtil$1                                 : loaded 2 times (x 72B)
Class com.google.common.collect.IndexedImmutableSet                                   : loaded 2 times (x 148B)
Class com.google.common.collect.ImmutableMap$1                                        : loaded 2 times (x 77B)
Class com.google.common.collect.BiMap                                                 : loaded 2 times (x 66B)
Class org.gradle.api.internal.classpath.DefaultModuleRegistry$DefaultModule           : loaded 2 times (x 82B)
Class com.google.common.collect.AbstractIterator                                      : loaded 2 times (x 78B)
Class com.google.common.math.MathPreconditions                                        : loaded 2 times (x 67B)
Class com.google.common.collect.ObjectArrays                                          : loaded 2 times (x 67B)
Class com.google.common.collect.AbstractIndexedListIterator                           : loaded 2 times (x 92B)
Class com.google.common.collect.ImmutableMapEntrySet                                  : loaded 2 times (x 148B)
Class org.gradle.api.internal.classpath.Module                                        : loaded 2 times (x 66B)
Class com.google.common.cache.Weigher                                                 : loaded 2 times (x 66B)
Class org.gradle.api.internal.classpath.UnknownModuleException                        : loaded 2 times (x 78B)
Class com.google.common.cache.LocalCache$Strength                                     : loaded 2 times (x 77B)
Class com.google.common.cache.Cache                                                   : loaded 2 times (x 66B)
Class com.google.common.collect.ImmutableMap$Builder                                  : loaded 2 times (x 78B)
Class com.google.common.base.NullnessCasts                                            : loaded 2 times (x 67B)
Class com.google.common.cache.RemovalListener                                         : loaded 2 times (x 66B)
Class org.gradle.api.internal.DefaultClassPathRegistry                                : loaded 2 times (x 72B)
Class org.gradle.api.internal.ClassPathRegistry                                       : loaded 2 times (x 66B)
Class org.gradle.internal.classpath.DefaultClassPath$ImmutableUniqueList              : loaded 2 times (x 195B)
Class com.google.common.cache.CacheBuilder                                            : loaded 2 times (x 68B)
Class com.google.common.collect.SingletonImmutableList                                : loaded 2 times (x 203B)
Class com.google.common.base.PairwiseEquivalence                                      : loaded 2 times (x 79B)
Class Settings_gradle$1                                                               : loaded 2 times (x 70B)
Class org.gradle.internal.classpath.ClassPath                                         : loaded 2 times (x 66B)
Class org.gradle.api.UncheckedIOException                                             : loaded 2 times (x 78B)
Class com.google.common.collect.ImmutableList$ReverseImmutableList                    : loaded 2 times (x 205B)
Class com.google.common.base.JdkPattern                                               : loaded 2 times (x 71B)
Class com.google.common.base.Suppliers$SupplierOfInstance                             : loaded 2 times (x 75B)
Class com.google.common.collect.Iterators$1                                           : loaded 2 times (x 77B)
Class com.google.common.cache.LocalCache$ComputingValueReference                      : loaded 2 times (x 92B)
Class com.google.common.collect.SingletonImmutableSet                                 : loaded 2 times (x 142B)
Class com.google.common.collect.ImmutableMap$IteratorBasedImmutableMap                : loaded 2 times (x 122B)
Class com.google.common.cache.LocalCache$Segment                                      : loaded 2 times (x 150B)
Class com.google.common.cache.CacheLoader                                             : loaded 2 times (x 70B)
Class com.google.common.collect.Iterators$4                                           : loaded 2 times (x 78B)
Class com.google.common.collect.ImmutableBiMap                                        : loaded 2 times (x 139B)
Class org.gradle.internal.installation.GradleInstallation$1                           : loaded 2 times (x 71B)
Class org.gradle.api.internal.classpath.ModuleRegistry                                : loaded 2 times (x 66B)
Class com.google.common.collect.Iterators$5                                           : loaded 2 times (x 78B)
Class com.google.common.collect.ImmutableSet$JdkBackedSetBuilderImpl                  : loaded 2 times (x 72B)
Class com.google.common.base.Splitter$SplittingIterator                               : loaded 2 times (x 80B)
Class com.google.common.cache.LocalCache$LocalManualCache$1                           : loaded 2 times (x 71B)
Class com.google.common.base.CharMatcher$ForPredicate                                 : loaded 2 times (x 108B)
Class com.google.common.collect.ImmutableCollection                                   : loaded 2 times (x 121B)
Class com.google.common.base.CharMatcher$AnyOf                                        : loaded 2 times (x 108B)
Class org.gradle.api.internal.classpath.DefaultModuleRegistry                         : loaded 2 times (x 82B)
Class com.google.common.cache.ReferenceEntry                                          : loaded 2 times (x 66B)
Class com.google.common.base.Converter                                                : loaded 2 times (x 86B)
Class com.google.common.collect.ImmutableSet$CachingAsList                            : loaded 2 times (x 144B)
Class com.google.common.collect.Lists                                                 : loaded 2 times (x 67B)
Class com.google.common.base.FunctionalEquivalence                                    : loaded 2 times (x 79B)
Class com.google.common.collect.Iterators$9                                           : loaded 2 times (x 77B)
Class com.google.common.collect.ImmutableAsList                                       : loaded 2 times (x 205B)
Class com.google.common.cache.CacheLoader$SupplierToCacheLoader                       : loaded 2 times (x 71B)
Class com.google.common.collect.Maps$EntryTransformer                                 : loaded 2 times (x 66B)
Class org.gradle.internal.service.ServiceLookupException                              : loaded 2 times (x 78B)
Class [Lcom.google.common.cache.LocalCache$EntryFactory;                              : loaded 2 times (x 65B)
Class org.gradle.internal.classloader.ClassLoaderFactory                              : loaded 2 times (x 66B)
Class com.google.common.cache.LocalCache$LocalManualCache                             : loaded 2 times (x 95B)
Class com.google.common.base.CharMatcher$IsNot                                        : loaded 2 times (x 107B)
Class com.google.common.base.CommonPattern                                            : loaded 2 times (x 70B)
Class org.gradle.internal.service.CachingServiceLocator                               : loaded 2 times (x 78B)
Class com.google.common.math.IntMath                                                  : loaded 2 times (x 67B)
Class com.google.common.collect.ImmutableMapEntry                                     : loaded 2 times (x 81B)
Class com.google.common.base.Equivalence                                              : loaded 2 times (x 78B)
Class com.google.common.base.Function                                                 : loaded 2 times (x 66B)
Class com.google.common.collect.ImmutableMapEntry$NonTerminalImmutableMapEntry        : loaded 2 times (x 81B)
Class com.google.common.cache.CacheBuilder$OneWeigher                                 : loaded 2 times (x 78B)
Class com.google.common.collect.RegularImmutableList                                  : loaded 2 times (x 209B)
Class org.gradle.internal.classloader.ClasspathUtil                                   : loaded 2 times (x 67B)
Class com.google.common.collect.Maps                                                  : loaded 2 times (x 67B)
Class org.gradle.api.specs.Spec                                                       : loaded 2 times (x 66B)
Class [Lcom.google.common.collect.ImmutableEntry;                                     : loaded 2 times (x 65B)
Class com.google.common.cache.LocalCache$LoadingValueReference                        : loaded 2 times (x 92B)
Class Build_gradle$1                                                                  : loaded 2 times (x 74B)
Class com.google.common.collect.Maps$8                                                : loaded 2 times (x 78B)
Class org.gradle.internal.classloader.VisitableURLClassLoader$InstrumentingVisitableURLClassLoader: loaded 2 times (x 119B)
Class [Lcom.google.common.cache.CacheBuilder$NullListener;                            : loaded 2 times (x 65B)
Class com.google.common.math.IntMath$1                                                : loaded 2 times (x 67B)
Class org.gradle.internal.classloader.VisitableURLClassLoader$Spec                    : loaded 2 times (x 70B)
Class org.gradle.internal.classpath.DefaultClassPath                                  : loaded 2 times (x 86B)
Class com.google.common.base.AbstractIterator                                         : loaded 2 times (x 76B)
Class com.google.common.base.CharMatcher$Ascii                                        : loaded 2 times (x 108B)
Class com.google.common.collect.ImmutableSet                                          : loaded 2 times (x 141B)
Class com.google.common.collect.RegularImmutableMap$Values                            : loaded 2 times (x 203B)
Class com.google.common.base.CharMatcher$BitSetMatcher                                : loaded 2 times (x 108B)
Class org.gradle.internal.classloader.ClassLoaderSpec                                 : loaded 2 times (x 67B)
Class com.google.common.cache.CacheStats                                              : loaded 2 times (x 67B)
Class com.google.common.base.CharMatcher$Or                                           : loaded 2 times (x 108B)
Class Settings_gradle$1$1                                                             : loaded 2 times (x 70B)
Class com.google.common.base.Supplier                                                 : loaded 2 times (x 66B)
Class org.gradle.internal.classloader.VisitableURLClassLoader                         : loaded 2 times (x 113B)
Class Settings_gradle                                                                 : loaded 2 times (x 124B)
Class org.gradle.internal.Cast                                                        : loaded 2 times (x 67B)
Class org.gradle.api.Action                                                           : loaded 2 times (x 66B)
Class com.google.common.base.Ticker                                                   : loaded 2 times (x 68B)
Class com.google.common.base.CharMatcher$FastMatcher                                  : loaded 2 times (x 107B)
Class [Lcom.google.common.cache.LocalCache$Segment;                                   : loaded 2 times (x 65B)
Class [Lcom.google.common.cache.LocalCache$Strength;                                  : loaded 2 times (x 65B)
Class com.google.common.cache.CacheBuilder$1                                          : loaded 2 times (x 81B)
Class com.google.common.collect.ImmutableMap                                          : loaded 2 times (x 116B)
Class com.google.common.base.Predicate                                                : loaded 2 times (x 66B)
Class org.gradle.internal.classpath.DefaultClassPath$ImmutableUniqueList$Builder      : loaded 2 times (x 71B)
Class com.google.common.cache.LocalCache                                              : loaded 2 times (x 183B)
Class com.google.common.cache.CacheBuilder$2                                          : loaded 2 times (x 75B)
Class com.google.common.base.CharMatcher$NegatedFastMatcher                           : loaded 2 times (x 109B)
Class com.google.common.cache.CacheBuilder$3                                          : loaded 2 times (x 68B)
Class [Lcom.google.common.collect.AbstractMapEntry;                                   : loaded 2 times (x 65B)
Class com.google.common.collect.ImmutableEntry                                        : loaded 2 times (x 78B)
Class org.gradle.api.GradleException                                                  : loaded 2 times (x 78B)
Class com.google.common.collect.CollectPreconditions                                  : loaded 2 times (x 67B)
Class com.google.common.collect.SortedMapDifference                                   : loaded 2 times (x 66B)
Class com.google.common.cache.LocalCache$EntryFactory                                 : loaded 2 times (x 79B)
Class com.google.common.base.Splitter$1$1                                             : loaded 2 times (x 82B)
Class org.gradle.internal.IoActions                                                   : loaded 2 times (x 67B)
Class com.google.common.cache.CacheLoader$InvalidCacheLoadException                   : loaded 2 times (x 78B)
Class com.google.common.collect.ImmutableSet$RegularSetBuilderImpl                    : loaded 2 times (x 73B)
Class org.gradle.internal.classloader.SystemClassLoaderSpec                           : loaded 2 times (x 67B)
Class com.google.common.cache.LoadingCache                                            : loaded 2 times (x 66B)
Class [Lcom.google.common.cache.Weigher;                                              : loaded 2 times (x 65B)
Class com.google.common.collect.RegularImmutableMap$BucketOverflowException           : loaded 2 times (x 78B)
Class com.google.common.cache.LocalCache$ValueReference                               : loaded 2 times (x 66B)
Class com.google.common.base.CharMatcher$Negated                                      : loaded 2 times (x 109B)
Class com.google.common.base.CharMatcher$Is                                           : loaded 2 times (x 107B)
Class com.google.common.base.Equivalence$Equals                                       : loaded 2 times (x 78B)
Class com.google.common.collect.Hashing                                               : loaded 2 times (x 67B)
Class com.google.common.base.Preconditions                                            : loaded 2 times (x 67B)
Class com.google.common.collect.PeekingIterator                                       : loaded 2 times (x 66B)
Class com.google.common.base.CharMatcher                                              : loaded 2 times (x 107B)
Class com.google.common.cache.LocalCache$EntryFactory$1                               : loaded 2 times (x 79B)
Class [Lcom.google.common.cache.RemovalListener;                                      : loaded 2 times (x 65B)
Class com.google.common.base.CharMatcher$1                                            : loaded 2 times (x 109B)
Class com.google.common.base.CharMatcher$NamedFastMatcher                             : loaded 2 times (x 108B)
Class com.google.common.cache.LocalCache$EntryFactory$2                               : loaded 2 times (x 79B)
Class org.gradle.api.internal.classpath.GlobalCacheRootsProvider                      : loaded 2 times (x 66B)
Class com.google.common.cache.LocalCache$EntryFactory$3                               : loaded 2 times (x 79B)
Class com.google.common.base.Ticker$1                                                 : loaded 2 times (x 68B)
Class com.google.common.collect.Maps$BiMapConverter                                   : loaded 2 times (x 86B)
Class com.google.common.collect.ImmutableMapEntrySet$RegularEntrySet                  : loaded 2 times (x 148B)
Class com.google.common.cache.LocalCache$EntryFactory$4                               : loaded 2 times (x 79B)
Class com.google.common.collect.ImmutableSet$Builder                                  : loaded 2 times (x 81B)
Class com.google.common.base.CharMatcher$InRange                                      : loaded 2 times (x 107B)
Class com.google.common.cache.LocalCache$EntryFactory$5                               : loaded 2 times (x 79B)
Class com.google.common.cache.LocalCache$EntryFactory$6                               : loaded 2 times (x 79B)
Class Build_gradle                                                                    : loaded 2 times (x 68B)
Class org.gradle.internal.installation.CurrentGradleInstallationLocator               : loaded 2 times (x 67B)
Class com.google.common.cache.LocalCache$EntryFactory$7                               : loaded 2 times (x 79B)
Class com.google.common.collect.ImmutableSet$EmptySetBuilderImpl                      : loaded 2 times (x 72B)
Class com.google.common.collect.ImmutableList                                         : loaded 2 times (x 202B)
Class org.gradle.internal.service.DefaultServiceLocator                               : loaded 2 times (x 79B)
Class com.google.common.cache.LocalCache$EntryFactory$8                               : loaded 2 times (x 79B)
Class com.google.common.collect.ImmutableSet$SetBuilderImpl                           : loaded 2 times (x 72B)
Class org.gradle.internal.installation.CurrentGradleInstallation                      : loaded 2 times (x 69B)
Class com.google.common.cache.CacheLoader$1                                           : loaded 2 times (x 71B)
Class com.google.common.collect.ImmutableList$SubList                                 : loaded 2 times (x 205B)
Class org.gradle.util.internal.GUtil                                                  : loaded 2 times (x 67B)
Class com.google.common.cache.AbstractCache$StatsCounter                              : loaded 2 times (x 66B)
Class com.google.common.collect.Iterators$MergingIterator                             : loaded 2 times (x 77B)
Class com.google.common.collect.RegularImmutableSet                                   : loaded 2 times (x 145B)
Class org.gradle.internal.installation.GradleInstallation                             : loaded 2 times (x 71B)
Class com.google.common.collect.Iterables                                             : loaded 2 times (x 67B)
Class com.google.common.base.Splitter$Strategy                                        : loaded 2 times (x 66B)

---------------  S Y S T E M  ---------------

OS:
 Windows 11 , 64 bit Build 22621 (10.0.22621.5415)
OS uptime: 0 days 1:58 hours

CPU: total 2 (initial active 2) (2 cores per cpu, 1 threads per core) family 6 model 122 stepping 8 microcode 0x18, cx8, cmov, fxsr, mmx, 3dnowpref, sse, sse2, sse3, ssse3, sse4.1, sse4.2, popcnt, tsc, tscinvbit, aes, erms, clmul, sha, clflush, clflushopt, rdtscp, rdpid
Processor Information for the first 2 processors :
  Max Mhz: 1101, Current Mhz: 1101, Mhz Limit: 1101

Memory: 4k page, system-wide physical 3920M (309M free)
TotalPageFile size 7335M (AvailPageFile size 15M)
current process WorkingSet (physical memory assigned to process): 282M, peak: 293M
current process commit charge ("private bytes"): 322M, peak: 338M

vm_info: OpenJDK 64-Bit Server VM (21.0.6+-13368085-b895.109) for windows-amd64 JRE (21.0.6+-13368085-b895.109), built on 2025-04-16T17:01:31Z by "builder" with MS VC++ 16.10 / 16.11 (VS2019)

END.
