#
# There is insufficient memory for the Java Runtime Environment to continue.
# Native memory allocation (malloc) failed to allocate 32744 bytes. Error detail: Chunk::new
# Possible reasons:
#   The system is out of physical RAM or swap space
#   This process is running with CompressedOops enabled, and the Java Heap may be blocking the growth of the native heap
# Possible solutions:
#   Reduce memory load on the system
#   Increase physical memory or swap space
#   Check if swap backing store is full
#   Decrease Java heap size (-Xmx/-Xms)
#   Decrease number of Java threads
#   Decrease Java thread stack sizes (-Xss)
#   Set larger code cache with -XX:ReservedCodeCacheSize=
#   JVM is running with Unscaled Compressed Oops mode in which the Java heap is
#     placed in the first 4GB address space. The Java Heap base address is the
#     maximum limit for the native heap growth. Please use -XX:HeapBaseMinAddress
#     to set the Java Heap base and to place the Java Heap above 4GB virtual address.
# This output file may be truncated or incomplete.
#
#  Out of Memory Error (arena.cpp:168), pid=1768, tid=7228
#
# JRE version: OpenJDK Runtime Environment (21.0.6) (build 21.0.6+-13368085-b895.109)
# Java VM: OpenJDK 64-Bit Server VM (21.0.6+-13368085-b895.109, mixed mode, tiered, compressed oops, compressed class ptrs, g1 gc, windows-amd64)
# No core dump will be written. Minidumps are not enabled by default on client versions of Windows
#

---------------  S U M M A R Y ------------

Command Line: --add-opens=java.base/java.lang=ALL-UNNAMED --add-opens=java.base/java.lang.invoke=ALL-UNNAMED --add-opens=java.base/java.util=ALL-UNNAMED --add-opens=java.prefs/java.util.prefs=ALL-UNNAMED --add-exports=jdk.compiler/com.sun.tools.javac.api=ALL-UNNAMED --add-exports=jdk.compiler/com.sun.tools.javac.util=ALL-UNNAMED --add-opens=java.base/java.util=ALL-UNNAMED --add-opens=java.prefs/java.util.prefs=ALL-UNNAMED --add-opens=java.base/java.nio.charset=ALL-UNNAMED --add-opens=java.base/java.net=ALL-UNNAMED --add-opens=java.base/java.util.concurrent.atomic=ALL-UNNAMED --add-opens=java.xml/javax.xml.namespace=ALL-UNNAMED -Xmx2048m -Dfile.encoding=UTF-8 -Duser.country=ZA -Duser.language=en -Duser.variant -javaagent:C:\Users\Mahlo T.J\.gradle\wrapper\dists\gradle-8.11.1-bin\bpt9gzteqjrbo1mjrsomdt32c\gradle-8.11.1\lib\agents\gradle-instrumentation-agent-8.11.1.jar org.gradle.launcher.daemon.bootstrap.GradleDaemon 8.11.1

Host: Intel(R) Celeron(R) N4020 CPU @ 1.10GHz, 2 cores, 3G,  Windows 11 , 64 bit Build 22621 (10.0.22621.5124)
Time: Fri Jun 13 12:11:36 2025 South Africa Standard Time elapsed time: 113.180439 seconds (0d 0h 1m 53s)

---------------  T H R E A D  ---------------

Current thread (0x000001fdb746c3d0):  JavaThread "C2 CompilerThread0" daemon [_thread_in_native, id=7228, stack(0x000000b6f0200000,0x000000b6f0300000) (1024K)]


Current CompileTask:
C2:113180 14428 % !   4       com.android.tools.r8.dex.C::k @ 99 (2746 bytes)

Stack: [0x000000b6f0200000,0x000000b6f0300000]
Native frames: (J=compiled Java code, j=interpreted, Vv=VM code, C=native code)
V  [jvm.dll+0x6d0639]
V  [jvm.dll+0x85eb03]
V  [jvm.dll+0x86105e]
V  [jvm.dll+0x861743]
V  [jvm.dll+0x27e6e6]
V  [jvm.dll+0xbff6d]
V  [jvm.dll+0xc04a3]
V  [jvm.dll+0x3bb528]
V  [jvm.dll+0x5daa86]
V  [jvm.dll+0x3820f6]
V  [jvm.dll+0x38153a]
V  [jvm.dll+0x247c82]
V  [jvm.dll+0x247251]
V  [jvm.dll+0x1c5f04]
V  [jvm.dll+0x2569ac]
V  [jvm.dll+0x254ef6]
V  [jvm.dll+0x3f0e96]
V  [jvm.dll+0x806ed8]
V  [jvm.dll+0x6cef0d]
C  [ucrtbase.dll+0x29333]
C  [KERNEL32.DLL+0x1259d]
C  [ntdll.dll+0x5af38]


---------------  P R O C E S S  ---------------

Threads class SMR info:
_java_thread_list=0x000001fdc0bb54b0, length=57, elements={
0x000001fd9e691a50, 0x000001fdb747f760, 0x000001fdb7484590, 0x000001fdb7485430,
0x000001fdb7485e80, 0x000001fdb74868d0, 0x000001fdb7487320, 0x000001fdb746c3d0,
0x000001fdb74f8e00, 0x000001fdb75f7310, 0x000001fdb7840cd0, 0x000001fdb76f3a10,
0x000001fdbc00e3a0, 0x000001fdbcb64730, 0x000001fdbd67b340, 0x000001fdbc0f68c0,
0x000001fdbc0870d0, 0x000001fdb76162f0, 0x000001fdbd961ba0, 0x000001fdbd960e80,
0x000001fdbd961510, 0x000001fdbd962230, 0x000001fdbd9628c0, 0x000001fdbd962f50,
0x000001fdbd9635e0, 0x000001fdbd9607f0, 0x000001fdbcfaa160, 0x000001fdbcfac8c0,
0x000001fdbcfacf50, 0x000001fdbcfab510, 0x000001fdbcfa9440, 0x000001fdbcfa7370,
0x000001fdbcfaa7f0, 0x000001fdbcfad5e0, 0x000001fdbcfaae80, 0x000001fdbcfa6ce0,
0x000001fdbcfa7a00, 0x000001fdbcfac230, 0x000001fdc098c650, 0x000001fdc098cce0,
0x000001fdc09891d0, 0x000001fdc00d5aa0, 0x000001fdc00d95b0, 0x000001fdc00d4d80,
0x000001fdc00d5410, 0x000001fdc00d67c0, 0x000001fdc00da960, 0x000001fdc00d74e0,
0x000001fdc00d7b70, 0x000001fdc00d8200, 0x000001fdc6901420, 0x000001fdc68fbed0,
0x000001fdc6902140, 0x000001fdc68fd910, 0x000001fdc68ff9e0, 0x000001fdc68fdfa0,
0x000001fdc68fe630
}

Java Threads: ( => current thread )
  0x000001fd9e691a50 JavaThread "main"                              [_thread_blocked, id=6512, stack(0x000000b6ef400000,0x000000b6ef500000) (1024K)]
  0x000001fdb747f760 JavaThread "Reference Handler"          daemon [_thread_blocked, id=7948, stack(0x000000b6efc00000,0x000000b6efd00000) (1024K)]
  0x000001fdb7484590 JavaThread "Finalizer"                  daemon [_thread_blocked, id=2748, stack(0x000000b6efd00000,0x000000b6efe00000) (1024K)]
  0x000001fdb7485430 JavaThread "Signal Dispatcher"          daemon [_thread_blocked, id=2368, stack(0x000000b6efe00000,0x000000b6eff00000) (1024K)]
  0x000001fdb7485e80 JavaThread "Attach Listener"            daemon [_thread_blocked, id=10192, stack(0x000000b6eff00000,0x000000b6f0000000) (1024K)]
  0x000001fdb74868d0 JavaThread "Service Thread"             daemon [_thread_blocked, id=9500, stack(0x000000b6f0000000,0x000000b6f0100000) (1024K)]
  0x000001fdb7487320 JavaThread "Monitor Deflation Thread"   daemon [_thread_blocked, id=9012, stack(0x000000b6f0100000,0x000000b6f0200000) (1024K)]
=>0x000001fdb746c3d0 JavaThread "C2 CompilerThread0"         daemon [_thread_in_native, id=7228, stack(0x000000b6f0200000,0x000000b6f0300000) (1024K)]
  0x000001fdb74f8e00 JavaThread "C1 CompilerThread0"         daemon [_thread_blocked, id=10272, stack(0x000000b6f0300000,0x000000b6f0400000) (1024K)]
  0x000001fdb75f7310 JavaThread "Common-Cleaner"             daemon [_thread_blocked, id=7032, stack(0x000000b6f0400000,0x000000b6f0500000) (1024K)]
  0x000001fdb7840cd0 JavaThread "Notification Thread"        daemon [_thread_blocked, id=2964, stack(0x000000b6f0500000,0x000000b6f0600000) (1024K)]
  0x000001fdb76f3a10 JavaThread "Daemon health stats"               [_thread_blocked, id=6540, stack(0x000000b6f0700000,0x000000b6f0800000) (1024K)]
  0x000001fdbc00e3a0 JavaThread "Incoming local TCP Connector on port 50514"        [_thread_in_native, id=7260, stack(0x000000b6f0800000,0x000000b6f0900000) (1024K)]
  0x000001fdbcb64730 JavaThread "Daemon periodic checks"            [_thread_blocked, id=6352, stack(0x000000b6f0900000,0x000000b6f0a00000) (1024K)]
  0x000001fdbd67b340 JavaThread "Daemon"                            [_thread_blocked, id=5060, stack(0x000000b6f0a00000,0x000000b6f0b00000) (1024K)]
  0x000001fdbc0f68c0 JavaThread "Handler for socket connection from /127.0.0.1:50514 to /127.0.0.1:50515"        [_thread_in_native, id=5068, stack(0x000000b6f0b00000,0x000000b6f0c00000) (1024K)]
  0x000001fdbc0870d0 JavaThread "Cancel handler"                    [_thread_blocked, id=4480, stack(0x000000b6f0c00000,0x000000b6f0d00000) (1024K)]
  0x000001fdb76162f0 JavaThread "Daemon worker"                     [_thread_blocked, id=11128, stack(0x000000b6f0d00000,0x000000b6f0e00000) (1024K)]
  0x000001fdbd961ba0 JavaThread "Asynchronous log dispatcher for DefaultDaemonConnection: socket connection from /127.0.0.1:50514 to /127.0.0.1:50515"        [_thread_blocked, id=9916, stack(0x000000b6f0e00000,0x000000b6f0f00000) (1024K)]
  0x000001fdbd960e80 JavaThread "Stdin handler"                     [_thread_blocked, id=3288, stack(0x000000b6f0f00000,0x000000b6f1000000) (1024K)]
  0x000001fdbd961510 JavaThread "Daemon client event forwarder"        [_thread_blocked, id=4488, stack(0x000000b6f1000000,0x000000b6f1100000) (1024K)]
  0x000001fdbd962230 JavaThread "Cache worker for journal cache (C:\Users\Mahlo T.J\.gradle\caches\journal-1)"        [_thread_blocked, id=7516, stack(0x000000b6f1100000,0x000000b6f1200000) (1024K)]
  0x000001fdbd9628c0 JavaThread "File lock request listener"        [_thread_in_native, id=5520, stack(0x000000b6f1200000,0x000000b6f1300000) (1024K)]
  0x000001fdbd962f50 JavaThread "Cache worker for file hash cache (C:\Users\Mahlo T.J\.gradle\caches\8.11.1\fileHashes)"        [_thread_blocked, id=7532, stack(0x000000b6f1300000,0x000000b6f1400000) (1024K)]
  0x000001fdbd9635e0 JavaThread "Cache worker for file content cache (C:\Users\Mahlo T.J\.gradle\caches\8.11.1\fileContent)"        [_thread_blocked, id=2508, stack(0x000000b6f1400000,0x000000b6f1500000) (1024K)]
  0x000001fdbd9607f0 JavaThread "Cache worker for file hash cache (C:\Users\Mahlo T.J\AndroidStudioProjects\FoodApp\.gradle\8.11.1\fileHashes)"        [_thread_blocked, id=10228, stack(0x000000b6f1500000,0x000000b6f1600000) (1024K)]
  0x000001fdbcfaa160 JavaThread "Cache worker for Build Output Cleanup Cache (C:\Users\Mahlo T.J\AndroidStudioProjects\FoodApp\.gradle\buildOutputCleanup)"        [_thread_blocked, id=820, stack(0x000000b6f1600000,0x000000b6f1700000) (1024K)]
  0x000001fdbcfac8c0 JavaThread "File watcher server"        daemon [_thread_in_native, id=3468, stack(0x000000b6f1700000,0x000000b6f1800000) (1024K)]
  0x000001fdbcfacf50 JavaThread "File watcher consumer"      daemon [_thread_blocked, id=1388, stack(0x000000b6f1800000,0x000000b6f1900000) (1024K)]
  0x000001fdbcfab510 JavaThread "Cache worker for checksums cache (C:\Users\Mahlo T.J\AndroidStudioProjects\FoodApp\.gradle\8.11.1\checksums)"        [_thread_blocked, id=10396, stack(0x000000b6f1900000,0x000000b6f1a00000) (1024K)]
  0x000001fdbcfa9440 JavaThread "Cache worker for cache directory md-rule (C:\Users\Mahlo T.J\.gradle\caches\8.11.1\md-rule)"        [_thread_blocked, id=10136, stack(0x000000b6f1a00000,0x000000b6f1b00000) (1024K)]
  0x000001fdbcfa7370 JavaThread "Cache worker for cache directory md-supplier (C:\Users\Mahlo T.J\.gradle\caches\8.11.1\md-supplier)"        [_thread_blocked, id=5388, stack(0x000000b6f1b00000,0x000000b6f1c00000) (1024K)]
  0x000001fdbcfaa7f0 JavaThread "Unconstrained build operations"        [_thread_blocked, id=6132, stack(0x000000b6f1c00000,0x000000b6f1d00000) (1024K)]
  0x000001fdbcfad5e0 JavaThread "Unconstrained build operations Thread 2"        [_thread_blocked, id=11048, stack(0x000000b6f1d00000,0x000000b6f1e00000) (1024K)]
  0x000001fdbcfaae80 JavaThread "Unconstrained build operations Thread 3"        [_thread_blocked, id=4836, stack(0x000000b6f1e00000,0x000000b6f1f00000) (1024K)]
  0x000001fdbcfa6ce0 JavaThread "build event listener"              [_thread_blocked, id=6580, stack(0x000000b6f1f00000,0x000000b6f2000000) (1024K)]
  0x000001fdbcfa7a00 JavaThread "Memory manager"                    [_thread_blocked, id=140, stack(0x000000b6ef200000,0x000000b6ef300000) (1024K)]
  0x000001fdbcfac230 JavaThread "build event listener"              [_thread_blocked, id=1728, stack(0x000000b6ef300000,0x000000b6ef400000) (1024K)]
  0x000001fdc098c650 JavaThread "included builds"                   [_thread_blocked, id=5124, stack(0x000000b6f2000000,0x000000b6f2100000) (1024K)]
  0x000001fdc098cce0 JavaThread "Execution worker"                  [_thread_blocked, id=4516, stack(0x000000b6f2100000,0x000000b6f2200000) (1024K)]
  0x000001fdc09891d0 JavaThread "Cache worker for execution history cache (C:\Users\Mahlo T.J\AndroidStudioProjects\FoodApp\.gradle\8.11.1\executionHistory)"        [_thread_blocked, id=1784, stack(0x000000b6f2200000,0x000000b6f2300000) (1024K)]
  0x000001fdc00d5aa0 JavaThread "Unconstrained build operations Thread 4"        [_thread_blocked, id=10972, stack(0x000000b6f2300000,0x000000b6f2400000) (1024K)]
  0x000001fdc00d95b0 JavaThread "Unconstrained build operations Thread 5"        [_thread_blocked, id=2780, stack(0x000000b6f2400000,0x000000b6f2500000) (1024K)]
  0x000001fdc00d4d80 JavaThread "Unconstrained build operations Thread 6"        [_thread_blocked, id=6816, stack(0x000000b6f2500000,0x000000b6f2600000) (1024K)]
  0x000001fdc00d5410 JavaThread "Unconstrained build operations Thread 7"        [_thread_blocked, id=3052, stack(0x000000b6f2600000,0x000000b6f2700000) (1024K)]
  0x000001fdc00d67c0 JavaThread "Unconstrained build operations Thread 8"        [_thread_blocked, id=3636, stack(0x000000b6f2700000,0x000000b6f2800000) (1024K)]
  0x000001fdc00da960 JavaThread "Unconstrained build operations Thread 9"        [_thread_blocked, id=3560, stack(0x000000b6f2800000,0x000000b6f2900000) (1024K)]
  0x000001fdc00d74e0 JavaThread "Unconstrained build operations Thread 10"        [_thread_blocked, id=1584, stack(0x000000b6f2900000,0x000000b6f2a00000) (1024K)]
  0x000001fdc00d7b70 JavaThread "Unconstrained build operations Thread 11"        [_thread_blocked, id=3204, stack(0x000000b6f2a00000,0x000000b6f2b00000) (1024K)]
  0x000001fdc00d8200 JavaThread "Unconstrained build operations Thread 12"        [_thread_blocked, id=1992, stack(0x000000b6f2b00000,0x000000b6f2c00000) (1024K)]
  0x000001fdc6901420 JavaThread "WorkerExecutor Queue"              [_thread_blocked, id=3836, stack(0x000000b6f2c00000,0x000000b6f2d00000) (1024K)]
  0x000001fdc68fbed0 JavaThread "Unconstrained build operations Thread 13"        [_thread_blocked, id=6368, stack(0x000000b6f2d00000,0x000000b6f2e00000) (1024K)]
  0x000001fdc6902140 JavaThread "Unconstrained build operations Thread 14"        [_thread_blocked, id=9988, stack(0x000000b6f2e00000,0x000000b6f2f00000) (1024K)]
  0x000001fdc68fd910 JavaThread "Unconstrained build operations Thread 15"        [_thread_blocked, id=6076, stack(0x000000b6f2f00000,0x000000b6f3000000) (1024K)]
  0x000001fdc68ff9e0 JavaThread "WorkerExecutor Queue Thread 2"        [_thread_in_Java, id=2836, stack(0x000000b6f3000000,0x000000b6f3100000) (1024K)]
  0x000001fdc68fdfa0 JavaThread "Unconstrained build operations Thread 16"        [_thread_blocked, id=6348, stack(0x000000b6f3100000,0x000000b6f3200000) (1024K)]
  0x000001fdc68fe630 JavaThread "Unconstrained build operations Thread 17"        [_thread_blocked, id=9960, stack(0x000000b6f3200000,0x000000b6f3300000) (1024K)]
Total: 57

Other Threads:
  0x000001fdb7413ac0 VMThread "VM Thread"                           [id=2848, stack(0x000000b6efb00000,0x000000b6efc00000) (1024K)]
  0x000001fdb7381e50 WatcherThread "VM Periodic Task Thread"        [id=8548, stack(0x000000b6efa00000,0x000000b6efb00000) (1024K)]
  0x000001fda0961cd0 WorkerThread "GC Thread#0"                     [id=5160, stack(0x000000b6ef500000,0x000000b6ef600000) (1024K)]
  0x000001fdbc0664e0 WorkerThread "GC Thread#1"                     [id=7628, stack(0x000000b6f0600000,0x000000b6f0700000) (1024K)]
  0x000001fda0972cb0 ConcurrentGCThread "G1 Main Marker"            [id=9428, stack(0x000000b6ef600000,0x000000b6ef700000) (1024K)]
  0x000001fda0973920 WorkerThread "G1 Conc#0"                       [id=9396, stack(0x000000b6ef700000,0x000000b6ef800000) (1024K)]
  0x000001fda09c6b20 ConcurrentGCThread "G1 Refine#0"               [id=8132, stack(0x000000b6ef800000,0x000000b6ef900000) (1024K)]
  0x000001fda09c7800 ConcurrentGCThread "G1 Service"                [id=1692, stack(0x000000b6ef900000,0x000000b6efa00000) (1024K)]
Total: 8

Threads with active compile tasks:
C2 CompilerThread0  113259 14428 % !   4       com.android.tools.r8.dex.C::k @ 99 (2746 bytes)
Total: 1

VM state: not at safepoint (normal execution)

VM Mutex/Monitor currently owned by a thread: None

Heap address: 0x0000000080000000, size: 2048 MB, Compressed Oops mode: 32-bit

CDS archive(s) not mapped
Compressed class space mapped at: 0x0000000100000000-0x0000000140000000, reserved size: 1073741824
Narrow klass base: 0x0000000000000000, Narrow klass shift: 3, Narrow klass range: 0x140000000

GC Precious Log:
 CardTable entry size: 512
 Card Set container configuration: InlinePtr #cards 5 size 8 Array Of Cards #cards 12 size 40 Howl #buckets 4 coarsen threshold 1843 Howl Bitmap #cards 512 size 80 coarsen threshold 460 Card regions per heap region 1 cards per card region 2048
 CPUs: 2 total, 2 available
 Memory: 3920M
 Large Page Support: Disabled
 NUMA Support: Disabled
 Compressed Oops: Enabled (32-bit)
 Heap Region Size: 1M
 Heap Min Capacity: 8M
 Heap Initial Capacity: 62M
 Heap Max Capacity: 2G
 Pre-touch: Disabled
 Parallel Workers: 2
 Concurrent Workers: 1
 Concurrent Refinement Workers: 2
 Periodic GC: Disabled

Heap:
 garbage-first heap   total 212992K, used 173632K [0x0000000080000000, 0x0000000100000000)
  region size 1024K, 29 young (29696K), 7 survivors (7168K)
 Metaspace       used 120701K, committed 122880K, reserved 1179648K
  class space    used 16375K, committed 17472K, reserved 1048576K

Heap Regions: E=young(eden), S=young(survivor), O=old, HS=humongous(starts), HC=humongous(continues), CS=collection set, F=free, TAMS=top-at-mark-start, PB=parsable bottom
|   0|0x0000000080000000, 0x0000000080100000, 0x0000000080100000|100%| O|  |TAMS 0x0000000080000000| PB 0x0000000080000000| Untracked 
|   1|0x0000000080100000, 0x0000000080200000, 0x0000000080200000|100%|HS|  |TAMS 0x0000000080100000| PB 0x0000000080100000| Complete 
|   2|0x0000000080200000, 0x0000000080300000, 0x0000000080300000|100%|HC|  |TAMS 0x0000000080200000| PB 0x0000000080200000| Complete 
|   3|0x0000000080300000, 0x0000000080400000, 0x0000000080400000|100%|HC|  |TAMS 0x0000000080300000| PB 0x0000000080300000| Complete 
|   4|0x0000000080400000, 0x0000000080500000, 0x0000000080500000|100%| O|  |TAMS 0x0000000080400000| PB 0x0000000080400000| Untracked 
|   5|0x0000000080500000, 0x0000000080600000, 0x0000000080600000|100%| O|  |TAMS 0x0000000080500000| PB 0x0000000080500000| Untracked 
|   6|0x0000000080600000, 0x0000000080700000, 0x0000000080700000|100%| O|  |TAMS 0x0000000080600000| PB 0x0000000080600000| Untracked 
|   7|0x0000000080700000, 0x0000000080800000, 0x0000000080800000|100%| O|  |TAMS 0x0000000080700000| PB 0x0000000080700000| Untracked 
|   8|0x0000000080800000, 0x0000000080900000, 0x0000000080900000|100%|HS|  |TAMS 0x0000000080800000| PB 0x0000000080800000| Complete 
|   9|0x0000000080900000, 0x0000000080a00000, 0x0000000080a00000|100%| O|  |TAMS 0x0000000080900000| PB 0x0000000080900000| Untracked 
|  10|0x0000000080a00000, 0x0000000080b00000, 0x0000000080b00000|100%| O|  |TAMS 0x0000000080a00000| PB 0x0000000080a00000| Untracked 
|  11|0x0000000080b00000, 0x0000000080c00000, 0x0000000080c00000|100%| O|  |TAMS 0x0000000080b00000| PB 0x0000000080b00000| Untracked 
|  12|0x0000000080c00000, 0x0000000080d00000, 0x0000000080d00000|100%| O|  |TAMS 0x0000000080c00000| PB 0x0000000080c00000| Untracked 
|  13|0x0000000080d00000, 0x0000000080e00000, 0x0000000080e00000|100%| O|  |TAMS 0x0000000080d00000| PB 0x0000000080d00000| Untracked 
|  14|0x0000000080e00000, 0x0000000080f00000, 0x0000000080f00000|100%| O|  |TAMS 0x0000000080e00000| PB 0x0000000080e00000| Untracked 
|  15|0x0000000080f00000, 0x0000000081000000, 0x0000000081000000|100%| O|  |TAMS 0x0000000080f00000| PB 0x0000000080f00000| Untracked 
|  16|0x0000000081000000, 0x0000000081100000, 0x0000000081100000|100%| O|  |TAMS 0x0000000081000000| PB 0x0000000081000000| Untracked 
|  17|0x0000000081100000, 0x0000000081200000, 0x0000000081200000|100%| O|  |TAMS 0x0000000081100000| PB 0x0000000081100000| Untracked 
|  18|0x0000000081200000, 0x0000000081300000, 0x0000000081300000|100%| O|  |TAMS 0x0000000081200000| PB 0x0000000081200000| Untracked 
|  19|0x0000000081300000, 0x0000000081400000, 0x0000000081400000|100%| O|  |TAMS 0x0000000081300000| PB 0x0000000081300000| Untracked 
|  20|0x0000000081400000, 0x0000000081500000, 0x0000000081500000|100%| O|  |TAMS 0x0000000081400000| PB 0x0000000081400000| Untracked 
|  21|0x0000000081500000, 0x0000000081600000, 0x0000000081600000|100%| O|  |TAMS 0x0000000081500000| PB 0x0000000081500000| Untracked 
|  22|0x0000000081600000, 0x0000000081700000, 0x0000000081700000|100%| O|  |TAMS 0x0000000081600000| PB 0x0000000081600000| Untracked 
|  23|0x0000000081700000, 0x0000000081800000, 0x0000000081800000|100%| O|  |TAMS 0x0000000081700000| PB 0x0000000081700000| Untracked 
|  24|0x0000000081800000, 0x0000000081900000, 0x0000000081900000|100%| O|  |TAMS 0x0000000081800000| PB 0x0000000081800000| Untracked 
|  25|0x0000000081900000, 0x0000000081a00000, 0x0000000081a00000|100%| O|  |TAMS 0x0000000081900000| PB 0x0000000081900000| Untracked 
|  26|0x0000000081a00000, 0x0000000081b00000, 0x0000000081b00000|100%| O|  |TAMS 0x0000000081a00000| PB 0x0000000081a00000| Untracked 
|  27|0x0000000081b00000, 0x0000000081c00000, 0x0000000081c00000|100%| O|  |TAMS 0x0000000081b00000| PB 0x0000000081b00000| Untracked 
|  28|0x0000000081c00000, 0x0000000081d00000, 0x0000000081d00000|100%| O|  |TAMS 0x0000000081c00000| PB 0x0000000081c00000| Untracked 
|  29|0x0000000081d00000, 0x0000000081e00000, 0x0000000081e00000|100%| O|  |TAMS 0x0000000081d00000| PB 0x0000000081d00000| Untracked 
|  30|0x0000000081e00000, 0x0000000081f00000, 0x0000000081f00000|100%| O|  |TAMS 0x0000000081e00000| PB 0x0000000081e00000| Untracked 
|  31|0x0000000081f00000, 0x0000000082000000, 0x0000000082000000|100%| O|  |TAMS 0x0000000081f00000| PB 0x0000000081f00000| Untracked 
|  32|0x0000000082000000, 0x0000000082100000, 0x0000000082100000|100%| O|  |TAMS 0x0000000082000000| PB 0x0000000082000000| Untracked 
|  33|0x0000000082100000, 0x0000000082200000, 0x0000000082200000|100%| O|  |TAMS 0x0000000082100000| PB 0x0000000082100000| Untracked 
|  34|0x0000000082200000, 0x0000000082300000, 0x0000000082300000|100%| O|  |TAMS 0x0000000082200000| PB 0x0000000082200000| Untracked 
|  35|0x0000000082300000, 0x0000000082400000, 0x0000000082400000|100%| O|  |TAMS 0x0000000082300000| PB 0x0000000082300000| Untracked 
|  36|0x0000000082400000, 0x0000000082500000, 0x0000000082500000|100%| O|  |TAMS 0x0000000082400000| PB 0x0000000082400000| Untracked 
|  37|0x0000000082500000, 0x0000000082600000, 0x0000000082600000|100%| O|  |TAMS 0x0000000082500000| PB 0x0000000082500000| Untracked 
|  38|0x0000000082600000, 0x0000000082700000, 0x0000000082700000|100%| O|  |TAMS 0x0000000082600000| PB 0x0000000082600000| Untracked 
|  39|0x0000000082700000, 0x0000000082800000, 0x0000000082800000|100%| O|  |TAMS 0x0000000082700000| PB 0x0000000082700000| Untracked 
|  40|0x0000000082800000, 0x0000000082900000, 0x0000000082900000|100%| O|  |TAMS 0x0000000082800000| PB 0x0000000082800000| Untracked 
|  41|0x0000000082900000, 0x0000000082a00000, 0x0000000082a00000|100%| O|  |TAMS 0x0000000082900000| PB 0x0000000082900000| Untracked 
|  42|0x0000000082a00000, 0x0000000082b00000, 0x0000000082b00000|100%| O|  |TAMS 0x0000000082a00000| PB 0x0000000082a00000| Untracked 
|  43|0x0000000082b00000, 0x0000000082c00000, 0x0000000082c00000|100%| O|  |TAMS 0x0000000082b00000| PB 0x0000000082b00000| Untracked 
|  44|0x0000000082c00000, 0x0000000082d00000, 0x0000000082d00000|100%|HS|  |TAMS 0x0000000082c00000| PB 0x0000000082c00000| Complete 
|  45|0x0000000082d00000, 0x0000000082e00000, 0x0000000082e00000|100%| O|  |TAMS 0x0000000082d00000| PB 0x0000000082d00000| Untracked 
|  46|0x0000000082e00000, 0x0000000082f00000, 0x0000000082f00000|100%| O|  |TAMS 0x0000000082e00000| PB 0x0000000082e00000| Untracked 
|  47|0x0000000082f00000, 0x0000000083000000, 0x0000000083000000|100%|HS|  |TAMS 0x0000000082f00000| PB 0x0000000082f00000| Complete 
|  48|0x0000000083000000, 0x0000000083100000, 0x0000000083100000|100%|HS|  |TAMS 0x0000000083000000| PB 0x0000000083000000| Complete 
|  49|0x0000000083100000, 0x0000000083200000, 0x0000000083200000|100%|HC|  |TAMS 0x0000000083100000| PB 0x0000000083100000| Complete 
|  50|0x0000000083200000, 0x0000000083300000, 0x0000000083300000|100%|HC|  |TAMS 0x0000000083200000| PB 0x0000000083200000| Complete 
|  51|0x0000000083300000, 0x0000000083400000, 0x0000000083400000|100%|HS|  |TAMS 0x0000000083300000| PB 0x0000000083300000| Complete 
|  52|0x0000000083400000, 0x0000000083500000, 0x0000000083500000|100%|HC|  |TAMS 0x0000000083400000| PB 0x0000000083400000| Complete 
|  53|0x0000000083500000, 0x0000000083600000, 0x0000000083600000|100%|HC|  |TAMS 0x0000000083500000| PB 0x0000000083500000| Complete 
|  54|0x0000000083600000, 0x0000000083700000, 0x0000000083700000|100%|HS|  |TAMS 0x0000000083600000| PB 0x0000000083600000| Complete 
|  55|0x0000000083700000, 0x0000000083800000, 0x0000000083800000|100%|HS|  |TAMS 0x0000000083700000| PB 0x0000000083700000| Complete 
|  56|0x0000000083800000, 0x0000000083900000, 0x0000000083900000|100%| O|  |TAMS 0x0000000083800000| PB 0x0000000083800000| Untracked 
|  57|0x0000000083900000, 0x0000000083a00000, 0x0000000083a00000|100%|HS|  |TAMS 0x0000000083900000| PB 0x0000000083900000| Complete 
|  58|0x0000000083a00000, 0x0000000083b00000, 0x0000000083b00000|100%|HS|  |TAMS 0x0000000083a00000| PB 0x0000000083a00000| Complete 
|  59|0x0000000083b00000, 0x0000000083c00000, 0x0000000083c00000|100%| O|  |TAMS 0x0000000083b00000| PB 0x0000000083b00000| Untracked 
|  60|0x0000000083c00000, 0x0000000083d00000, 0x0000000083d00000|100%| O|  |TAMS 0x0000000083c00000| PB 0x0000000083c00000| Untracked 
|  61|0x0000000083d00000, 0x0000000083e00000, 0x0000000083e00000|100%| O|  |TAMS 0x0000000083d00000| PB 0x0000000083d00000| Untracked 
|  62|0x0000000083e00000, 0x0000000083f00000, 0x0000000083f00000|100%| O|  |TAMS 0x0000000083e00000| PB 0x0000000083e00000| Untracked 
|  63|0x0000000083f00000, 0x0000000084000000, 0x0000000084000000|100%| O|  |TAMS 0x0000000083f00000| PB 0x0000000083f00000| Untracked 
|  64|0x0000000084000000, 0x0000000084100000, 0x0000000084100000|100%| O|  |TAMS 0x0000000084000000| PB 0x0000000084000000| Untracked 
|  65|0x0000000084100000, 0x0000000084200000, 0x0000000084200000|100%|HS|  |TAMS 0x0000000084100000| PB 0x0000000084100000| Complete 
|  66|0x0000000084200000, 0x0000000084300000, 0x0000000084300000|100%|HS|  |TAMS 0x0000000084200000| PB 0x0000000084200000| Complete 
|  67|0x0000000084300000, 0x0000000084400000, 0x0000000084400000|100%| O|  |TAMS 0x0000000084300000| PB 0x0000000084300000| Untracked 
|  68|0x0000000084400000, 0x0000000084500000, 0x0000000084500000|100%| O|  |TAMS 0x0000000084400000| PB 0x0000000084400000| Untracked 
|  69|0x0000000084500000, 0x0000000084600000, 0x0000000084600000|100%| O|  |TAMS 0x0000000084500000| PB 0x0000000084500000| Untracked 
|  70|0x0000000084600000, 0x0000000084700000, 0x0000000084700000|100%| O|  |TAMS 0x0000000084600000| PB 0x0000000084600000| Untracked 
|  71|0x0000000084700000, 0x0000000084800000, 0x0000000084800000|100%| O|  |TAMS 0x0000000084700000| PB 0x0000000084700000| Untracked 
|  72|0x0000000084800000, 0x0000000084900000, 0x0000000084900000|100%| O|  |TAMS 0x0000000084800000| PB 0x0000000084800000| Untracked 
|  73|0x0000000084900000, 0x0000000084a00000, 0x0000000084a00000|100%| O|  |TAMS 0x0000000084900000| PB 0x0000000084900000| Untracked 
|  74|0x0000000084a00000, 0x0000000084b00000, 0x0000000084b00000|100%| O|  |TAMS 0x0000000084a00000| PB 0x0000000084a00000| Untracked 
|  75|0x0000000084b00000, 0x0000000084c00000, 0x0000000084c00000|100%| O|  |TAMS 0x0000000084b00000| PB 0x0000000084b00000| Untracked 
|  76|0x0000000084c00000, 0x0000000084d00000, 0x0000000084d00000|100%| O|  |TAMS 0x0000000084c00000| PB 0x0000000084c00000| Untracked 
|  77|0x0000000084d00000, 0x0000000084e00000, 0x0000000084e00000|100%|HS|  |TAMS 0x0000000084d00000| PB 0x0000000084d00000| Complete 
|  78|0x0000000084e00000, 0x0000000084f00000, 0x0000000084f00000|100%|HC|  |TAMS 0x0000000084e00000| PB 0x0000000084e00000| Complete 
|  79|0x0000000084f00000, 0x0000000085000000, 0x0000000085000000|100%| O|  |TAMS 0x0000000084f00000| PB 0x0000000084f00000| Untracked 
|  80|0x0000000085000000, 0x0000000085100000, 0x0000000085100000|100%| O|  |TAMS 0x0000000085000000| PB 0x0000000085000000| Untracked 
|  81|0x0000000085100000, 0x0000000085100000, 0x0000000085200000|  0%| F|  |TAMS 0x0000000085100000| PB 0x0000000085100000| Untracked 
|  82|0x0000000085200000, 0x0000000085300000, 0x0000000085300000|100%| O|  |TAMS 0x0000000085200000| PB 0x0000000085200000| Untracked 
|  83|0x0000000085300000, 0x0000000085400000, 0x0000000085400000|100%| O|  |TAMS 0x0000000085300000| PB 0x0000000085300000| Untracked 
|  84|0x0000000085400000, 0x0000000085500000, 0x0000000085500000|100%| O|  |TAMS 0x0000000085400000| PB 0x0000000085400000| Untracked 
|  85|0x0000000085500000, 0x0000000085600000, 0x0000000085600000|100%| O|  |TAMS 0x0000000085500000| PB 0x0000000085500000| Untracked 
|  86|0x0000000085600000, 0x0000000085700000, 0x0000000085700000|100%| O|  |TAMS 0x0000000085600000| PB 0x0000000085600000| Untracked 
|  87|0x0000000085700000, 0x0000000085800000, 0x0000000085800000|100%| O|  |TAMS 0x0000000085700000| PB 0x0000000085700000| Untracked 
|  88|0x0000000085800000, 0x0000000085900000, 0x0000000085900000|100%| O|  |TAMS 0x0000000085800000| PB 0x0000000085800000| Untracked 
|  89|0x0000000085900000, 0x0000000085a00000, 0x0000000085a00000|100%| O|  |TAMS 0x0000000085900000| PB 0x0000000085900000| Untracked 
|  90|0x0000000085a00000, 0x0000000085b00000, 0x0000000085b00000|100%| O|  |TAMS 0x0000000085a00000| PB 0x0000000085a00000| Untracked 
|  91|0x0000000085b00000, 0x0000000085c00000, 0x0000000085c00000|100%| O|  |TAMS 0x0000000085b00000| PB 0x0000000085b00000| Untracked 
|  92|0x0000000085c00000, 0x0000000085d00000, 0x0000000085d00000|100%| O|  |TAMS 0x0000000085c00000| PB 0x0000000085c00000| Untracked 
|  93|0x0000000085d00000, 0x0000000085e00000, 0x0000000085e00000|100%| O|  |TAMS 0x0000000085d00000| PB 0x0000000085d00000| Untracked 
|  94|0x0000000085e00000, 0x0000000085f00000, 0x0000000085f00000|100%| O|  |TAMS 0x0000000085e00000| PB 0x0000000085e00000| Untracked 
|  95|0x0000000085f00000, 0x0000000085f00000, 0x0000000086000000|  0%| F|  |TAMS 0x0000000085f00000| PB 0x0000000085f00000| Untracked 
|  96|0x0000000086000000, 0x0000000086100000, 0x0000000086100000|100%| O|  |TAMS 0x0000000086000000| PB 0x0000000086000000| Untracked 
|  97|0x0000000086100000, 0x0000000086200000, 0x0000000086200000|100%| O|  |TAMS 0x0000000086100000| PB 0x0000000086100000| Untracked 
|  98|0x0000000086200000, 0x0000000086300000, 0x0000000086300000|100%| O|  |TAMS 0x0000000086200000| PB 0x0000000086200000| Untracked 
|  99|0x0000000086300000, 0x0000000086400000, 0x0000000086400000|100%| O|  |TAMS 0x0000000086300000| PB 0x0000000086300000| Untracked 
| 100|0x0000000086400000, 0x0000000086500000, 0x0000000086500000|100%| O|  |TAMS 0x0000000086400000| PB 0x0000000086400000| Untracked 
| 101|0x0000000086500000, 0x0000000086600000, 0x0000000086600000|100%| O|  |TAMS 0x0000000086500000| PB 0x0000000086500000| Untracked 
| 102|0x0000000086600000, 0x0000000086700000, 0x0000000086700000|100%| O|  |TAMS 0x0000000086600000| PB 0x0000000086600000| Untracked 
| 103|0x0000000086700000, 0x0000000086700000, 0x0000000086800000|  0%| F|  |TAMS 0x0000000086700000| PB 0x0000000086700000| Untracked 
| 104|0x0000000086800000, 0x0000000086900000, 0x0000000086900000|100%| O|  |TAMS 0x0000000086800000| PB 0x0000000086800000| Untracked 
| 105|0x0000000086900000, 0x0000000086a00000, 0x0000000086a00000|100%| O|  |TAMS 0x0000000086900000| PB 0x0000000086900000| Untracked 
| 106|0x0000000086a00000, 0x0000000086b00000, 0x0000000086b00000|100%| O|  |TAMS 0x0000000086a00000| PB 0x0000000086a00000| Untracked 
| 107|0x0000000086b00000, 0x0000000086c00000, 0x0000000086c00000|100%|HS|  |TAMS 0x0000000086b00000| PB 0x0000000086b00000| Complete 
| 108|0x0000000086c00000, 0x0000000086d00000, 0x0000000086d00000|100%|HS|  |TAMS 0x0000000086c00000| PB 0x0000000086c00000| Complete 
| 109|0x0000000086d00000, 0x0000000086e00000, 0x0000000086e00000|100%|HS|  |TAMS 0x0000000086d00000| PB 0x0000000086d00000| Complete 
| 110|0x0000000086e00000, 0x0000000086f00000, 0x0000000086f00000|100%|HC|  |TAMS 0x0000000086e00000| PB 0x0000000086e00000| Complete 
| 111|0x0000000086f00000, 0x0000000087000000, 0x0000000087000000|100%|HS|  |TAMS 0x0000000086f00000| PB 0x0000000086f00000| Complete 
| 112|0x0000000087000000, 0x0000000087100000, 0x0000000087100000|100%|HC|  |TAMS 0x0000000087000000| PB 0x0000000087000000| Complete 
| 113|0x0000000087100000, 0x0000000087200000, 0x0000000087200000|100%|HS|  |TAMS 0x0000000087100000| PB 0x0000000087100000| Complete 
| 114|0x0000000087200000, 0x0000000087300000, 0x0000000087300000|100%|HC|  |TAMS 0x0000000087200000| PB 0x0000000087200000| Complete 
| 115|0x0000000087300000, 0x0000000087400000, 0x0000000087400000|100%|HS|  |TAMS 0x0000000087300000| PB 0x0000000087300000| Complete 
| 116|0x0000000087400000, 0x0000000087500000, 0x0000000087500000|100%|HC|  |TAMS 0x0000000087400000| PB 0x0000000087400000| Complete 
| 117|0x0000000087500000, 0x0000000087600000, 0x0000000087600000|100%|HC|  |TAMS 0x0000000087500000| PB 0x0000000087500000| Complete 
| 118|0x0000000087600000, 0x0000000087700000, 0x0000000087700000|100%| O|  |TAMS 0x0000000087600000| PB 0x0000000087600000| Untracked 
| 119|0x0000000087700000, 0x0000000087800000, 0x0000000087800000|100%| O|  |TAMS 0x0000000087700000| PB 0x0000000087700000| Untracked 
| 120|0x0000000087800000, 0x0000000087900000, 0x0000000087900000|100%| O|  |TAMS 0x0000000087800000| PB 0x0000000087800000| Untracked 
| 121|0x0000000087900000, 0x0000000087a00000, 0x0000000087a00000|100%| O|  |TAMS 0x0000000087900000| PB 0x0000000087900000| Untracked 
| 122|0x0000000087a00000, 0x0000000087a00000, 0x0000000087b00000|  0%| F|  |TAMS 0x0000000087a00000| PB 0x0000000087a00000| Untracked 
| 123|0x0000000087b00000, 0x0000000087b00000, 0x0000000087c00000|  0%| F|  |TAMS 0x0000000087b00000| PB 0x0000000087b00000| Untracked 
| 124|0x0000000087c00000, 0x0000000087c00000, 0x0000000087d00000|  0%| F|  |TAMS 0x0000000087c00000| PB 0x0000000087c00000| Untracked 
| 125|0x0000000087d00000, 0x0000000087e00000, 0x0000000087e00000|100%|HS|  |TAMS 0x0000000087d00000| PB 0x0000000087d00000| Complete 
| 126|0x0000000087e00000, 0x0000000087f00000, 0x0000000087f00000|100%|HC|  |TAMS 0x0000000087e00000| PB 0x0000000087e00000| Complete 
| 127|0x0000000087f00000, 0x0000000087f00000, 0x0000000088000000|  0%| F|  |TAMS 0x0000000087f00000| PB 0x0000000087f00000| Untracked 
| 128|0x0000000088000000, 0x0000000088000000, 0x0000000088100000|  0%| F|  |TAMS 0x0000000088000000| PB 0x0000000088000000| Untracked 
| 129|0x0000000088100000, 0x0000000088100000, 0x0000000088200000|  0%| F|  |TAMS 0x0000000088100000| PB 0x0000000088100000| Untracked 
| 130|0x0000000088200000, 0x0000000088200000, 0x0000000088300000|  0%| F|  |TAMS 0x0000000088200000| PB 0x0000000088200000| Untracked 
| 131|0x0000000088300000, 0x0000000088300000, 0x0000000088400000|  0%| F|  |TAMS 0x0000000088300000| PB 0x0000000088300000| Untracked 
| 132|0x0000000088400000, 0x0000000088400000, 0x0000000088500000|  0%| F|  |TAMS 0x0000000088400000| PB 0x0000000088400000| Untracked 
| 133|0x0000000088500000, 0x0000000088500000, 0x0000000088600000|  0%| F|  |TAMS 0x0000000088500000| PB 0x0000000088500000| Untracked 
| 134|0x0000000088600000, 0x0000000088600000, 0x0000000088700000|  0%| F|  |TAMS 0x0000000088600000| PB 0x0000000088600000| Untracked 
| 135|0x0000000088700000, 0x0000000088800000, 0x0000000088800000|100%|HS|  |TAMS 0x0000000088700000| PB 0x0000000088700000| Complete 
| 136|0x0000000088800000, 0x0000000088800000, 0x0000000088900000|  0%| F|  |TAMS 0x0000000088800000| PB 0x0000000088800000| Untracked 
| 137|0x0000000088900000, 0x0000000088a00000, 0x0000000088a00000|100%|HS|  |TAMS 0x0000000088900000| PB 0x0000000088900000| Complete 
| 138|0x0000000088a00000, 0x0000000088a00000, 0x0000000088b00000|  0%| F|  |TAMS 0x0000000088a00000| PB 0x0000000088a00000| Untracked 
| 139|0x0000000088b00000, 0x0000000088c00000, 0x0000000088c00000|100%|HS|  |TAMS 0x0000000088b00000| PB 0x0000000088b00000| Complete 
| 140|0x0000000088c00000, 0x0000000088c00000, 0x0000000088d00000|  0%| F|  |TAMS 0x0000000088c00000| PB 0x0000000088c00000| Untracked 
| 141|0x0000000088d00000, 0x0000000088d00000, 0x0000000088e00000|  0%| F|  |TAMS 0x0000000088d00000| PB 0x0000000088d00000| Untracked 
| 142|0x0000000088e00000, 0x0000000088e00000, 0x0000000088f00000|  0%| F|  |TAMS 0x0000000088e00000| PB 0x0000000088e00000| Untracked 
| 143|0x0000000088f00000, 0x0000000089000000, 0x0000000089000000|100%|HS|  |TAMS 0x0000000088f00000| PB 0x0000000088f00000| Complete 
| 144|0x0000000089000000, 0x0000000089100000, 0x0000000089100000|100%|HC|  |TAMS 0x0000000089000000| PB 0x0000000089000000| Complete 
| 145|0x0000000089100000, 0x0000000089100000, 0x0000000089200000|  0%| F|  |TAMS 0x0000000089100000| PB 0x0000000089100000| Untracked 
| 146|0x0000000089200000, 0x0000000089200000, 0x0000000089300000|  0%| F|  |TAMS 0x0000000089200000| PB 0x0000000089200000| Untracked 
| 147|0x0000000089300000, 0x0000000089300000, 0x0000000089400000|  0%| F|  |TAMS 0x0000000089300000| PB 0x0000000089300000| Untracked 
| 148|0x0000000089400000, 0x0000000089500000, 0x0000000089500000|100%|HS|  |TAMS 0x0000000089400000| PB 0x0000000089400000| Complete 
| 149|0x0000000089500000, 0x0000000089600000, 0x0000000089600000|100%|HC|  |TAMS 0x0000000089500000| PB 0x0000000089500000| Complete 
| 150|0x0000000089600000, 0x0000000089600000, 0x0000000089700000|  0%| F|  |TAMS 0x0000000089600000| PB 0x0000000089600000| Untracked 
| 151|0x0000000089700000, 0x0000000089700000, 0x0000000089800000|  0%| F|  |TAMS 0x0000000089700000| PB 0x0000000089700000| Untracked 
| 152|0x0000000089800000, 0x0000000089800000, 0x0000000089900000|  0%| F|  |TAMS 0x0000000089800000| PB 0x0000000089800000| Untracked 
| 153|0x0000000089900000, 0x0000000089a00000, 0x0000000089a00000|100%|HS|  |TAMS 0x0000000089900000| PB 0x0000000089900000| Complete 
| 154|0x0000000089a00000, 0x0000000089b00000, 0x0000000089b00000|100%|HC|  |TAMS 0x0000000089a00000| PB 0x0000000089a00000| Complete 
| 155|0x0000000089b00000, 0x0000000089b00000, 0x0000000089c00000|  0%| F|  |TAMS 0x0000000089b00000| PB 0x0000000089b00000| Untracked 
| 156|0x0000000089c00000, 0x0000000089c00000, 0x0000000089d00000|  0%| F|  |TAMS 0x0000000089c00000| PB 0x0000000089c00000| Untracked 
| 157|0x0000000089d00000, 0x0000000089d00000, 0x0000000089e00000|  0%| F|  |TAMS 0x0000000089d00000| PB 0x0000000089d00000| Untracked 
| 158|0x0000000089e00000, 0x0000000089e00000, 0x0000000089f00000|  0%| F|  |TAMS 0x0000000089e00000| PB 0x0000000089e00000| Untracked 
| 159|0x0000000089f00000, 0x0000000089f00000, 0x000000008a000000|  0%| F|  |TAMS 0x0000000089f00000| PB 0x0000000089f00000| Untracked 
| 160|0x000000008a000000, 0x000000008a000000, 0x000000008a100000|  0%| F|  |TAMS 0x000000008a000000| PB 0x000000008a000000| Untracked 
| 161|0x000000008a100000, 0x000000008a100000, 0x000000008a200000|  0%| F|  |TAMS 0x000000008a100000| PB 0x000000008a100000| Untracked 
| 162|0x000000008a200000, 0x000000008a200000, 0x000000008a300000|  0%| F|  |TAMS 0x000000008a200000| PB 0x000000008a200000| Untracked 
| 163|0x000000008a300000, 0x000000008a300000, 0x000000008a400000|  0%| F|  |TAMS 0x000000008a300000| PB 0x000000008a300000| Untracked 
| 164|0x000000008a400000, 0x000000008a400000, 0x000000008a500000|  0%| F|  |TAMS 0x000000008a400000| PB 0x000000008a400000| Untracked 
| 165|0x000000008a500000, 0x000000008a500000, 0x000000008a600000|  0%| F|  |TAMS 0x000000008a500000| PB 0x000000008a500000| Untracked 
| 166|0x000000008a600000, 0x000000008a6f1d40, 0x000000008a700000| 94%| E|  |TAMS 0x000000008a600000| PB 0x000000008a600000| Complete 
| 167|0x000000008a700000, 0x000000008a800000, 0x000000008a800000|100%| E|CS|TAMS 0x000000008a700000| PB 0x000000008a700000| Complete 
| 168|0x000000008a800000, 0x000000008a900000, 0x000000008a900000|100%| E|CS|TAMS 0x000000008a800000| PB 0x000000008a800000| Complete 
| 169|0x000000008a900000, 0x000000008aa00000, 0x000000008aa00000|100%| E|CS|TAMS 0x000000008a900000| PB 0x000000008a900000| Complete 
| 170|0x000000008aa00000, 0x000000008ab00000, 0x000000008ab00000|100%| E|CS|TAMS 0x000000008aa00000| PB 0x000000008aa00000| Complete 
| 171|0x000000008ab00000, 0x000000008ac00000, 0x000000008ac00000|100%| E|CS|TAMS 0x000000008ab00000| PB 0x000000008ab00000| Complete 
| 172|0x000000008ac00000, 0x000000008ad00000, 0x000000008ad00000|100%| E|CS|TAMS 0x000000008ac00000| PB 0x000000008ac00000| Complete 
| 173|0x000000008ad00000, 0x000000008ae00000, 0x000000008ae00000|100%| E|CS|TAMS 0x000000008ad00000| PB 0x000000008ad00000| Complete 
| 174|0x000000008ae00000, 0x000000008af00000, 0x000000008af00000|100%| E|CS|TAMS 0x000000008ae00000| PB 0x000000008ae00000| Complete 
| 175|0x000000008af00000, 0x000000008b000000, 0x000000008b000000|100%| E|CS|TAMS 0x000000008af00000| PB 0x000000008af00000| Complete 
| 176|0x000000008b000000, 0x000000008b100000, 0x000000008b100000|100%| E|CS|TAMS 0x000000008b000000| PB 0x000000008b000000| Complete 
| 177|0x000000008b100000, 0x000000008b200000, 0x000000008b200000|100%| E|  |TAMS 0x000000008b100000| PB 0x000000008b100000| Complete 
| 178|0x000000008b200000, 0x000000008b300000, 0x000000008b300000|100%| E|CS|TAMS 0x000000008b200000| PB 0x000000008b200000| Complete 
| 179|0x000000008b300000, 0x000000008b400000, 0x000000008b400000|100%| E|CS|TAMS 0x000000008b300000| PB 0x000000008b300000| Complete 
| 180|0x000000008b400000, 0x000000008b500000, 0x000000008b500000|100%| E|CS|TAMS 0x000000008b400000| PB 0x000000008b400000| Complete 
| 181|0x000000008b500000, 0x000000008b600000, 0x000000008b600000|100%| E|CS|TAMS 0x000000008b500000| PB 0x000000008b500000| Complete 
| 182|0x000000008b600000, 0x000000008b700000, 0x000000008b700000|100%| E|CS|TAMS 0x000000008b600000| PB 0x000000008b600000| Complete 
| 183|0x000000008b700000, 0x000000008b800000, 0x000000008b800000|100%| E|CS|TAMS 0x000000008b700000| PB 0x000000008b700000| Complete 
| 184|0x000000008b800000, 0x000000008b900000, 0x000000008b900000|100%|HS|  |TAMS 0x000000008b800000| PB 0x000000008b800000| Complete 
| 185|0x000000008b900000, 0x000000008ba00000, 0x000000008ba00000|100%|HC|  |TAMS 0x000000008b900000| PB 0x000000008b900000| Complete 
| 186|0x000000008ba00000, 0x000000008bb00000, 0x000000008bb00000|100%|HC|  |TAMS 0x000000008ba00000| PB 0x000000008ba00000| Complete 
| 187|0x000000008bb00000, 0x000000008bc00000, 0x000000008bc00000|100%| S|CS|TAMS 0x000000008bb00000| PB 0x000000008bb00000| Complete 
| 188|0x000000008bc00000, 0x000000008bd00000, 0x000000008bd00000|100%| S|CS|TAMS 0x000000008bc00000| PB 0x000000008bc00000| Complete 
| 189|0x000000008bd00000, 0x000000008be00000, 0x000000008be00000|100%| S|CS|TAMS 0x000000008bd00000| PB 0x000000008bd00000| Complete 
| 190|0x000000008be00000, 0x000000008bf00000, 0x000000008bf00000|100%| S|CS|TAMS 0x000000008be00000| PB 0x000000008be00000| Complete 
| 191|0x000000008bf00000, 0x000000008c000000, 0x000000008c000000|100%| S|CS|TAMS 0x000000008bf00000| PB 0x000000008bf00000| Complete 
| 192|0x000000008c000000, 0x000000008c100000, 0x000000008c100000|100%| S|CS|TAMS 0x000000008c000000| PB 0x000000008c000000| Complete 
| 193|0x000000008c100000, 0x000000008c190010, 0x000000008c200000| 56%| S|CS|TAMS 0x000000008c100000| PB 0x000000008c100000| Complete 
|2034|0x00000000ff200000, 0x00000000ff300000, 0x00000000ff300000|100%| O|  |TAMS 0x00000000ff200000| PB 0x00000000ff200000| Untracked 
|2035|0x00000000ff300000, 0x00000000ff400000, 0x00000000ff400000|100%| O|  |TAMS 0x00000000ff300000| PB 0x00000000ff300000| Untracked 
|2036|0x00000000ff400000, 0x00000000ff500000, 0x00000000ff500000|100%| O|  |TAMS 0x00000000ff400000| PB 0x00000000ff400000| Untracked 
|2037|0x00000000ff500000, 0x00000000ff600000, 0x00000000ff600000|100%| O|  |TAMS 0x00000000ff500000| PB 0x00000000ff500000| Untracked 
|2038|0x00000000ff600000, 0x00000000ff700000, 0x00000000ff700000|100%| O|  |TAMS 0x00000000ff600000| PB 0x00000000ff600000| Untracked 
|2039|0x00000000ff700000, 0x00000000ff800000, 0x00000000ff800000|100%| O|  |TAMS 0x00000000ff700000| PB 0x00000000ff700000| Untracked 
|2040|0x00000000ff800000, 0x00000000ff900000, 0x00000000ff900000|100%| O|  |TAMS 0x00000000ff800000| PB 0x00000000ff800000| Untracked 
|2041|0x00000000ff900000, 0x00000000ffa00000, 0x00000000ffa00000|100%| O|  |TAMS 0x00000000ff900000| PB 0x00000000ff900000| Untracked 
|2042|0x00000000ffa00000, 0x00000000ffb00000, 0x00000000ffb00000|100%| O|  |TAMS 0x00000000ffa00000| PB 0x00000000ffa00000| Untracked 
|2043|0x00000000ffb00000, 0x00000000ffc00000, 0x00000000ffc00000|100%| E|CS|TAMS 0x00000000ffb00000| PB 0x00000000ffb00000| Complete 
|2044|0x00000000ffc00000, 0x00000000ffd00000, 0x00000000ffd00000|100%| E|CS|TAMS 0x00000000ffc00000| PB 0x00000000ffc00000| Complete 
|2045|0x00000000ffd00000, 0x00000000ffe00000, 0x00000000ffe00000|100%| E|CS|TAMS 0x00000000ffd00000| PB 0x00000000ffd00000| Complete 
|2046|0x00000000ffe00000, 0x00000000fff00000, 0x00000000fff00000|100%| E|CS|TAMS 0x00000000ffe00000| PB 0x00000000ffe00000| Complete 
|2047|0x00000000fff00000, 0x0000000100000000, 0x0000000100000000|100%| O|  |TAMS 0x00000000fff00000| PB 0x00000000fff00000| Untracked 

Card table byte_map: [0x000001fdb2e60000,0x000001fdb3260000] _byte_map_base: 0x000001fdb2a60000

Marking Bits: (CMBitMap*) 0x000001fda09623d0
 Bits: [0x000001fdb3260000, 0x000001fdb5260000)

Polling page: 0x000001fda00d0000

Metaspace:

Usage:
  Non-class:    101.88 MB used.
      Class:     15.99 MB used.
       Both:    117.87 MB used.

Virtual space:
  Non-class space:      128.00 MB reserved,     102.94 MB ( 80%) committed,  2 nodes.
      Class space:        1.00 GB reserved,      17.06 MB (  2%) committed,  1 nodes.
             Both:        1.12 GB reserved,     120.00 MB ( 10%) committed. 

Chunk freelists:
   Non-Class:  8.25 MB
       Class:  14.84 MB
        Both:  23.09 MB

MaxMetaspaceSize: unlimited
CompressedClassSpaceSize: 1.00 GB
Initial GC threshold: 21.00 MB
Current GC threshold: 193.88 MB
CDS: off
 - commit_granule_bytes: 65536.
 - commit_granule_words: 8192.
 - virtual_space_node_default_size: 8388608.
 - enlarge_chunks_in_place: 1.
 - use_allocation_guard: 0.


Internal statistics:

num_allocs_failed_limit: 6.
num_arena_births: 4248.
num_arena_deaths: 0.
num_vsnodes_births: 3.
num_vsnodes_deaths: 0.
num_space_committed: 1919.
num_space_uncommitted: 0.
num_chunks_returned_to_freelist: 6.
num_chunks_taken_from_freelist: 9401.
num_chunk_merges: 6.
num_chunk_splits: 6145.
num_chunks_enlarged: 3891.
num_inconsistent_stats: 0.

CodeHeap 'non-profiled nmethods': size=120064Kb used=7874Kb max_used=7874Kb free=112189Kb
 bounds [0x000001fdab520000, 0x000001fdabce0000, 0x000001fdb2a60000]
CodeHeap 'profiled nmethods': size=120000Kb used=22824Kb max_used=23137Kb free=97175Kb
 bounds [0x000001fda3a60000, 0x000001fda5120000, 0x000001fdaaf90000]
CodeHeap 'non-nmethods': size=5696Kb used=2154Kb max_used=2181Kb free=3542Kb
 bounds [0x000001fdaaf90000, 0x000001fdab200000, 0x000001fdab520000]
 total_blobs=12973 nmethods=12085 adapters=792
 compilation: enabled
              stopped_count=0, restarted_count=0
 full_count=0

Compilation events (20 events):
Event: 112.802 Thread 0x000001fdb74f8e00 14453       3       com.android.tools.r8.graph.A2::c (60 bytes)
Event: 112.803 Thread 0x000001fdb74f8e00 nmethod 14453 0x000001fda4e7bd10 code [0x000001fda4e7bf60, 0x000001fda4e7c938]
Event: 112.812 Thread 0x000001fdb74f8e00 14455       3       com.android.tools.r8.internal.FS::a (125 bytes)
Event: 112.813 Thread 0x000001fdb74f8e00 nmethod 14455 0x000001fda42d7090 code [0x000001fda42d7280, 0x000001fda42d7800]
Event: 112.817 Thread 0x000001fdb74f8e00 14456       3       com.android.tools.r8.internal.ES::<init> (47 bytes)
Event: 112.817 Thread 0x000001fdb74f8e00 nmethod 14456 0x000001fda44e4e10 code [0x000001fda44e4fe0, 0x000001fda44e5390]
Event: 112.874 Thread 0x000001fdb74f8e00 14461       2       com.android.tools.r8.internal.FS::a (368 bytes)
Event: 112.875 Thread 0x000001fdb74f8e00 nmethod 14461 0x000001fda4d57690 code [0x000001fda4d57880, 0x000001fda4d57c68]
Event: 112.876 Thread 0x000001fdb74f8e00 14462       2       com.android.tools.r8.internal.FS::put (55 bytes)
Event: 112.876 Thread 0x000001fdb74f8e00 nmethod 14462 0x000001fda457c290 code [0x000001fda457c460, 0x000001fda457c770]
Event: 112.876 Thread 0x000001fdb74f8e00 14463       2       com.android.tools.r8.internal.FS::a (74 bytes)
Event: 112.877 Thread 0x000001fdb74f8e00 nmethod 14463 0x000001fda4599490 code [0x000001fda4599660, 0x000001fda4599990]
Event: 112.881 Thread 0x000001fdb74f8e00 14465       2       com.android.tools.r8.internal.D20::a (183 bytes)
Event: 112.882 Thread 0x000001fdb74f8e00 nmethod 14465 0x000001fda4367810 code [0x000001fda4367a60, 0x000001fda4367fc0]
Event: 113.070 Thread 0x000001fdb74f8e00 14470       3       com.android.tools.r8.internal.FS::put (55 bytes)
Event: 113.070 Thread 0x000001fdb74f8e00 nmethod 14470 0x000001fda454fc10 code [0x000001fda454fe00, 0x000001fda45501e0]
Event: 113.071 Thread 0x000001fdb74f8e00 14471       3       com.android.tools.r8.internal.FS::a (368 bytes)
Event: 113.072 Thread 0x000001fdb74f8e00 nmethod 14471 0x000001fda4477a10 code [0x000001fda4477c80, 0x000001fda4478618]
Event: 113.075 Thread 0x000001fdb74f8e00 14472       3       com.android.tools.r8.internal.D20::a (183 bytes)
Event: 113.076 Thread 0x000001fdb74f8e00 nmethod 14472 0x000001fda4ee0590 code [0x000001fda4ee0800, 0x000001fda4ee11c8]

GC Heap History (20 events):
Event: 82.309 GC heap before
{Heap before GC invocations=54 (full 0):
 garbage-first heap   total 148480K, used 134288K [0x0000000080000000, 0x0000000100000000)
  region size 1024K, 47 young (48128K), 5 survivors (5120K)
 Metaspace       used 105310K, committed 107456K, reserved 1179648K
  class space    used 14433K, committed 15488K, reserved 1048576K
}
Event: 82.336 GC heap after
{Heap after GC invocations=55 (full 0):
 garbage-first heap   total 178176K, used 91556K [0x0000000080000000, 0x0000000100000000)
  region size 1024K, 4 young (4096K), 4 survivors (4096K)
 Metaspace       used 105310K, committed 107456K, reserved 1179648K
  class space    used 14433K, committed 15488K, reserved 1048576K
}
Event: 88.522 GC heap before
{Heap before GC invocations=55 (full 0):
 garbage-first heap   total 178176K, used 163236K [0x0000000080000000, 0x0000000100000000)
  region size 1024K, 74 young (75776K), 4 survivors (4096K)
 Metaspace       used 111483K, committed 113600K, reserved 1179648K
  class space    used 15271K, committed 16320K, reserved 1048576K
}
Event: 88.560 GC heap after
{Heap after GC invocations=56 (full 0):
 garbage-first heap   total 178176K, used 97188K [0x0000000080000000, 0x0000000100000000)
  region size 1024K, 10 young (10240K), 10 survivors (10240K)
 Metaspace       used 111483K, committed 113600K, reserved 1179648K
  class space    used 15271K, committed 16320K, reserved 1048576K
}
Event: 92.167 GC heap before
{Heap before GC invocations=57 (full 0):
 garbage-first heap   total 178176K, used 155556K [0x0000000080000000, 0x0000000100000000)
  region size 1024K, 68 young (69632K), 10 survivors (10240K)
 Metaspace       used 111944K, committed 114112K, reserved 1179648K
  class space    used 15308K, committed 16384K, reserved 1048576K
}
Event: 92.226 GC heap after
{Heap after GC invocations=58 (full 0):
 garbage-first heap   total 178176K, used 103697K [0x0000000080000000, 0x0000000100000000)
  region size 1024K, 7 young (7168K), 7 survivors (7168K)
 Metaspace       used 111944K, committed 114112K, reserved 1179648K
  class space    used 15308K, committed 16384K, reserved 1048576K
}
Event: 97.400 GC heap before
{Heap before GC invocations=58 (full 0):
 garbage-first heap   total 178176K, used 158993K [0x0000000080000000, 0x0000000100000000)
  region size 1024K, 62 young (63488K), 7 survivors (7168K)
 Metaspace       used 112449K, committed 114560K, reserved 1179648K
  class space    used 15407K, committed 16448K, reserved 1048576K
}
Event: 97.438 GC heap after
{Heap after GC invocations=59 (full 0):
 garbage-first heap   total 178176K, used 104960K [0x0000000080000000, 0x0000000100000000)
  region size 1024K, 5 young (5120K), 5 survivors (5120K)
 Metaspace       used 112449K, committed 114560K, reserved 1179648K
  class space    used 15407K, committed 16448K, reserved 1048576K
}
Event: 100.408 GC heap before
{Heap before GC invocations=59 (full 0):
 garbage-first heap   total 178176K, used 161280K [0x0000000080000000, 0x0000000100000000)
  region size 1024K, 61 young (62464K), 5 survivors (5120K)
 Metaspace       used 112511K, committed 114624K, reserved 1179648K
  class space    used 15410K, committed 16448K, reserved 1048576K
}
Event: 100.432 GC heap after
{Heap after GC invocations=60 (full 0):
 garbage-first heap   total 178176K, used 106971K [0x0000000080000000, 0x0000000100000000)
  region size 1024K, 4 young (4096K), 4 survivors (4096K)
 Metaspace       used 112511K, committed 114624K, reserved 1179648K
  class space    used 15410K, committed 16448K, reserved 1048576K
}
Event: 105.312 GC heap before
{Heap before GC invocations=61 (full 0):
 garbage-first heap   total 179200K, used 167387K [0x0000000080000000, 0x0000000100000000)
  region size 1024K, 59 young (60416K), 4 survivors (4096K)
 Metaspace       used 116464K, committed 118592K, reserved 1179648K
  class space    used 15783K, committed 16832K, reserved 1048576K
}
Event: 105.344 GC heap after
{Heap after GC invocations=62 (full 0):
 garbage-first heap   total 179200K, used 111104K [0x0000000080000000, 0x0000000100000000)
  region size 1024K, 8 young (8192K), 8 survivors (8192K)
 Metaspace       used 116464K, committed 118592K, reserved 1179648K
  class space    used 15783K, committed 16832K, reserved 1048576K
}
Event: 107.068 GC heap before
{Heap before GC invocations=62 (full 0):
 garbage-first heap   total 179200K, used 159232K [0x0000000080000000, 0x0000000100000000)
  region size 1024K, 56 young (57344K), 8 survivors (8192K)
 Metaspace       used 116504K, committed 118720K, reserved 1179648K
  class space    used 15787K, committed 16896K, reserved 1048576K
}
Event: 107.104 GC heap after
{Heap after GC invocations=63 (full 0):
 garbage-first heap   total 179200K, used 110907K [0x0000000080000000, 0x0000000100000000)
  region size 1024K, 4 young (4096K), 4 survivors (4096K)
 Metaspace       used 116504K, committed 118720K, reserved 1179648K
  class space    used 15787K, committed 16896K, reserved 1048576K
}
Event: 108.127 GC heap before
{Heap before GC invocations=63 (full 0):
 garbage-first heap   total 179200K, used 133435K [0x0000000080000000, 0x0000000100000000)
  region size 1024K, 28 young (28672K), 4 survivors (4096K)
 Metaspace       used 116933K, committed 119104K, reserved 1179648K
  class space    used 15846K, committed 16960K, reserved 1048576K
}
Event: 108.146 GC heap after
{Heap after GC invocations=64 (full 0):
 garbage-first heap   total 179200K, used 112862K [0x0000000080000000, 0x0000000100000000)
  region size 1024K, 6 young (6144K), 6 survivors (6144K)
 Metaspace       used 116933K, committed 119104K, reserved 1179648K
  class space    used 15846K, committed 16960K, reserved 1048576K
}
Event: 111.749 GC heap before
{Heap before GC invocations=65 (full 0):
 garbage-first heap   total 193536K, used 175326K [0x0000000080000000, 0x0000000100000000)
  region size 1024K, 54 young (55296K), 6 survivors (6144K)
 Metaspace       used 118850K, committed 121024K, reserved 1179648K
  class space    used 16113K, committed 17216K, reserved 1048576K
}
Event: 111.776 GC heap after
{Heap after GC invocations=66 (full 0):
 garbage-first heap   total 193536K, used 133120K [0x0000000080000000, 0x0000000100000000)
  region size 1024K, 7 young (7168K), 7 survivors (7168K)
 Metaspace       used 118850K, committed 121024K, reserved 1179648K
  class space    used 16113K, committed 17216K, reserved 1048576K
}
Event: 112.395 GC heap before
{Heap before GC invocations=66 (full 0):
 garbage-first heap   total 196608K, used 195584K [0x0000000080000000, 0x0000000100000000)
  region size 1024K, 34 young (34816K), 7 survivors (7168K)
 Metaspace       used 120384K, committed 122496K, reserved 1179648K
  class space    used 16333K, committed 17408K, reserved 1048576K
}
Event: 112.428 GC heap after
{Heap after GC invocations=67 (full 0):
 garbage-first heap   total 212992K, used 153152K [0x0000000080000000, 0x0000000100000000)
  region size 1024K, 7 young (7168K), 7 survivors (7168K)
 Metaspace       used 120384K, committed 122496K, reserved 1179648K
  class space    used 16333K, committed 17408K, reserved 1048576K
}

Dll operation events (3 events):
Event: 0.080 Loaded shared library C:\Program Files\Android\Android Studio2\jbr\bin\java.dll
Event: 0.094 Loaded shared library C:\Program Files\Android\Android Studio2\jbr\bin\zip.dll
Event: 3.177 Loaded shared library C:\Program Files\Android\Android Studio2\jbr\bin\verify.dll

Deoptimization events (20 events):
Event: 111.604 Thread 0x000001fdc68ff9e0 DEOPT PACKING pc=0x000001fdab68d32c sp=0x000000b6f30fd770
Event: 111.604 Thread 0x000001fdc68ff9e0 DEOPT UNPACKING pc=0x000001fdaafe469c sp=0x000000b6f30fd650 mode 2
Event: 112.349 Thread 0x000001fdc68ff9e0 Uncommon trap: trap_request=0xffffff45 fr.pc=0x000001fdab61e014 relative=0x00000000000000f4
Event: 112.349 Thread 0x000001fdc68ff9e0 Uncommon trap: reason=unstable_if action=reinterpret pc=0x000001fdab61e014 method=jdk.internal.misc.Unsafe.convEndian(ZS)S @ 4 c2
Event: 112.349 Thread 0x000001fdc68ff9e0 DEOPT PACKING pc=0x000001fdab61e014 sp=0x000000b6f30fd8d0
Event: 112.349 Thread 0x000001fdc68ff9e0 DEOPT UNPACKING pc=0x000001fdaafe469c sp=0x000000b6f30fd668 mode 2
Event: 112.349 Thread 0x000001fdc68ff9e0 Uncommon trap: trap_request=0xffffff45 fr.pc=0x000001fdab64fdb0 relative=0x0000000000000090
Event: 112.349 Thread 0x000001fdc68ff9e0 Uncommon trap: reason=unstable_if action=reinterpret pc=0x000001fdab64fdb0 method=jdk.internal.misc.Unsafe.convEndian(ZS)S @ 4 c2
Event: 112.349 Thread 0x000001fdc68ff9e0 DEOPT PACKING pc=0x000001fdab64fdb0 sp=0x000000b6f30fd7b0
Event: 112.349 Thread 0x000001fdc68ff9e0 DEOPT UNPACKING pc=0x000001fdaafe469c sp=0x000000b6f30fd6b8 mode 2
Event: 112.350 Thread 0x000001fdc68ff9e0 Uncommon trap: trap_request=0xffffff45 fr.pc=0x000001fdab628d6c relative=0x000000000000004c
Event: 112.350 Thread 0x000001fdc68ff9e0 Uncommon trap: reason=unstable_if action=reinterpret pc=0x000001fdab628d6c method=jdk.internal.misc.Unsafe.convEndian(ZS)S @ 4 c2
Event: 112.350 Thread 0x000001fdc68ff9e0 DEOPT PACKING pc=0x000001fdab628d6c sp=0x000000b6f30fd700
Event: 112.351 Thread 0x000001fdc68ff9e0 DEOPT UNPACKING pc=0x000001fdaafe469c sp=0x000000b6f30fd698 mode 2
Event: 112.447 Thread 0x000001fdc68ff9e0 DEOPT PACKING pc=0x000001fda3c259c1 sp=0x000000b6f30fd9f0
Event: 112.447 Thread 0x000001fdc68ff9e0 DEOPT UNPACKING pc=0x000001fdaafe4e23 sp=0x000000b6f30fcf58 mode 0
Event: 112.695 Thread 0x000001fdc68ff9e0 Uncommon trap: trap_request=0xffffff45 fr.pc=0x000001fdab7d62c0 relative=0x00000000000000a0
Event: 112.695 Thread 0x000001fdc68ff9e0 Uncommon trap: reason=unstable_if action=reinterpret pc=0x000001fdab7d62c0 method=com.android.tools.r8.internal.zB.a(I)Z @ 45 c2
Event: 112.695 Thread 0x000001fdc68ff9e0 DEOPT PACKING pc=0x000001fdab7d62c0 sp=0x000000b6f30fd670
Event: 112.695 Thread 0x000001fdc68ff9e0 DEOPT UNPACKING pc=0x000001fdaafe469c sp=0x000000b6f30fd600 mode 2

Classes loaded (20 events):
Event: 102.408 Loading class java/time/Instant$1
Event: 102.409 Loading class java/time/Instant$1 done
Event: 107.746 Loading class java/nio/file/FileTreeIterator
Event: 107.746 Loading class java/nio/file/FileTreeIterator done
Event: 107.796 Loading class java/util/concurrent/ConcurrentSkipListMap$KeySet
Event: 107.797 Loading class java/util/concurrent/ConcurrentSkipListMap$KeySet done
Event: 107.797 Loading class java/util/concurrent/ConcurrentSkipListMap$KeyIterator
Event: 107.797 Loading class java/util/concurrent/ConcurrentSkipListMap$KeyIterator done
Event: 108.036 Loading class sun/nio/fs/Globs
Event: 108.037 Loading class sun/nio/fs/Globs done
Event: 108.037 Loading class java/util/regex/Pattern$SliceU
Event: 108.037 Loading class java/util/regex/Pattern$SliceU done
Event: 108.037 Loading class sun/nio/fs/WindowsFileSystem$2
Event: 108.037 Loading class sun/nio/fs/WindowsFileSystem$2 done
Event: 110.134 Loading class java/util/zip/ZipInputStream
Event: 110.136 Loading class java/util/zip/ZipInputStream done
Event: 110.458 Loading class java/io/UTFDataFormatException
Event: 110.459 Loading class java/io/UTFDataFormatException done
Event: 112.272 Loading class java/nio/BufferUnderflowException
Event: 112.272 Loading class java/nio/BufferUnderflowException done

Classes unloaded (0 events):
No events

Classes redefined (0 events):
No events

Internal exceptions (20 events):
Event: 107.806 Thread 0x000001fdc098c650 Exception <a 'java/lang/NoSuchMethodError'{0x0000000089ce5a20}: static Lcom/android/build/api/artifact/ArtifactKind;.<clinit>()V> (0x0000000089ce5a20) 
thrown [s\src\hotspot\share\prims\jni.cpp, line 1139]
Event: 110.928 Thread 0x000001fdc098c650 Exception <a 'sun/nio/fs/WindowsException'{0x0000000088c2bfd0}> (0x0000000088c2bfd0) 
thrown [s\src\hotspot\share\prims\jni.cpp, line 535]
Event: 110.928 Thread 0x000001fdc098c650 Exception <a 'sun/nio/fs/WindowsException'{0x0000000088c2d198}> (0x0000000088c2d198) 
thrown [s\src\hotspot\share\prims\jni.cpp, line 535]
Event: 110.929 Thread 0x000001fdc098c650 Exception <a 'sun/nio/fs/WindowsException'{0x0000000088c2d350}> (0x0000000088c2d350) 
thrown [s\src\hotspot\share\prims\jni.cpp, line 535]
Event: 110.929 Thread 0x000001fdc098c650 Exception <a 'sun/nio/fs/WindowsException'{0x0000000088c2e7a0}> (0x0000000088c2e7a0) 
thrown [s\src\hotspot\share\prims\jni.cpp, line 535]
Event: 110.929 Thread 0x000001fdc098c650 Exception <a 'sun/nio/fs/WindowsException'{0x0000000088c2f948}> (0x0000000088c2f948) 
thrown [s\src\hotspot\share\prims\jni.cpp, line 535]
Event: 110.929 Thread 0x000001fdc098c650 Exception <a 'sun/nio/fs/WindowsException'{0x0000000088c2fae0}> (0x0000000088c2fae0) 
thrown [s\src\hotspot\share\prims\jni.cpp, line 535]
Event: 110.930 Thread 0x000001fdc098c650 Exception <a 'sun/nio/fs/WindowsException'{0x0000000088c30ee8}> (0x0000000088c30ee8) 
thrown [s\src\hotspot\share\prims\jni.cpp, line 535]
Event: 110.930 Thread 0x000001fdc098c650 Exception <a 'sun/nio/fs/WindowsException'{0x0000000088bc0960}> (0x0000000088bc0960) 
thrown [s\src\hotspot\share\prims\jni.cpp, line 535]
Event: 110.930 Thread 0x000001fdc098c650 Exception <a 'sun/nio/fs/WindowsException'{0x0000000088bc0b10}> (0x0000000088bc0b10) 
thrown [s\src\hotspot\share\prims\jni.cpp, line 535]
Event: 110.930 Thread 0x000001fdc098c650 Exception <a 'sun/nio/fs/WindowsException'{0x0000000088bc1eb8}> (0x0000000088bc1eb8) 
thrown [s\src\hotspot\share\prims\jni.cpp, line 535]
Event: 110.930 Thread 0x000001fdc098c650 Exception <a 'sun/nio/fs/WindowsException'{0x0000000088bc3048}> (0x0000000088bc3048) 
thrown [s\src\hotspot\share\prims\jni.cpp, line 535]
Event: 110.930 Thread 0x000001fdc098c650 Exception <a 'sun/nio/fs/WindowsException'{0x0000000088bc31c8}> (0x0000000088bc31c8) 
thrown [s\src\hotspot\share\prims\jni.cpp, line 535]
Event: 110.931 Thread 0x000001fdc098c650 Exception <a 'sun/nio/fs/WindowsException'{0x0000000088bc45c0}> (0x0000000088bc45c0) 
thrown [s\src\hotspot\share\prims\jni.cpp, line 535]
Event: 110.991 Thread 0x000001fdc098c650 Exception <a 'java/lang/NoSuchMethodError'{0x0000000088905ed8}: static Lcom/android/builder/internal/aapt/AaptOptions;.<clinit>()V> (0x0000000088905ed8) 
thrown [s\src\hotspot\share\prims\jni.cpp, line 1139]
Event: 111.319 Thread 0x000001fdc098c650 Exception <a 'java/lang/NoSuchMethodError'{0x000000008891ce60}: static Ljava/lang/Object;.<clinit>()V> (0x000000008891ce60) 
thrown [s\src\hotspot\share\prims\jni.cpp, line 1139]
Event: 111.341 Thread 0x000001fdc098c650 Exception <a 'java/lang/NoSuchMethodError'{0x00000000889d2058}: static Lcom/android/build/api/variant/impl/SerializableApplicationMultiOutputHandler;.<clinit>()V> (0x00000000889d2058) 
thrown [s\src\hotspot\share\prims\jni.cpp, line 1139]
Event: 111.345 Thread 0x000001fdc098c650 Exception <a 'java/lang/NoSuchMethodError'{0x00000000889e9c08}: static Lcom/android/build/api/variant/impl/VariantOutputImpl$SerializedForm;.<clinit>()V> (0x00000000889e9c08) 
thrown [s\src\hotspot\share\prims\jni.cpp, line 1139]
Event: 111.348 Thread 0x000001fdc098c650 Exception <a 'java/lang/NoSuchMethodError'{0x0000000088800d80}: static Lcom/android/build/api/variant/impl/VariantOutputConfigurationImpl;.<clinit>()V> (0x0000000088800d80) 
thrown [s\src\hotspot\share\prims\jni.cpp, line 1139]
Event: 112.338 Thread 0x000001fdc68ff9e0 Exception <a 'java/lang/NoSuchMethodError'{0x000000008b1ff548}: 'java.lang.Object java.lang.invoke.DirectMethodHandle$Holder.invokeStaticInit(java.lang.Object, java.lang.Object, java.lang.Object, java.lang.Object, java.lang.Object, java.lang.Object, java.lang.Object, java.lang.Object, java.lang.Object, java.lang.Object, java.lang.Object, java.lang.Object, java.lang.Object, java.lang.Object, java.lang.Object, java.lang.Object, java.lang.Object, java.lang.Object, java.lang.Object, java.lang.Object, int, java

ZGC Phase Switch (0 events):
No events

VM Operations (20 events):
Event: 108.127 Executing VM operation: G1TryInitiateConcMark (G1 Humongous Allocation)
Event: 108.146 Executing VM operation: G1TryInitiateConcMark (G1 Humongous Allocation) done
Event: 108.677 Executing VM operation: G1PauseRemark
Event: 108.706 Executing VM operation: G1PauseRemark done
Event: 108.867 Executing VM operation: G1PauseCleanup
Event: 108.868 Executing VM operation: G1PauseCleanup done
Event: 109.875 Executing VM operation: Cleanup
Event: 109.875 Executing VM operation: Cleanup done
Event: 110.310 Executing VM operation: HandshakeAllThreads (Deoptimize)
Event: 110.310 Executing VM operation: HandshakeAllThreads (Deoptimize) done
Event: 110.638 Executing VM operation: HandshakeAllThreads (Deoptimize)
Event: 110.638 Executing VM operation: HandshakeAllThreads (Deoptimize) done
Event: 111.647 Executing VM operation: Cleanup
Event: 111.647 Executing VM operation: Cleanup done
Event: 111.749 Executing VM operation: G1CollectForAllocation (G1 Evacuation Pause)
Event: 111.776 Executing VM operation: G1CollectForAllocation (G1 Evacuation Pause) done
Event: 112.052 Executing VM operation: HandshakeAllThreads (Deoptimize)
Event: 112.052 Executing VM operation: HandshakeAllThreads (Deoptimize) done
Event: 112.395 Executing VM operation: G1CollectForAllocation (G1 Evacuation Pause)
Event: 112.428 Executing VM operation: G1CollectForAllocation (G1 Evacuation Pause) done

Memory protections (0 events):
No events

Nmethod flushes (20 events):
Event: 108.703 Thread 0x000001fdb7413ac0 flushing  nmethod 0x000001fda48a0990
Event: 108.703 Thread 0x000001fdb7413ac0 flushing  nmethod 0x000001fda4a31610
Event: 108.703 Thread 0x000001fdb7413ac0 flushing  nmethod 0x000001fda4d5db90
Event: 108.703 Thread 0x000001fdb7413ac0 flushing  nmethod 0x000001fda4d5f890
Event: 108.703 Thread 0x000001fdb7413ac0 flushing  nmethod 0x000001fda4d5fe10
Event: 108.703 Thread 0x000001fdb7413ac0 flushing  nmethod 0x000001fda4e51690
Event: 108.703 Thread 0x000001fdb7413ac0 flushing  nmethod 0x000001fda4e51d90
Event: 108.703 Thread 0x000001fdb7413ac0 flushing  nmethod 0x000001fda4e53510
Event: 108.703 Thread 0x000001fdb7413ac0 flushing  nmethod 0x000001fda4e63890
Event: 108.703 Thread 0x000001fdb7413ac0 flushing  nmethod 0x000001fda4e68410
Event: 108.703 Thread 0x000001fdb7413ac0 flushing  nmethod 0x000001fda4e70710
Event: 108.703 Thread 0x000001fdb7413ac0 flushing  nmethod 0x000001fda4e72f10
Event: 108.703 Thread 0x000001fdb7413ac0 flushing  nmethod 0x000001fda4e75790
Event: 108.703 Thread 0x000001fdb7413ac0 flushing  nmethod 0x000001fda4e7bd10
Event: 108.703 Thread 0x000001fdb7413ac0 flushing  nmethod 0x000001fda4e7ec90
Event: 108.703 Thread 0x000001fdb7413ac0 flushing  nmethod 0x000001fda4e83890
Event: 108.703 Thread 0x000001fdb7413ac0 flushing  nmethod 0x000001fda4e86b90
Event: 108.703 Thread 0x000001fdb7413ac0 flushing  nmethod 0x000001fda4ee0590
Event: 108.703 Thread 0x000001fdb7413ac0 flushing  nmethod 0x000001fda4ee0a90
Event: 108.703 Thread 0x000001fdb7413ac0 flushing  nmethod 0x000001fda4efd810

Events (20 events):
Event: 87.471 Thread 0x000001fdc098c650 Thread added: 0x000001fdc098cce0
Event: 87.630 Thread 0x000001fdc098c650 Thread added: 0x000001fdc09891d0
Event: 90.925 Thread 0x000001fdc098c650 Thread added: 0x000001fdc00d5aa0
Event: 94.815 Thread 0x000001fdc098c650 Thread added: 0x000001fdc00d95b0
Event: 96.829 Thread 0x000001fdc098cce0 Thread added: 0x000001fdc00d4d80
Event: 97.602 Thread 0x000001fdc098cce0 Thread added: 0x000001fdc00d5410
Event: 97.681 Thread 0x000001fdc098cce0 Thread added: 0x000001fdc00d67c0
Event: 98.520 Thread 0x000001fdc098cce0 Thread added: 0x000001fdc00da960
Event: 99.086 Thread 0x000001fdc098cce0 Thread added: 0x000001fdc00d74e0
Event: 99.619 Thread 0x000001fdc098c650 Thread added: 0x000001fdc00d7b70
Event: 100.125 Thread 0x000001fdc098c650 Thread added: 0x000001fdc00d8200
Event: 103.569 Thread 0x000001fdc098c650 Thread added: 0x000001fdc6901420
Event: 104.095 Thread 0x000001fdc098cce0 Thread added: 0x000001fdc68fbed0
Event: 105.201 Thread 0x000001fdc098cce0 Thread added: 0x000001fdc6902140
Event: 106.677 Thread 0x000001fdc098cce0 Thread added: 0x000001fdc68fd910
Event: 107.715 Thread 0x000001fdc098cce0 Thread added: 0x000001fdc68ff9e0
Event: 107.856 Thread 0x000001fdc098c650 Thread added: 0x000001fdc68fdfa0
Event: 107.890 Thread 0x000001fdc098c650 Thread added: 0x000001fdc68fe630
Event: 107.996 Thread 0x000001fdc6901420 Thread added: 0x000001fdc68fc560
Event: 110.121 Thread 0x000001fdc68fc560 Thread exited: 0x000001fdc68fc560


Dynamic libraries:
0x00007ff6927b0000 - 0x00007ff6927ba000 	C:\Program Files\Android\Android Studio2\jbr\bin\java.exe
0x00007fff1d7f0000 - 0x00007fff1da07000 	C:\WINDOWS\SYSTEM32\ntdll.dll
0x00007fff1b8d0000 - 0x00007fff1b994000 	C:\WINDOWS\System32\KERNEL32.DLL
0x00007fff1ace0000 - 0x00007fff1b0b3000 	C:\WINDOWS\System32\KERNELBASE.dll
0x00007fff1a900000 - 0x00007fff1aa11000 	C:\WINDOWS\System32\ucrtbase.dll
0x00007fff16620000 - 0x00007fff16638000 	C:\Program Files\Android\Android Studio2\jbr\bin\jli.dll
0x00007fff1bb50000 - 0x00007fff1bd01000 	C:\WINDOWS\System32\USER32.dll
0x00007fff1b320000 - 0x00007fff1b346000 	C:\WINDOWS\System32\win32u.dll
0x00007fff1b490000 - 0x00007fff1b4b9000 	C:\WINDOWS\System32\GDI32.dll
0x00007fff1b0c0000 - 0x00007fff1b1db000 	C:\WINDOWS\System32\gdi32full.dll
0x00007fff1ac40000 - 0x00007fff1acda000 	C:\WINDOWS\System32\msvcp_win.dll
0x00007fff166b0000 - 0x00007fff166cb000 	C:\Program Files\Android\Android Studio2\jbr\bin\VCRUNTIME140.dll
0x00007ffefdad0000 - 0x00007ffefdd68000 	C:\WINDOWS\WinSxS\amd64_microsoft.windows.common-controls_6595b64144ccf1df_6.0.22621.5124_none_270e8f4f7386d69d\COMCTL32.dll
0x00007fff1be60000 - 0x00007fff1bf07000 	C:\WINDOWS\System32\msvcrt.dll
0x00007fff1bd20000 - 0x00007fff1bd51000 	C:\WINDOWS\System32\IMM32.DLL
0x00007fff166a0000 - 0x00007fff166ac000 	C:\Program Files\Android\Android Studio2\jbr\bin\vcruntime140_1.dll
0x00007fff08350000 - 0x00007fff083dd000 	C:\Program Files\Android\Android Studio2\jbr\bin\msvcp140.dll
0x00007ffea7970000 - 0x00007ffea85fb000 	C:\Program Files\Android\Android Studio2\jbr\bin\server\jvm.dll
0x00007fff1d660000 - 0x00007fff1d711000 	C:\WINDOWS\System32\ADVAPI32.dll
0x00007fff1b4e0000 - 0x00007fff1b588000 	C:\WINDOWS\System32\sechost.dll
0x00007fff1aaa0000 - 0x00007fff1aac8000 	C:\WINDOWS\System32\bcrypt.dll
0x00007fff1bf70000 - 0x00007fff1c084000 	C:\WINDOWS\System32\RPCRT4.dll
0x00007fff1bd60000 - 0x00007fff1bdd1000 	C:\WINDOWS\System32\WS2_32.dll
0x00007fff1a7d0000 - 0x00007fff1a81d000 	C:\WINDOWS\SYSTEM32\POWRPROF.dll
0x00007fff11cd0000 - 0x00007fff11d04000 	C:\WINDOWS\SYSTEM32\WINMM.dll
0x00007fff109f0000 - 0x00007fff109fa000 	C:\WINDOWS\SYSTEM32\VERSION.dll
0x00007fff1a7b0000 - 0x00007fff1a7c3000 	C:\WINDOWS\SYSTEM32\UMPDC.dll
0x00007fff19930000 - 0x00007fff19948000 	C:\WINDOWS\SYSTEM32\kernel.appcore.dll
0x00007fff16690000 - 0x00007fff1669a000 	C:\Program Files\Android\Android Studio2\jbr\bin\jimage.dll
0x00007fff184f0000 - 0x00007fff18722000 	C:\WINDOWS\SYSTEM32\DBGHELP.DLL
0x00007fff1c0a0000 - 0x00007fff1c432000 	C:\WINDOWS\System32\combase.dll
0x00007fff1c5d0000 - 0x00007fff1c6a7000 	C:\WINDOWS\System32\OLEAUT32.dll
0x00007fff04a50000 - 0x00007fff04a82000 	C:\WINDOWS\SYSTEM32\dbgcore.DLL
0x00007fff1b410000 - 0x00007fff1b48b000 	C:\WINDOWS\System32\bcryptPrimitives.dll
0x00007fff16610000 - 0x00007fff1661e000 	C:\Program Files\Android\Android Studio2\jbr\bin\instrument.dll
0x00007fff16670000 - 0x00007fff16690000 	C:\Program Files\Android\Android Studio2\jbr\bin\java.dll
0x00007fff16650000 - 0x00007fff16668000 	C:\Program Files\Android\Android Studio2\jbr\bin\zip.dll
0x00007fff1c830000 - 0x00007fff1d0c6000 	C:\WINDOWS\System32\SHELL32.dll
0x00007fff1b1e0000 - 0x00007fff1b31f000 	C:\WINDOWS\System32\wintypes.dll
0x00007fff18820000 - 0x00007fff1913a000 	C:\WINDOWS\SYSTEM32\windows.storage.dll
0x00007fff1c6b0000 - 0x00007fff1c7ba000 	C:\WINDOWS\System32\SHCORE.dll
0x00007fff1b860000 - 0x00007fff1b8c3000 	C:\WINDOWS\System32\shlwapi.dll
0x00007fff1a830000 - 0x00007fff1a85b000 	C:\WINDOWS\SYSTEM32\profapi.dll
0x00007fff16640000 - 0x00007fff16650000 	C:\Program Files\Android\Android Studio2\jbr\bin\net.dll
0x00007fff12b50000 - 0x00007fff12c7c000 	C:\WINDOWS\SYSTEM32\WINHTTP.dll
0x00007fff19db0000 - 0x00007fff19e1a000 	C:\WINDOWS\system32\mswsock.dll
0x00007fff15810000 - 0x00007fff15826000 	C:\Program Files\Android\Android Studio2\jbr\bin\nio.dll
0x00007fff17090000 - 0x00007fff170a0000 	C:\Program Files\Android\Android Studio2\jbr\bin\verify.dll
0x00007ffef8de0000 - 0x00007ffef8e07000 	C:\Users\Mahlo T.J\.gradle\native\c067742578af261105cb4f569cf0c3c89f3d7b1fecec35dd04571415982c5e48\windows-amd64\native-platform.dll
0x00007fff07e10000 - 0x00007fff07f54000 	C:\Users\Mahlo T.J\.gradle\native\100fb08df4bc3b14c8652ba06237920a3bd2aa13389f12d3474272988ae205f9\windows-amd64\native-platform-file-events.dll
0x00007fff146d0000 - 0x00007fff146d9000 	C:\Program Files\Android\Android Studio2\jbr\bin\management.dll
0x00007fff146c0000 - 0x00007fff146cb000 	C:\Program Files\Android\Android Studio2\jbr\bin\management_ext.dll
0x00007fff1bf10000 - 0x00007fff1bf18000 	C:\WINDOWS\System32\PSAPI.DLL
0x00007fff1a000000 - 0x00007fff1a01b000 	C:\WINDOWS\SYSTEM32\CRYPTSP.dll
0x00007fff19890000 - 0x00007fff198c7000 	C:\WINDOWS\system32\rsaenh.dll
0x00007fff19ea0000 - 0x00007fff19ec8000 	C:\WINDOWS\SYSTEM32\USERENV.dll
0x00007fff1a020000 - 0x00007fff1a02c000 	C:\WINDOWS\SYSTEM32\CRYPTBASE.dll
0x00007fff19430000 - 0x00007fff1945d000 	C:\WINDOWS\SYSTEM32\IPHLPAPI.DLL
0x00007fff1c090000 - 0x00007fff1c099000 	C:\WINDOWS\System32\NSI.dll
0x00007fff15800000 - 0x00007fff15809000 	C:\Program Files\Android\Android Studio2\jbr\bin\extnet.dll
0x00007ffef0080000 - 0x00007ffef0088000 	C:\WINDOWS\system32\wshunix.dll

dbghelp: loaded successfully - version: 4.0.5 - missing functions: none
symbol engine: initialized successfully - sym options: 0x614 - pdb path: .;C:\Program Files\Android\Android Studio2\jbr\bin;C:\WINDOWS\SYSTEM32;C:\WINDOWS\WinSxS\amd64_microsoft.windows.common-controls_6595b64144ccf1df_6.0.22621.5124_none_270e8f4f7386d69d;C:\Program Files\Android\Android Studio2\jbr\bin\server;C:\Users\Mahlo T.J\.gradle\native\c067742578af261105cb4f569cf0c3c89f3d7b1fecec35dd04571415982c5e48\windows-amd64;C:\Users\Mahlo T.J\.gradle\native\100fb08df4bc3b14c8652ba06237920a3bd2aa13389f12d3474272988ae205f9\windows-amd64

VM Arguments:
jvm_args: --add-opens=java.base/java.lang=ALL-UNNAMED --add-opens=java.base/java.lang.invoke=ALL-UNNAMED --add-opens=java.base/java.util=ALL-UNNAMED --add-opens=java.prefs/java.util.prefs=ALL-UNNAMED --add-exports=jdk.compiler/com.sun.tools.javac.api=ALL-UNNAMED --add-exports=jdk.compiler/com.sun.tools.javac.util=ALL-UNNAMED --add-opens=java.base/java.util=ALL-UNNAMED --add-opens=java.prefs/java.util.prefs=ALL-UNNAMED --add-opens=java.base/java.nio.charset=ALL-UNNAMED --add-opens=java.base/java.net=ALL-UNNAMED --add-opens=java.base/java.util.concurrent.atomic=ALL-UNNAMED --add-opens=java.xml/javax.xml.namespace=ALL-UNNAMED -Xmx2048m -Dfile.encoding=UTF-8 -Duser.country=ZA -Duser.language=en -Duser.variant -javaagent:C:\Users\Mahlo T.J\.gradle\wrapper\dists\gradle-8.11.1-bin\bpt9gzteqjrbo1mjrsomdt32c\gradle-8.11.1\lib\agents\gradle-instrumentation-agent-8.11.1.jar 
java_command: org.gradle.launcher.daemon.bootstrap.GradleDaemon 8.11.1
java_class_path (initial): C:\Users\Mahlo T.J\.gradle\wrapper\dists\gradle-8.11.1-bin\bpt9gzteqjrbo1mjrsomdt32c\gradle-8.11.1\lib\gradle-daemon-main-8.11.1.jar
Launcher Type: SUN_STANDARD

[Global flags]
     intx CICompilerCount                          = 2                                         {product} {ergonomic}
     uint ConcGCThreads                            = 1                                         {product} {ergonomic}
     uint G1ConcRefinementThreads                  = 2                                         {product} {ergonomic}
   size_t G1HeapRegionSize                         = 1048576                                   {product} {ergonomic}
    uintx GCDrainStackTargetSize                   = 64                                        {product} {ergonomic}
   size_t InitialHeapSize                          = 65011712                                  {product} {ergonomic}
   size_t MarkStackSize                            = 4194304                                   {product} {ergonomic}
   size_t MaxHeapSize                              = 2147483648                                {product} {command line}
   size_t MaxNewSize                               = 1287651328                                {product} {ergonomic}
   size_t MinHeapDeltaBytes                        = 1048576                                   {product} {ergonomic}
   size_t MinHeapSize                              = 8388608                                   {product} {ergonomic}
    uintx NonNMethodCodeHeapSize                   = 5826188                                {pd product} {ergonomic}
    uintx NonProfiledCodeHeapSize                  = 122916026                              {pd product} {ergonomic}
    uintx ProfiledCodeHeapSize                     = 122916026                              {pd product} {ergonomic}
    uintx ReservedCodeCacheSize                    = 251658240                              {pd product} {ergonomic}
     bool SegmentedCodeCache                       = true                                      {product} {ergonomic}
   size_t SoftMaxHeapSize                          = 2147483648                             {manageable} {ergonomic}
     bool UseCompressedOops                        = true                           {product lp64_product} {ergonomic}
     bool UseG1GC                                  = true                                      {product} {ergonomic}
     bool UseLargePagesIndividualAllocation        = false                                  {pd product} {ergonomic}

Logging:
Log output configuration:
 #0: stdout all=warning uptime,level,tags foldmultilines=false
 #1: stderr all=off uptime,level,tags foldmultilines=false

Environment Variables:
PATH=C:\WINDOWS\system32;C:\WINDOWS;C:\WINDOWS\System32\Wbem;C:\WINDOWS\System32\WindowsPowerShell\v1.0\;C:\WINDOWS\System32\OpenSSH\;C:\Program Files\Intel\TXE Components\DAL\;C:\Program Files (x86)\Intel\TXE Components\DAL\;C:\Users\Mahlo T.J\AppData\Local\Microsoft\WindowsApps
USERNAME=Mahlo T.J
OS=Windows_NT
PROCESSOR_IDENTIFIER=Intel64 Family 6 Model 122 Stepping 8, GenuineIntel
TMP=C:\Users\MAHLOT~1.J\AppData\Local\Temp
TEMP=C:\Users\MAHLOT~1.J\AppData\Local\Temp




Periodic native trim disabled

JNI global refs:
JNI global refs: 26, weak refs: 12

JNI global refs memory usage: 835, weak refs: 833

Process memory usage:
Resident Set Size: 516368K (12% of 4014332K total physical memory with 300292K free physical memory)

OOME stack traces (most recent first):
Classloader memory used:
Loader org.gradle.internal.classloader.VisitableURLClassLoader                         : 41978K
Loader org.gradle.internal.classloader.VisitableURLClassLoader$InstrumentingVisitableURLClassLoader: 35695K
Loader bootstrap                                                                       : 29709K
Loader org.gradle.initialization.MixInLegacyTypesClassLoader                           : 11972K
Loader jdk.internal.loader.ClassLoaders$PlatformClassLoader                            : 544K
Loader jdk.internal.reflect.DelegatingClassLoader                                      : 385K
Loader jdk.internal.loader.ClassLoaders$AppClassLoader                                 : 234K
Loader org.gradle.internal.classloader.VisitableURLClassLoader                         : 181K


[error occurred during error reporting (Classloader stats), id 0xe0000001, Out of Memory Error (s\src\hotspot\share\memory\arena.cpp:168)]
---------------  S Y S T E M  ---------------

OS:
 Windows 11 , 64 bit Build 22621 (10.0.22621.5124)
OS uptime: 0 days 0:45 hours

CPU: total 2 (initial active 2) (2 cores per cpu, 1 threads per core) family 6 model 122 stepping 8 microcode 0x18, cx8, cmov, fxsr, mmx, 3dnowpref, sse, sse2, sse3, ssse3, sse4.1, sse4.2, popcnt, tsc, tscinvbit, aes, erms, clmul, sha, clflush, clflushopt, rdtscp, rdpid
Processor Information for the first 2 processors :
  Max Mhz: 1101, Current Mhz: 1101, Mhz Limit: 1101

Memory: 4k page, system-wide physical 3920M (285M free)
TotalPageFile size 7371M (AvailPageFile size 0M)
current process WorkingSet (physical memory assigned to process): 508M, peak: 508M
current process commit charge ("private bytes"): 532M, peak: 532M

vm_info: OpenJDK 64-Bit Server VM (21.0.6+-13368085-b895.109) for windows-amd64 JRE (21.0.6+-13368085-b895.109), built on 2025-04-16T17:01:31Z by "builder" with MS VC++ 16.10 / 16.11 (VS2019)

END.
