#
# There is insufficient memory for the Java Runtime Environment to continue.
# Native memory allocation (malloc) failed to allocate 32744 bytes. Error detail: Chunk::new
# Possible reasons:
#   The system is out of physical RAM or swap space
#   This process is running with CompressedOops enabled, and the Java Heap may be blocking the growth of the native heap
# Possible solutions:
#   Reduce memory load on the system
#   Increase physical memory or swap space
#   Check if swap backing store is full
#   Decrease Java heap size (-Xmx/-Xms)
#   Decrease number of Java threads
#   Decrease Java thread stack sizes (-Xss)
#   Set larger code cache with -XX:ReservedCodeCacheSize=
#   JVM is running with Unscaled Compressed Oops mode in which the Java heap is
#     placed in the first 4GB address space. The Java Heap base address is the
#     maximum limit for the native heap growth. Please use -XX:HeapBaseMinAddress
#     to set the Java Heap base and to place the Java Heap above 4GB virtual address.
# This output file may be truncated or incomplete.
#
#  Out of Memory Error (arena.cpp:168), pid=4296, tid=9504
#
# JRE version: OpenJDK Runtime Environment (21.0.6) (build 21.0.6+-13368085-b895.109)
# Java VM: OpenJDK 64-Bit Server VM (21.0.6+-13368085-b895.109, mixed mode, tiered, compressed oops, compressed class ptrs, g1 gc, windows-amd64)
# No core dump will be written. Minidumps are not enabled by default on client versions of Windows
#

---------------  S U M M A R Y ------------

Command Line: --add-opens=java.base/java.lang=ALL-UNNAMED --add-opens=java.base/java.lang.invoke=ALL-UNNAMED --add-opens=java.base/java.util=ALL-UNNAMED --add-opens=java.prefs/java.util.prefs=ALL-UNNAMED --add-exports=jdk.compiler/com.sun.tools.javac.api=ALL-UNNAMED --add-exports=jdk.compiler/com.sun.tools.javac.util=ALL-UNNAMED --add-opens=java.base/java.util=ALL-UNNAMED --add-opens=java.prefs/java.util.prefs=ALL-UNNAMED --add-opens=java.base/java.nio.charset=ALL-UNNAMED --add-opens=java.base/java.net=ALL-UNNAMED --add-opens=java.base/java.util.concurrent.atomic=ALL-UNNAMED --add-opens=java.xml/javax.xml.namespace=ALL-UNNAMED -Xmx2048m -Dfile.encoding=UTF-8 -Duser.country=ZA -Duser.language=en -Duser.variant -javaagent:C:\Users\Mahlo T.J\.gradle\wrapper\dists\gradle-8.11.1-bin\bpt9gzteqjrbo1mjrsomdt32c\gradle-8.11.1\lib\agents\gradle-instrumentation-agent-8.11.1.jar org.gradle.launcher.daemon.bootstrap.GradleDaemon 8.11.1

Host: Intel(R) Celeron(R) N4020 CPU @ 1.10GHz, 2 cores, 3G,  Windows 11 , 64 bit Build 22621 (10.0.22621.5124)
Time: Fri Jun 13 10:34:19 2025 South Africa Standard Time elapsed time: 51.502271 seconds (0d 0h 0m 51s)

---------------  T H R E A D  ---------------

Current thread (0x000002b284823770):  JavaThread "C2 CompilerThread0" daemon [_thread_in_native, id=9504, stack(0x000000d7d3e00000,0x000000d7d3f00000) (1024K)]


Current CompileTask:
C2:51503 10327       4       org.gradle.internal.instantiation.generator.AbstractClassGenerator::inspectType (560 bytes)

Stack: [0x000000d7d3e00000,0x000000d7d3f00000]
Native frames: (J=compiled Java code, j=interpreted, Vv=VM code, C=native code)
V  [jvm.dll+0x6d0639]
V  [jvm.dll+0x85eb03]
V  [jvm.dll+0x86105e]
V  [jvm.dll+0x861743]
V  [jvm.dll+0x27e6e6]
V  [jvm.dll+0xbff6d]
V  [jvm.dll+0xc04a3]
V  [jvm.dll+0x6fc4a5]
V  [jvm.dll+0x1de93e]
V  [jvm.dll+0x247dd4]
V  [jvm.dll+0x247251]
V  [jvm.dll+0x1c5f04]
V  [jvm.dll+0x2569ac]
V  [jvm.dll+0x254ef6]
V  [jvm.dll+0x3f0e96]
V  [jvm.dll+0x806ed8]
V  [jvm.dll+0x6cef0d]
C  [ucrtbase.dll+0x29333]
C  [KERNEL32.DLL+0x1259d]
C  [ntdll.dll+0x5af38]


---------------  P R O C E S S  ---------------

Threads class SMR info:
_java_thread_list=0x000002b28d1e94d0, length=38, elements={
0x000002b2edbf9ba0, 0x000002b284837750, 0x000002b2fff4a080, 0x000002b28485c000,
0x000002b284820060, 0x000002b2848216d0, 0x000002b2848228c0, 0x000002b284823770,
0x000002b28486a420, 0x000002b284900420, 0x000002b284b396d0, 0x000002b28a7ce490,
0x000002b28a7bd7d0, 0x000002b289d33cf0, 0x000002b28a77a9c0, 0x000002b289081410,
0x000002b28a810260, 0x000002b28a8110e0, 0x000002b28a7e8040, 0x000002b28a958030,
0x000002b28a954bb0, 0x000002b28a957310, 0x000002b28a955240, 0x000002b28a9558d0,
0x000002b28a956c80, 0x000002b28a9579a0, 0x000002b28a955f60, 0x000002b28a9565f0,
0x000002b28b4b5170, 0x000002b28b4b6520, 0x000002b28b4b7240, 0x000002b28b4b1660,
0x000002b28b4b2380, 0x000002b28b4b6bb0, 0x000002b28b4b78d0, 0x000002b28b4b2a10,
0x000002b28b4b3730, 0x000002b28b4b3dc0
}

Java Threads: ( => current thread )
  0x000002b2edbf9ba0 JavaThread "main"                              [_thread_blocked, id=11996, stack(0x000000d7d3000000,0x000000d7d3100000) (1024K)]
  0x000002b284837750 JavaThread "Reference Handler"          daemon [_thread_blocked, id=5668, stack(0x000000d7d3800000,0x000000d7d3900000) (1024K)]
  0x000002b2fff4a080 JavaThread "Finalizer"                  daemon [_thread_blocked, id=11548, stack(0x000000d7d3900000,0x000000d7d3a00000) (1024K)]
  0x000002b28485c000 JavaThread "Signal Dispatcher"          daemon [_thread_blocked, id=7200, stack(0x000000d7d3a00000,0x000000d7d3b00000) (1024K)]
  0x000002b284820060 JavaThread "Attach Listener"            daemon [_thread_blocked, id=660, stack(0x000000d7d3b00000,0x000000d7d3c00000) (1024K)]
  0x000002b2848216d0 JavaThread "Service Thread"             daemon [_thread_blocked, id=8852, stack(0x000000d7d3c00000,0x000000d7d3d00000) (1024K)]
  0x000002b2848228c0 JavaThread "Monitor Deflation Thread"   daemon [_thread_blocked, id=7088, stack(0x000000d7d3d00000,0x000000d7d3e00000) (1024K)]
=>0x000002b284823770 JavaThread "C2 CompilerThread0"         daemon [_thread_in_native, id=9504, stack(0x000000d7d3e00000,0x000000d7d3f00000) (1024K)]
  0x000002b28486a420 JavaThread "C1 CompilerThread0"         daemon [_thread_blocked, id=10684, stack(0x000000d7d3f00000,0x000000d7d4000000) (1024K)]
  0x000002b284900420 JavaThread "Common-Cleaner"             daemon [_thread_blocked, id=4720, stack(0x000000d7d4000000,0x000000d7d4100000) (1024K)]
  0x000002b284b396d0 JavaThread "Notification Thread"        daemon [_thread_blocked, id=11336, stack(0x000000d7d4100000,0x000000d7d4200000) (1024K)]
  0x000002b28a7ce490 JavaThread "Daemon health stats"               [_thread_blocked, id=6432, stack(0x000000d7d4300000,0x000000d7d4400000) (1024K)]
  0x000002b28a7bd7d0 JavaThread "Incoming local TCP Connector on port 54313"        [_thread_in_native, id=10700, stack(0x000000d7d4400000,0x000000d7d4500000) (1024K)]
  0x000002b289d33cf0 JavaThread "Daemon periodic checks"            [_thread_blocked, id=10996, stack(0x000000d7d4500000,0x000000d7d4600000) (1024K)]
  0x000002b28a77a9c0 JavaThread "Daemon"                            [_thread_blocked, id=9356, stack(0x000000d7d4600000,0x000000d7d4700000) (1024K)]
  0x000002b289081410 JavaThread "Handler for socket connection from /127.0.0.1:54313 to /127.0.0.1:54314"        [_thread_in_native, id=6568, stack(0x000000d7d4700000,0x000000d7d4800000) (1024K)]
  0x000002b28a810260 JavaThread "Cancel handler"                    [_thread_blocked, id=11648, stack(0x000000d7d4800000,0x000000d7d4900000) (1024K)]
  0x000002b28a8110e0 JavaThread "Daemon worker"                     [_thread_in_vm, id=7416, stack(0x000000d7d4900000,0x000000d7d4a00000) (1024K)]
  0x000002b28a7e8040 JavaThread "Asynchronous log dispatcher for DefaultDaemonConnection: socket connection from /127.0.0.1:54313 to /127.0.0.1:54314"        [_thread_blocked, id=9536, stack(0x000000d7d4a00000,0x000000d7d4b00000) (1024K)]
  0x000002b28a958030 JavaThread "Stdin handler"                     [_thread_blocked, id=7000, stack(0x000000d7d4b00000,0x000000d7d4c00000) (1024K)]
  0x000002b28a954bb0 JavaThread "Daemon client event forwarder"        [_thread_blocked, id=8904, stack(0x000000d7d4c00000,0x000000d7d4d00000) (1024K)]
  0x000002b28a957310 JavaThread "Cache worker for journal cache (C:\Users\Mahlo T.J\.gradle\caches\journal-1)"        [_thread_blocked, id=704, stack(0x000000d7d4d00000,0x000000d7d4e00000) (1024K)]
  0x000002b28a955240 JavaThread "File lock request listener"        [_thread_in_native, id=2060, stack(0x000000d7d4e00000,0x000000d7d4f00000) (1024K)]
  0x000002b28a9558d0 JavaThread "Cache worker for file hash cache (C:\Users\Mahlo T.J\.gradle\caches\8.11.1\fileHashes)"        [_thread_blocked, id=12228, stack(0x000000d7d4f00000,0x000000d7d5000000) (1024K)]
  0x000002b28a956c80 JavaThread "Cache worker for file content cache (C:\Users\Mahlo T.J\.gradle\caches\8.11.1\fileContent)"        [_thread_blocked, id=7100, stack(0x000000d7d5000000,0x000000d7d5100000) (1024K)]
  0x000002b28a9579a0 JavaThread "Cache worker for file hash cache (C:\Users\Mahlo T.J\AndroidStudioProjects\FoodApp\.gradle\8.11.1\fileHashes)"        [_thread_blocked, id=3040, stack(0x000000d7d5100000,0x000000d7d5200000) (1024K)]
  0x000002b28a955f60 JavaThread "Cache worker for Build Output Cleanup Cache (C:\Users\Mahlo T.J\AndroidStudioProjects\FoodApp\.gradle\buildOutputCleanup)"        [_thread_blocked, id=4008, stack(0x000000d7d5200000,0x000000d7d5300000) (1024K)]
  0x000002b28a9565f0 JavaThread "File watcher server"        daemon [_thread_in_native, id=8792, stack(0x000000d7d5300000,0x000000d7d5400000) (1024K)]
  0x000002b28b4b5170 JavaThread "File watcher consumer"      daemon [_thread_blocked, id=1716, stack(0x000000d7d5400000,0x000000d7d5500000) (1024K)]
  0x000002b28b4b6520 JavaThread "Cache worker for checksums cache (C:\Users\Mahlo T.J\AndroidStudioProjects\FoodApp\.gradle\8.11.1\checksums)"        [_thread_blocked, id=6248, stack(0x000000d7d5500000,0x000000d7d5600000) (1024K)]
  0x000002b28b4b7240 JavaThread "Cache worker for cache directory md-rule (C:\Users\Mahlo T.J\.gradle\caches\8.11.1\md-rule)"        [_thread_blocked, id=9900, stack(0x000000d7d5600000,0x000000d7d5700000) (1024K)]
  0x000002b28b4b1660 JavaThread "Cache worker for cache directory md-supplier (C:\Users\Mahlo T.J\.gradle\caches\8.11.1\md-supplier)"        [_thread_blocked, id=11908, stack(0x000000d7d5700000,0x000000d7d5800000) (1024K)]
  0x000002b28b4b2380 JavaThread "Unconstrained build operations"        [_thread_blocked, id=12164, stack(0x000000d7d5800000,0x000000d7d5900000) (1024K)]
  0x000002b28b4b6bb0 JavaThread "Unconstrained build operations Thread 2"        [_thread_blocked, id=2128, stack(0x000000d7d5900000,0x000000d7d5a00000) (1024K)]
  0x000002b28b4b78d0 JavaThread "Unconstrained build operations Thread 3"        [_thread_blocked, id=11684, stack(0x000000d7d5a00000,0x000000d7d5b00000) (1024K)]
  0x000002b28b4b2a10 JavaThread "build event listener"              [_thread_blocked, id=468, stack(0x000000d7d2d00000,0x000000d7d2e00000) (1024K)]
  0x000002b28b4b3730 JavaThread "Memory manager"                    [_thread_blocked, id=3288, stack(0x000000d7d5b00000,0x000000d7d5c00000) (1024K)]
  0x000002b28b4b3dc0 JavaThread "build event listener"              [_thread_blocked, id=9296, stack(0x000000d7d5c00000,0x000000d7d5d00000) (1024K)]
Total: 38

Other Threads:
  0x000002b2fff00340 VMThread "VM Thread"                           [id=10032, stack(0x000000d7d3700000,0x000000d7d3800000) (1024K)]
  0x000002b2ffe70f40 WatcherThread "VM Periodic Task Thread"        [id=7928, stack(0x000000d7d3600000,0x000000d7d3700000) (1024K)]
  0x000002b2edc52e40 WorkerThread "GC Thread#0"                     [id=10212, stack(0x000000d7d3100000,0x000000d7d3200000) (1024K)]
  0x000002b28908a410 WorkerThread "GC Thread#1"                     [id=5252, stack(0x000000d7d4200000,0x000000d7d4300000) (1024K)]
  0x000002b2edc64730 ConcurrentGCThread "G1 Main Marker"            [id=9180, stack(0x000000d7d3200000,0x000000d7d3300000) (1024K)]
  0x000002b2edc65230 WorkerThread "G1 Conc#0"                       [id=9660, stack(0x000000d7d3300000,0x000000d7d3400000) (1024K)]
  0x000002b2edcb4d10 ConcurrentGCThread "G1 Refine#0"               [id=44, stack(0x000000d7d3400000,0x000000d7d3500000) (1024K)]
  0x000002b2edcb5880 ConcurrentGCThread "G1 Service"                [id=6340, stack(0x000000d7d3500000,0x000000d7d3600000) (1024K)]
Total: 8

Threads with active compile tasks:
C2 CompilerThread0  51580 10327       4       org.gradle.internal.instantiation.generator.AbstractClassGenerator::inspectType (560 bytes)
Total: 1

VM state: not at safepoint (normal execution)

VM Mutex/Monitor currently owned by a thread: None

Heap address: 0x0000000080000000, size: 2048 MB, Compressed Oops mode: 32-bit

CDS archive(s) not mapped
Compressed class space mapped at: 0x0000000100000000-0x0000000140000000, reserved size: 1073741824
Narrow klass base: 0x0000000000000000, Narrow klass shift: 3, Narrow klass range: 0x140000000

GC Precious Log:
 CardTable entry size: 512
 Card Set container configuration: InlinePtr #cards 5 size 8 Array Of Cards #cards 12 size 40 Howl #buckets 4 coarsen threshold 1843 Howl Bitmap #cards 512 size 80 coarsen threshold 460 Card regions per heap region 1 cards per card region 2048
 CPUs: 2 total, 2 available
 Memory: 3920M
 Large Page Support: Disabled
 NUMA Support: Disabled
 Compressed Oops: Enabled (32-bit)
 Heap Region Size: 1M
 Heap Min Capacity: 8M
 Heap Initial Capacity: 62M
 Heap Max Capacity: 2G
 Pre-touch: Disabled
 Parallel Workers: 2
 Concurrent Workers: 1
 Concurrent Refinement Workers: 2
 Periodic GC: Disabled

Heap:
 garbage-first heap   total 145408K, used 107187K [0x0000000080000000, 0x0000000100000000)
  region size 1024K, 27 young (27648K), 7 survivors (7168K)
 Metaspace       used 93225K, committed 95168K, reserved 1179648K
  class space    used 12472K, committed 13440K, reserved 1048576K

Heap Regions: E=young(eden), S=young(survivor), O=old, HS=humongous(starts), HC=humongous(continues), CS=collection set, F=free, TAMS=top-at-mark-start, PB=parsable bottom
|   0|0x0000000080000000, 0x0000000080100000, 0x0000000080100000|100%| O|  |TAMS 0x0000000080000000| PB 0x0000000080000000| Untracked 
|   1|0x0000000080100000, 0x0000000080200000, 0x0000000080200000|100%|HS|  |TAMS 0x0000000080100000| PB 0x0000000080100000| Complete 
|   2|0x0000000080200000, 0x0000000080300000, 0x0000000080300000|100%|HC|  |TAMS 0x0000000080200000| PB 0x0000000080200000| Complete 
|   3|0x0000000080300000, 0x0000000080400000, 0x0000000080400000|100%|HC|  |TAMS 0x0000000080300000| PB 0x0000000080300000| Complete 
|   4|0x0000000080400000, 0x0000000080500000, 0x0000000080500000|100%| O|  |TAMS 0x0000000080400000| PB 0x0000000080400000| Untracked 
|   5|0x0000000080500000, 0x0000000080600000, 0x0000000080600000|100%| O|  |TAMS 0x0000000080500000| PB 0x0000000080500000| Untracked 
|   6|0x0000000080600000, 0x0000000080700000, 0x0000000080700000|100%| O|  |TAMS 0x0000000080600000| PB 0x0000000080600000| Untracked 
|   7|0x0000000080700000, 0x0000000080800000, 0x0000000080800000|100%| O|  |TAMS 0x0000000080700000| PB 0x0000000080700000| Untracked 
|   8|0x0000000080800000, 0x0000000080900000, 0x0000000080900000|100%|HS|  |TAMS 0x0000000080800000| PB 0x0000000080800000| Complete 
|   9|0x0000000080900000, 0x0000000080a00000, 0x0000000080a00000|100%| O|  |TAMS 0x0000000080900000| PB 0x0000000080900000| Untracked 
|  10|0x0000000080a00000, 0x0000000080b00000, 0x0000000080b00000|100%| O|  |TAMS 0x0000000080a00000| PB 0x0000000080a00000| Untracked 
|  11|0x0000000080b00000, 0x0000000080c00000, 0x0000000080c00000|100%| O|  |TAMS 0x0000000080b00000| PB 0x0000000080b00000| Untracked 
|  12|0x0000000080c00000, 0x0000000080d00000, 0x0000000080d00000|100%| O|  |TAMS 0x0000000080c00000| PB 0x0000000080c00000| Untracked 
|  13|0x0000000080d00000, 0x0000000080e00000, 0x0000000080e00000|100%| O|  |TAMS 0x0000000080d00000| PB 0x0000000080d00000| Untracked 
|  14|0x0000000080e00000, 0x0000000080f00000, 0x0000000080f00000|100%| O|  |TAMS 0x0000000080e00000| PB 0x0000000080e00000| Untracked 
|  15|0x0000000080f00000, 0x0000000081000000, 0x0000000081000000|100%| O|  |TAMS 0x0000000080f00000| PB 0x0000000080f00000| Untracked 
|  16|0x0000000081000000, 0x0000000081100000, 0x0000000081100000|100%| O|  |TAMS 0x0000000081000000| PB 0x0000000081000000| Untracked 
|  17|0x0000000081100000, 0x0000000081200000, 0x0000000081200000|100%| O|  |TAMS 0x0000000081100000| PB 0x0000000081100000| Untracked 
|  18|0x0000000081200000, 0x0000000081300000, 0x0000000081300000|100%| O|  |TAMS 0x0000000081200000| PB 0x0000000081200000| Untracked 
|  19|0x0000000081300000, 0x0000000081400000, 0x0000000081400000|100%| O|  |TAMS 0x0000000081300000| PB 0x0000000081300000| Untracked 
|  20|0x0000000081400000, 0x0000000081500000, 0x0000000081500000|100%| O|  |TAMS 0x0000000081400000| PB 0x0000000081400000| Untracked 
|  21|0x0000000081500000, 0x0000000081600000, 0x0000000081600000|100%| O|  |TAMS 0x0000000081500000| PB 0x0000000081500000| Untracked 
|  22|0x0000000081600000, 0x0000000081700000, 0x0000000081700000|100%| O|  |TAMS 0x0000000081600000| PB 0x0000000081600000| Untracked 
|  23|0x0000000081700000, 0x0000000081800000, 0x0000000081800000|100%| O|  |TAMS 0x0000000081700000| PB 0x0000000081700000| Untracked 
|  24|0x0000000081800000, 0x0000000081900000, 0x0000000081900000|100%| O|  |TAMS 0x0000000081800000| PB 0x0000000081800000| Untracked 
|  25|0x0000000081900000, 0x0000000081a00000, 0x0000000081a00000|100%| O|  |TAMS 0x0000000081900000| PB 0x0000000081900000| Untracked 
|  26|0x0000000081a00000, 0x0000000081b00000, 0x0000000081b00000|100%| O|  |TAMS 0x0000000081a00000| PB 0x0000000081a00000| Untracked 
|  27|0x0000000081b00000, 0x0000000081c00000, 0x0000000081c00000|100%| O|  |TAMS 0x0000000081b00000| PB 0x0000000081b00000| Untracked 
|  28|0x0000000081c00000, 0x0000000081d00000, 0x0000000081d00000|100%| O|  |TAMS 0x0000000081c00000| PB 0x0000000081c00000| Untracked 
|  29|0x0000000081d00000, 0x0000000081e00000, 0x0000000081e00000|100%| O|  |TAMS 0x0000000081d00000| PB 0x0000000081d00000| Untracked 
|  30|0x0000000081e00000, 0x0000000081f00000, 0x0000000081f00000|100%| O|  |TAMS 0x0000000081e00000| PB 0x0000000081e00000| Untracked 
|  31|0x0000000081f00000, 0x0000000082000000, 0x0000000082000000|100%| O|  |TAMS 0x0000000081f00000| PB 0x0000000081f00000| Untracked 
|  32|0x0000000082000000, 0x0000000082100000, 0x0000000082100000|100%| O|  |TAMS 0x0000000082000000| PB 0x0000000082000000| Untracked 
|  33|0x0000000082100000, 0x0000000082200000, 0x0000000082200000|100%| O|  |TAMS 0x0000000082100000| PB 0x0000000082100000| Untracked 
|  34|0x0000000082200000, 0x0000000082300000, 0x0000000082300000|100%| O|  |TAMS 0x0000000082200000| PB 0x0000000082200000| Untracked 
|  35|0x0000000082300000, 0x0000000082400000, 0x0000000082400000|100%| O|  |TAMS 0x0000000082300000| PB 0x0000000082300000| Untracked 
|  36|0x0000000082400000, 0x0000000082500000, 0x0000000082500000|100%| O|  |TAMS 0x0000000082400000| PB 0x0000000082400000| Untracked 
|  37|0x0000000082500000, 0x0000000082600000, 0x0000000082600000|100%| O|  |TAMS 0x0000000082500000| PB 0x0000000082500000| Untracked 
|  38|0x0000000082600000, 0x0000000082700000, 0x0000000082700000|100%| O|  |TAMS 0x0000000082600000| PB 0x0000000082600000| Untracked 
|  39|0x0000000082700000, 0x0000000082800000, 0x0000000082800000|100%| O|  |TAMS 0x0000000082700000| PB 0x0000000082700000| Untracked 
|  40|0x0000000082800000, 0x0000000082900000, 0x0000000082900000|100%|HS|  |TAMS 0x0000000082800000| PB 0x0000000082800000| Complete 
|  41|0x0000000082900000, 0x0000000082a00000, 0x0000000082a00000|100%| O|  |TAMS 0x0000000082900000| PB 0x0000000082900000| Untracked 
|  42|0x0000000082a00000, 0x0000000082b00000, 0x0000000082b00000|100%| O|  |TAMS 0x0000000082a00000| PB 0x0000000082a00000| Untracked 
|  43|0x0000000082b00000, 0x0000000082c00000, 0x0000000082c00000|100%|HS|  |TAMS 0x0000000082b00000| PB 0x0000000082b00000| Complete 
|  44|0x0000000082c00000, 0x0000000082d00000, 0x0000000082d00000|100%| O|  |TAMS 0x0000000082c00000| PB 0x0000000082c00000| Untracked 
|  45|0x0000000082d00000, 0x0000000082e00000, 0x0000000082e00000|100%| O|  |TAMS 0x0000000082d00000| PB 0x0000000082d00000| Untracked 
|  46|0x0000000082e00000, 0x0000000082f00000, 0x0000000082f00000|100%| O|  |TAMS 0x0000000082e00000| PB 0x0000000082e00000| Untracked 
|  47|0x0000000082f00000, 0x0000000083000000, 0x0000000083000000|100%|HS|  |TAMS 0x0000000082f00000| PB 0x0000000082f00000| Complete 
|  48|0x0000000083000000, 0x0000000083100000, 0x0000000083100000|100%|HC|  |TAMS 0x0000000083000000| PB 0x0000000083000000| Complete 
|  49|0x0000000083100000, 0x0000000083200000, 0x0000000083200000|100%|HC|  |TAMS 0x0000000083100000| PB 0x0000000083100000| Complete 
|  50|0x0000000083200000, 0x0000000083300000, 0x0000000083300000|100%|HS|  |TAMS 0x0000000083200000| PB 0x0000000083200000| Complete 
|  51|0x0000000083300000, 0x0000000083400000, 0x0000000083400000|100%|HS|  |TAMS 0x0000000083300000| PB 0x0000000083300000| Complete 
|  52|0x0000000083400000, 0x0000000083500000, 0x0000000083500000|100%|HC|  |TAMS 0x0000000083400000| PB 0x0000000083400000| Complete 
|  53|0x0000000083500000, 0x0000000083600000, 0x0000000083600000|100%|HC|  |TAMS 0x0000000083500000| PB 0x0000000083500000| Complete 
|  54|0x0000000083600000, 0x0000000083700000, 0x0000000083700000|100%| O|  |TAMS 0x0000000083600000| PB 0x0000000083600000| Untracked 
|  55|0x0000000083700000, 0x0000000083800000, 0x0000000083800000|100%| O|  |TAMS 0x0000000083700000| PB 0x0000000083700000| Untracked 
|  56|0x0000000083800000, 0x0000000083900000, 0x0000000083900000|100%| O|  |TAMS 0x0000000083800000| PB 0x0000000083800000| Untracked 
|  57|0x0000000083900000, 0x0000000083a00000, 0x0000000083a00000|100%|HS|  |TAMS 0x0000000083900000| PB 0x0000000083900000| Complete 
|  58|0x0000000083a00000, 0x0000000083b00000, 0x0000000083b00000|100%|HS|  |TAMS 0x0000000083a00000| PB 0x0000000083a00000| Complete 
|  59|0x0000000083b00000, 0x0000000083c00000, 0x0000000083c00000|100%| O|  |TAMS 0x0000000083b00000| PB 0x0000000083b00000| Untracked 
|  60|0x0000000083c00000, 0x0000000083d00000, 0x0000000083d00000|100%|HS|  |TAMS 0x0000000083c00000| PB 0x0000000083c00000| Complete 
|  61|0x0000000083d00000, 0x0000000083e00000, 0x0000000083e00000|100%| O|  |TAMS 0x0000000083d00000| PB 0x0000000083d00000| Untracked 
|  62|0x0000000083e00000, 0x0000000083f00000, 0x0000000083f00000|100%| O|  |TAMS 0x0000000083e00000| PB 0x0000000083e00000| Untracked 
|  63|0x0000000083f00000, 0x0000000084000000, 0x0000000084000000|100%| O|Cm|TAMS 0x0000000083f00000| PB 0x0000000083f00000| Complete 
|  64|0x0000000084000000, 0x0000000084100000, 0x0000000084100000|100%| O|  |TAMS 0x0000000084000000| PB 0x0000000084000000| Untracked 
|  65|0x0000000084100000, 0x0000000084200000, 0x0000000084200000|100%|HS|  |TAMS 0x0000000084100000| PB 0x0000000084100000| Complete 
|  66|0x0000000084200000, 0x0000000084300000, 0x0000000084300000|100%| O|  |TAMS 0x0000000084200000| PB 0x0000000084200000| Untracked 
|  67|0x0000000084300000, 0x0000000084400000, 0x0000000084400000|100%| O|  |TAMS 0x0000000084300000| PB 0x0000000084300000| Untracked 
|  68|0x0000000084400000, 0x0000000084500000, 0x0000000084500000|100%| O|  |TAMS 0x0000000084400000| PB 0x0000000084400000| Untracked 
|  69|0x0000000084500000, 0x0000000084600000, 0x0000000084600000|100%| O|  |TAMS 0x0000000084500000| PB 0x0000000084500000| Untracked 
|  70|0x0000000084600000, 0x00000000846ace00, 0x0000000084700000| 67%| O|  |TAMS 0x0000000084600000| PB 0x0000000084600000| Untracked 
|  71|0x0000000084700000, 0x0000000084800000, 0x0000000084800000|100%|HS|  |TAMS 0x0000000084700000| PB 0x0000000084700000| Complete 
|  72|0x0000000084800000, 0x0000000084800000, 0x0000000084900000|  0%| F|  |TAMS 0x0000000084800000| PB 0x0000000084800000| Untracked 
|  73|0x0000000084900000, 0x0000000084900000, 0x0000000084a00000|  0%| F|  |TAMS 0x0000000084900000| PB 0x0000000084900000| Untracked 
|  74|0x0000000084a00000, 0x0000000084a00000, 0x0000000084b00000|  0%| F|  |TAMS 0x0000000084a00000| PB 0x0000000084a00000| Untracked 
|  75|0x0000000084b00000, 0x0000000084b00000, 0x0000000084c00000|  0%| F|  |TAMS 0x0000000084b00000| PB 0x0000000084b00000| Untracked 
|  76|0x0000000084c00000, 0x0000000084c00000, 0x0000000084d00000|  0%| F|  |TAMS 0x0000000084c00000| PB 0x0000000084c00000| Untracked 
|  77|0x0000000084d00000, 0x0000000084d00000, 0x0000000084e00000|  0%| F|  |TAMS 0x0000000084d00000| PB 0x0000000084d00000| Untracked 
|  78|0x0000000084e00000, 0x0000000084e00000, 0x0000000084f00000|  0%| F|  |TAMS 0x0000000084e00000| PB 0x0000000084e00000| Untracked 
|  79|0x0000000084f00000, 0x0000000084f00000, 0x0000000085000000|  0%| F|  |TAMS 0x0000000084f00000| PB 0x0000000084f00000| Untracked 
|  80|0x0000000085000000, 0x0000000085100000, 0x0000000085100000|100%| S|CS|TAMS 0x0000000085000000| PB 0x0000000085000000| Complete 
|  81|0x0000000085100000, 0x0000000085200000, 0x0000000085200000|100%| S|CS|TAMS 0x0000000085100000| PB 0x0000000085100000| Complete 
|  82|0x0000000085200000, 0x0000000085200000, 0x0000000085300000|  0%| F|  |TAMS 0x0000000085200000| PB 0x0000000085200000| Untracked 
|  83|0x0000000085300000, 0x0000000085300000, 0x0000000085400000|  0%| F|  |TAMS 0x0000000085300000| PB 0x0000000085300000| Untracked 
|  84|0x0000000085400000, 0x0000000085500000, 0x0000000085500000|100%| S|CS|TAMS 0x0000000085400000| PB 0x0000000085400000| Complete 
|  85|0x0000000085500000, 0x0000000085600000, 0x0000000085600000|100%| S|CS|TAMS 0x0000000085500000| PB 0x0000000085500000| Complete 
|  86|0x0000000085600000, 0x0000000085700000, 0x0000000085700000|100%| S|CS|TAMS 0x0000000085600000| PB 0x0000000085600000| Complete 
|  87|0x0000000085700000, 0x0000000085800000, 0x0000000085800000|100%| S|CS|TAMS 0x0000000085700000| PB 0x0000000085700000| Complete 
|  88|0x0000000085800000, 0x0000000085900000, 0x0000000085900000|100%| S|CS|TAMS 0x0000000085800000| PB 0x0000000085800000| Complete 
|  89|0x0000000085900000, 0x0000000085900000, 0x0000000085a00000|  0%| F|  |TAMS 0x0000000085900000| PB 0x0000000085900000| Untracked 
|  90|0x0000000085a00000, 0x0000000085a00000, 0x0000000085b00000|  0%| F|  |TAMS 0x0000000085a00000| PB 0x0000000085a00000| Untracked 
|  91|0x0000000085b00000, 0x0000000085b00000, 0x0000000085c00000|  0%| F|  |TAMS 0x0000000085b00000| PB 0x0000000085b00000| Untracked 
|  92|0x0000000085c00000, 0x0000000085c00000, 0x0000000085d00000|  0%| F|  |TAMS 0x0000000085c00000| PB 0x0000000085c00000| Untracked 
|  93|0x0000000085d00000, 0x0000000085d00000, 0x0000000085e00000|  0%| F|  |TAMS 0x0000000085d00000| PB 0x0000000085d00000| Untracked 
|  94|0x0000000085e00000, 0x0000000085e00000, 0x0000000085f00000|  0%| F|  |TAMS 0x0000000085e00000| PB 0x0000000085e00000| Untracked 
|  95|0x0000000085f00000, 0x0000000085f00000, 0x0000000086000000|  0%| F|  |TAMS 0x0000000085f00000| PB 0x0000000085f00000| Untracked 
|  96|0x0000000086000000, 0x0000000086000000, 0x0000000086100000|  0%| F|  |TAMS 0x0000000086000000| PB 0x0000000086000000| Untracked 
|  97|0x0000000086100000, 0x0000000086100000, 0x0000000086200000|  0%| F|  |TAMS 0x0000000086100000| PB 0x0000000086100000| Untracked 
|  98|0x0000000086200000, 0x0000000086200000, 0x0000000086300000|  0%| F|  |TAMS 0x0000000086200000| PB 0x0000000086200000| Untracked 
|  99|0x0000000086300000, 0x0000000086300000, 0x0000000086400000|  0%| F|  |TAMS 0x0000000086300000| PB 0x0000000086300000| Untracked 
| 100|0x0000000086400000, 0x0000000086400000, 0x0000000086500000|  0%| F|  |TAMS 0x0000000086400000| PB 0x0000000086400000| Untracked 
| 101|0x0000000086500000, 0x0000000086500000, 0x0000000086600000|  0%| F|  |TAMS 0x0000000086500000| PB 0x0000000086500000| Untracked 
| 102|0x0000000086600000, 0x0000000086600000, 0x0000000086700000|  0%| F|  |TAMS 0x0000000086600000| PB 0x0000000086600000| Untracked 
| 103|0x0000000086700000, 0x0000000086700000, 0x0000000086800000|  0%| F|  |TAMS 0x0000000086700000| PB 0x0000000086700000| Untracked 
| 104|0x0000000086800000, 0x0000000086800000, 0x0000000086900000|  0%| F|  |TAMS 0x0000000086800000| PB 0x0000000086800000| Untracked 
| 105|0x0000000086900000, 0x0000000086900000, 0x0000000086a00000|  0%| F|  |TAMS 0x0000000086900000| PB 0x0000000086900000| Untracked 
| 106|0x0000000086a00000, 0x0000000086a00000, 0x0000000086b00000|  0%| F|  |TAMS 0x0000000086a00000| PB 0x0000000086a00000| Untracked 
| 107|0x0000000086b00000, 0x0000000086b00000, 0x0000000086c00000|  0%| F|  |TAMS 0x0000000086b00000| PB 0x0000000086b00000| Untracked 
| 108|0x0000000086c00000, 0x0000000086c00000, 0x0000000086d00000|  0%| F|  |TAMS 0x0000000086c00000| PB 0x0000000086c00000| Untracked 
| 109|0x0000000086d00000, 0x0000000086d00000, 0x0000000086e00000|  0%| F|  |TAMS 0x0000000086d00000| PB 0x0000000086d00000| Untracked 
| 110|0x0000000086e00000, 0x0000000086e00000, 0x0000000086f00000|  0%| F|  |TAMS 0x0000000086e00000| PB 0x0000000086e00000| Untracked 
| 111|0x0000000086f00000, 0x0000000086f00000, 0x0000000087000000|  0%| F|  |TAMS 0x0000000086f00000| PB 0x0000000086f00000| Untracked 
| 112|0x0000000087000000, 0x0000000087000000, 0x0000000087100000|  0%| F|  |TAMS 0x0000000087000000| PB 0x0000000087000000| Untracked 
| 113|0x0000000087100000, 0x0000000087100000, 0x0000000087200000|  0%| F|  |TAMS 0x0000000087100000| PB 0x0000000087100000| Untracked 
| 114|0x0000000087200000, 0x0000000087200000, 0x0000000087300000|  0%| F|  |TAMS 0x0000000087200000| PB 0x0000000087200000| Untracked 
| 115|0x0000000087300000, 0x0000000087383530, 0x0000000087400000| 51%| E|  |TAMS 0x0000000087300000| PB 0x0000000087300000| Complete 
| 116|0x0000000087400000, 0x0000000087500000, 0x0000000087500000|100%| E|CS|TAMS 0x0000000087400000| PB 0x0000000087400000| Complete 
| 117|0x0000000087500000, 0x0000000087600000, 0x0000000087600000|100%| E|CS|TAMS 0x0000000087500000| PB 0x0000000087500000| Complete 
| 118|0x0000000087600000, 0x0000000087700000, 0x0000000087700000|100%| E|CS|TAMS 0x0000000087600000| PB 0x0000000087600000| Complete 
| 119|0x0000000087700000, 0x0000000087800000, 0x0000000087800000|100%| E|CS|TAMS 0x0000000087700000| PB 0x0000000087700000| Complete 
| 120|0x0000000087800000, 0x0000000087900000, 0x0000000087900000|100%| E|CS|TAMS 0x0000000087800000| PB 0x0000000087800000| Complete 
| 121|0x0000000087900000, 0x0000000087a00000, 0x0000000087a00000|100%| E|CS|TAMS 0x0000000087900000| PB 0x0000000087900000| Complete 
| 122|0x0000000087a00000, 0x0000000087b00000, 0x0000000087b00000|100%| E|CS|TAMS 0x0000000087a00000| PB 0x0000000087a00000| Complete 
| 123|0x0000000087b00000, 0x0000000087c00000, 0x0000000087c00000|100%| E|CS|TAMS 0x0000000087b00000| PB 0x0000000087b00000| Complete 
| 124|0x0000000087c00000, 0x0000000087d00000, 0x0000000087d00000|100%| E|CS|TAMS 0x0000000087c00000| PB 0x0000000087c00000| Complete 
| 125|0x0000000087d00000, 0x0000000087e00000, 0x0000000087e00000|100%| E|CS|TAMS 0x0000000087d00000| PB 0x0000000087d00000| Complete 
| 126|0x0000000087e00000, 0x0000000087f00000, 0x0000000087f00000|100%| E|CS|TAMS 0x0000000087e00000| PB 0x0000000087e00000| Complete 
| 127|0x0000000087f00000, 0x0000000088000000, 0x0000000088000000|100%| E|CS|TAMS 0x0000000087f00000| PB 0x0000000087f00000| Complete 
| 128|0x0000000088000000, 0x0000000088100000, 0x0000000088100000|100%| E|CS|TAMS 0x0000000088000000| PB 0x0000000088000000| Complete 
| 129|0x0000000088100000, 0x0000000088200000, 0x0000000088200000|100%| E|CS|TAMS 0x0000000088100000| PB 0x0000000088100000| Complete 
| 130|0x0000000088200000, 0x0000000088300000, 0x0000000088300000|100%| E|CS|TAMS 0x0000000088200000| PB 0x0000000088200000| Complete 
| 131|0x0000000088300000, 0x0000000088400000, 0x0000000088400000|100%| E|CS|TAMS 0x0000000088300000| PB 0x0000000088300000| Complete 
| 132|0x0000000088400000, 0x0000000088500000, 0x0000000088500000|100%| E|CS|TAMS 0x0000000088400000| PB 0x0000000088400000| Complete 
| 133|0x0000000088500000, 0x0000000088600000, 0x0000000088600000|100%| E|CS|TAMS 0x0000000088500000| PB 0x0000000088500000| Complete 
|2040|0x00000000ff800000, 0x00000000ff900000, 0x00000000ff900000|100%| O|  |TAMS 0x00000000ff800000| PB 0x00000000ff800000| Untracked 
|2041|0x00000000ff900000, 0x00000000ffa00000, 0x00000000ffa00000|100%| O|  |TAMS 0x00000000ff900000| PB 0x00000000ff900000| Untracked 
|2042|0x00000000ffa00000, 0x00000000ffb00000, 0x00000000ffb00000|100%| O|  |TAMS 0x00000000ffa00000| PB 0x00000000ffa00000| Untracked 
|2043|0x00000000ffb00000, 0x00000000ffc00000, 0x00000000ffc00000|100%| O|Cm|TAMS 0x00000000ffb00000| PB 0x00000000ffb00000| Complete 
|2044|0x00000000ffc00000, 0x00000000ffd00000, 0x00000000ffd00000|100%| O|Cm|TAMS 0x00000000ffc00000| PB 0x00000000ffc00000| Complete 
|2045|0x00000000ffd00000, 0x00000000ffe00000, 0x00000000ffe00000|100%| O|  |TAMS 0x00000000ffd00000| PB 0x00000000ffd00000| Untracked 
|2046|0x00000000ffe00000, 0x00000000fff00000, 0x00000000fff00000|100%| O|  |TAMS 0x00000000ffe00000| PB 0x00000000ffe00000| Untracked 
|2047|0x00000000fff00000, 0x0000000100000000, 0x0000000100000000|100%| E|CS|TAMS 0x00000000fff00000| PB 0x00000000fff00000| Complete 

Card table byte_map: [0x000002b280400000,0x000002b280800000] _byte_map_base: 0x000002b280000000

Marking Bits: (CMBitMap*) 0x000002b2edc53540
 Bits: [0x000002b280800000, 0x000002b282800000)

Polling page: 0x000002b2ed3c0000

Metaspace:

Usage:
  Non-class:     78.86 MB used.
      Class:     12.18 MB used.
       Both:     91.04 MB used.

Virtual space:
  Non-class space:      128.00 MB reserved,      79.81 MB ( 62%) committed,  2 nodes.
      Class space:        1.00 GB reserved,      13.12 MB (  1%) committed,  1 nodes.
             Both:        1.12 GB reserved,      92.94 MB (  8%) committed. 

Chunk freelists:
   Non-Class:  15.92 MB
       Class:  2.88 MB
        Both:  18.80 MB

MaxMetaspaceSize: unlimited
CompressedClassSpaceSize: 1.00 GB
Initial GC threshold: 21.00 MB
Current GC threshold: 152.62 MB
CDS: off
 - commit_granule_bytes: 65536.
 - commit_granule_words: 8192.
 - virtual_space_node_default_size: 8388608.
 - enlarge_chunks_in_place: 1.
 - use_allocation_guard: 0.


Internal statistics:

num_allocs_failed_limit: 6.
num_arena_births: 3666.
num_arena_deaths: 0.
num_vsnodes_births: 3.
num_vsnodes_deaths: 0.
num_space_committed: 1487.
num_space_uncommitted: 0.
num_chunks_returned_to_freelist: 6.
num_chunks_taken_from_freelist: 7497.
num_chunk_merges: 6.
num_chunk_splits: 4921.
num_chunks_enlarged: 3136.
num_inconsistent_stats: 0.

CodeHeap 'non-profiled nmethods': size=120064Kb used=4749Kb max_used=4981Kb free=115314Kb
 bounds [0x000002b2f8810000, 0x000002b2f8cf0000, 0x000002b2ffd50000]
CodeHeap 'profiled nmethods': size=120000Kb used=16292Kb max_used=16388Kb free=103707Kb
 bounds [0x000002b2f0d50000, 0x000002b2f1d60000, 0x000002b2f8280000]
CodeHeap 'non-nmethods': size=5696Kb used=2062Kb max_used=2087Kb free=3633Kb
 bounds [0x000002b2f8280000, 0x000002b2f84f0000, 0x000002b2f8810000]
 total_blobs=9626 nmethods=8809 adapters=721
 compilation: enabled
              stopped_count=0, restarted_count=0
 full_count=0

Compilation events (20 events):
Event: 51.118 Thread 0x000002b28486a420 10407       3       com.android.tools.build.jetifier.core.type.JavaType::hashCode (17 bytes)
Event: 51.118 Thread 0x000002b28486a420 nmethod 10407 0x000002b2f1250090 code [0x000002b2f1250240, 0x000002b2f12503f0]
Event: 51.250 Thread 0x000002b28486a420 10410       1       com.android.tools.build.jetifier.core.pom.PomRewriteRule::getFrom (5 bytes)
Event: 51.250 Thread 0x000002b28486a420 nmethod 10410 0x000002b2f89fdd10 code [0x000002b2f89fdea0, 0x000002b2f89fdf68]
Event: 51.250 Thread 0x000002b28486a420 10408       2       kotlin.text.StringsKt__StringsKt::contains$default (15 bytes)
Event: 51.250 Thread 0x000002b28486a420 nmethod 10408 0x000002b2f138d310 code [0x000002b2f138d4c0, 0x000002b2f138d5d0]
Event: 51.250 Thread 0x000002b28486a420 10409       3       com.android.tools.build.jetifier.core.type.JavaType::hasInnerType (16 bytes)
Event: 51.250 Thread 0x000002b28486a420 nmethod 10409 0x000002b2f1336390 code [0x000002b2f1336540, 0x000002b2f1336700]
Event: 51.388 Thread 0x000002b28486a420 10411       3       java.lang.StringUTF16::length (5 bytes)
Event: 51.388 Thread 0x000002b28486a420 nmethod 10411 0x000002b2f1335f10 code [0x000002b2f13360a0, 0x000002b2f1336198]
Event: 51.388 Thread 0x000002b28486a420 10412       3       java.lang.StringUTF16::checkIndex (9 bytes)
Event: 51.389 Thread 0x000002b28486a420 nmethod 10412 0x000002b2f13dca10 code [0x000002b2f13dcbc0, 0x000002b2f13dcdb8]
Event: 51.389 Thread 0x000002b28486a420 10413       3       java.lang.StringUTF16::charAt (11 bytes)
Event: 51.389 Thread 0x000002b28486a420 nmethod 10413 0x000002b2f1abc790 code [0x000002b2f1abc940, 0x000002b2f1abcba8]
Event: 51.395 Thread 0x000002b28486a420 10414       3       java.util.regex.Pattern$NotBehind::match (137 bytes)
Event: 51.396 Thread 0x000002b28486a420 nmethod 10414 0x000002b2f133d510 code [0x000002b2f133d700, 0x000002b2f133dcb8]
Event: 51.471 Thread 0x000002b28486a420 10415       3       java.util.HashMap$ValueSpliterator::tryAdvance (138 bytes)
Event: 51.474 Thread 0x000002b28486a420 nmethod 10415 0x000002b2f17ae990 code [0x000002b2f17aebc0, 0x000002b2f17af2c0]
Event: 51.474 Thread 0x000002b28486a420 10416       3       java.lang.management.ManagementFactory$PlatformMBeanFinder$$Lambda/0x0000000100134510::test (12 bytes)
Event: 51.475 Thread 0x000002b28486a420 nmethod 10416 0x000002b2f1ab0a10 code [0x000002b2f1ab0be0, 0x000002b2f1ab0fd0]

GC Heap History (20 events):
Event: 34.165 GC heap before
{Heap before GC invocations=31 (full 0):
 garbage-first heap   total 92160K, used 80471K [0x0000000080000000, 0x0000000100000000)
  region size 1024K, 36 young (36864K), 3 survivors (3072K)
 Metaspace       used 67147K, committed 68800K, reserved 1114112K
  class space    used 9076K, committed 9920K, reserved 1048576K
}
Event: 34.178 GC heap after
{Heap after GC invocations=32 (full 0):
 garbage-first heap   total 92160K, used 49586K [0x0000000080000000, 0x0000000100000000)
  region size 1024K, 4 young (4096K), 4 survivors (4096K)
 Metaspace       used 67147K, committed 68800K, reserved 1114112K
  class space    used 9076K, committed 9920K, reserved 1048576K
}
Event: 35.866 GC heap before
{Heap before GC invocations=33 (full 0):
 garbage-first heap   total 92160K, used 90546K [0x0000000080000000, 0x0000000100000000)
  region size 1024K, 33 young (33792K), 4 survivors (4096K)
 Metaspace       used 68692K, committed 70400K, reserved 1114112K
  class space    used 9277K, committed 10112K, reserved 1048576K
}
Event: 35.903 GC heap after
{Heap after GC invocations=34 (full 0):
 garbage-first heap   total 103424K, used 67934K [0x0000000080000000, 0x0000000100000000)
  region size 1024K, 5 young (5120K), 5 survivors (5120K)
 Metaspace       used 68692K, committed 70400K, reserved 1114112K
  class space    used 9277K, committed 10112K, reserved 1048576K
}
Event: 36.809 GC heap before
{Heap before GC invocations=34 (full 0):
 garbage-first heap   total 103424K, used 91486K [0x0000000080000000, 0x0000000100000000)
  region size 1024K, 27 young (27648K), 5 survivors (5120K)
 Metaspace       used 70609K, committed 72320K, reserved 1114112K
  class space    used 9527K, committed 10368K, reserved 1048576K
}
Event: 36.821 GC heap after
{Heap after GC invocations=35 (full 0):
 garbage-first heap   total 103424K, used 69417K [0x0000000080000000, 0x0000000100000000)
  region size 1024K, 1 young (1024K), 1 survivors (1024K)
 Metaspace       used 70609K, committed 72320K, reserved 1114112K
  class space    used 9527K, committed 10368K, reserved 1048576K
}
Event: 37.680 GC heap before
{Heap before GC invocations=35 (full 0):
 garbage-first heap   total 103424K, used 91945K [0x0000000080000000, 0x0000000100000000)
  region size 1024K, 24 young (24576K), 1 survivors (1024K)
 Metaspace       used 73033K, committed 74752K, reserved 1114112K
  class space    used 9779K, committed 10624K, reserved 1048576K
}
Event: 37.687 GC heap after
{Heap after GC invocations=36 (full 0):
 garbage-first heap   total 103424K, used 69761K [0x0000000080000000, 0x0000000100000000)
  region size 1024K, 2 young (2048K), 2 survivors (2048K)
 Metaspace       used 73033K, committed 74752K, reserved 1114112K
  class space    used 9779K, committed 10624K, reserved 1048576K
}
Event: 39.670 GC heap before
{Heap before GC invocations=37 (full 0):
 garbage-first heap   total 117760K, used 93313K [0x0000000080000000, 0x0000000100000000)
  region size 1024K, 25 young (25600K), 2 survivors (2048K)
 Metaspace       used 75578K, committed 77376K, reserved 1179648K
  class space    used 10181K, committed 11072K, reserved 1048576K
}
Event: 39.681 GC heap after
{Heap after GC invocations=38 (full 0):
 garbage-first heap   total 117760K, used 70785K [0x0000000080000000, 0x0000000100000000)
  region size 1024K, 3 young (3072K), 3 survivors (3072K)
 Metaspace       used 75578K, committed 77376K, reserved 1179648K
  class space    used 10181K, committed 11072K, reserved 1048576K
}
Event: 40.988 GC heap before
{Heap before GC invocations=38 (full 0):
 garbage-first heap   total 117760K, used 110721K [0x0000000080000000, 0x0000000100000000)
  region size 1024K, 38 young (38912K), 3 survivors (3072K)
 Metaspace       used 78412K, committed 80256K, reserved 1179648K
  class space    used 10539K, committed 11456K, reserved 1048576K
}
Event: 41.015 GC heap after
{Heap after GC invocations=39 (full 0):
 garbage-first heap   total 120832K, used 75378K [0x0000000080000000, 0x0000000100000000)
  region size 1024K, 5 young (5120K), 5 survivors (5120K)
 Metaspace       used 78412K, committed 80256K, reserved 1179648K
  class space    used 10539K, committed 11456K, reserved 1048576K
}
Event: 42.816 GC heap before
{Heap before GC invocations=39 (full 0):
 garbage-first heap   total 120832K, used 108146K [0x0000000080000000, 0x0000000100000000)
  region size 1024K, 37 young (37888K), 5 survivors (5120K)
 Metaspace       used 80917K, committed 82752K, reserved 1179648K
  class space    used 10859K, committed 11776K, reserved 1048576K
}
Event: 42.837 GC heap after
{Heap after GC invocations=40 (full 0):
 garbage-first heap   total 145408K, used 77775K [0x0000000080000000, 0x0000000100000000)
  region size 1024K, 2 young (2048K), 2 survivors (2048K)
 Metaspace       used 80917K, committed 82752K, reserved 1179648K
  class space    used 10859K, committed 11776K, reserved 1048576K
}
Event: 46.503 GC heap before
{Heap before GC invocations=41 (full 0):
 garbage-first heap   total 145408K, used 129999K [0x0000000080000000, 0x0000000100000000)
  region size 1024K, 54 young (55296K), 2 survivors (2048K)
 Metaspace       used 86477K, committed 88384K, reserved 1179648K
  class space    used 11559K, committed 12544K, reserved 1048576K
}
Event: 46.519 GC heap after
{Heap after GC invocations=42 (full 0):
 garbage-first heap   total 145408K, used 80324K [0x0000000080000000, 0x0000000100000000)
  region size 1024K, 5 young (5120K), 5 survivors (5120K)
 Metaspace       used 86477K, committed 88384K, reserved 1179648K
  class space    used 11559K, committed 12544K, reserved 1048576K
}
Event: 48.235 GC heap before
{Heap before GC invocations=42 (full 0):
 garbage-first heap   total 145408K, used 131524K [0x0000000080000000, 0x0000000100000000)
  region size 1024K, 55 young (56320K), 5 survivors (5120K)
 Metaspace       used 89905K, committed 91840K, reserved 1179648K
  class space    used 12029K, committed 12992K, reserved 1048576K
}
Event: 48.262 GC heap after
{Heap after GC invocations=43 (full 0):
 garbage-first heap   total 145408K, used 82683K [0x0000000080000000, 0x0000000100000000)
  region size 1024K, 6 young (6144K), 6 survivors (6144K)
 Metaspace       used 89905K, committed 91840K, reserved 1179648K
  class space    used 12029K, committed 12992K, reserved 1048576K
}
Event: 49.626 GC heap before
{Heap before GC invocations=43 (full 0):
 garbage-first heap   total 145408K, used 128763K [0x0000000080000000, 0x0000000100000000)
  region size 1024K, 52 young (53248K), 6 survivors (6144K)
 Metaspace       used 91869K, committed 93760K, reserved 1179648K
  class space    used 12277K, committed 13248K, reserved 1048576K
}
Event: 49.655 GC heap after
{Heap after GC invocations=44 (full 0):
 garbage-first heap   total 145408K, used 86707K [0x0000000080000000, 0x0000000100000000)
  region size 1024K, 7 young (7168K), 7 survivors (7168K)
 Metaspace       used 91869K, committed 93760K, reserved 1179648K
  class space    used 12277K, committed 13248K, reserved 1048576K
}

Dll operation events (3 events):
Event: 0.151 Loaded shared library C:\Program Files\Android\Android Studio2\jbr\bin\java.dll
Event: 0.164 Loaded shared library C:\Program Files\Android\Android Studio2\jbr\bin\zip.dll
Event: 2.819 Loaded shared library C:\Program Files\Android\Android Studio2\jbr\bin\verify.dll

Deoptimization events (20 events):
Event: 51.248 Thread 0x000002b28a8110e0 Uncommon trap: trap_request=0xffffff45 fr.pc=0x000002b2f88a9da0 relative=0x00000000000002e0
Event: 51.248 Thread 0x000002b28a8110e0 Uncommon trap: reason=unstable_if action=reinterpret pc=0x000002b2f88a9da0 method=java.lang.String.indexOf([BBILjava/lang/String;I)I @ 22 c2
Event: 51.248 Thread 0x000002b28a8110e0 DEOPT PACKING pc=0x000002b2f88a9da0 sp=0x000000d7d49f75a0
Event: 51.248 Thread 0x000002b28a8110e0 DEOPT UNPACKING pc=0x000002b2f82d469c sp=0x000000d7d49f7530 mode 2
Event: 51.385 Thread 0x000002b28a8110e0 Uncommon trap: trap_request=0xffffff45 fr.pc=0x000002b2f88b0b6c relative=0x000000000000056c
Event: 51.385 Thread 0x000002b28a8110e0 Uncommon trap: reason=unstable_if action=reinterpret pc=0x000002b2f88b0b6c method=java.lang.AbstractStringBuilder.appendChars(Ljava/lang/String;II)V @ 11 c2
Event: 51.385 Thread 0x000002b28a8110e0 DEOPT PACKING pc=0x000002b2f88b0b6c sp=0x000000d7d49f7460
Event: 51.385 Thread 0x000002b28a8110e0 DEOPT UNPACKING pc=0x000002b2f82d469c sp=0x000000d7d49f73a0 mode 2
Event: 51.386 Thread 0x000002b28a8110e0 Uncommon trap: trap_request=0xffffff45 fr.pc=0x000002b2f88ebf6c relative=0x000000000000042c
Event: 51.386 Thread 0x000002b28a8110e0 Uncommon trap: reason=unstable_if action=reinterpret pc=0x000002b2f88ebf6c method=java.lang.String.<init>(Ljava/lang/AbstractStringBuilder;Ljava/lang/Void;)V @ 19 c2
Event: 51.386 Thread 0x000002b28a8110e0 DEOPT PACKING pc=0x000002b2f88ebf6c sp=0x000000d7d49f7520
Event: 51.386 Thread 0x000002b28a8110e0 DEOPT UNPACKING pc=0x000002b2f82d469c sp=0x000000d7d49f74d0 mode 2
Event: 51.387 Thread 0x000002b28a8110e0 Uncommon trap: trap_request=0xffffff45 fr.pc=0x000002b2f885de70 relative=0x0000000000000510
Event: 51.387 Thread 0x000002b28a8110e0 Uncommon trap: reason=unstable_if action=reinterpret pc=0x000002b2f885de70 method=java.lang.AbstractStringBuilder.inflateIfNeededFor(Ljava/lang/String;)V @ 14 c2
Event: 51.387 Thread 0x000002b28a8110e0 DEOPT PACKING pc=0x000002b2f885de70 sp=0x000000d7d49f74e0
Event: 51.387 Thread 0x000002b28a8110e0 DEOPT UNPACKING pc=0x000002b2f82d469c sp=0x000000d7d49f73d8 mode 2
Event: 51.387 Thread 0x000002b28a8110e0 Uncommon trap: trap_request=0xffffff45 fr.pc=0x000002b2f885ca00 relative=0x00000000000000e0
Event: 51.387 Thread 0x000002b28a8110e0 Uncommon trap: reason=unstable_if action=reinterpret pc=0x000002b2f885ca00 method=java.lang.String.getBytes([BIB)V @ 5 c2
Event: 51.387 Thread 0x000002b28a8110e0 DEOPT PACKING pc=0x000002b2f885ca00 sp=0x000000d7d49f7400
Event: 51.388 Thread 0x000002b28a8110e0 DEOPT UNPACKING pc=0x000002b2f82d469c sp=0x000000d7d49f73c8 mode 2

Classes loaded (20 events):
Event: 45.800 Loading class com/sun/jmx/mbeanserver/StandardMBeanSupport
Event: 45.800 Loading class com/sun/jmx/mbeanserver/StandardMBeanSupport done
Event: 45.800 Loading class com/sun/jmx/mbeanserver/StandardMBeanIntrospector
Event: 45.800 Loading class com/sun/jmx/mbeanserver/StandardMBeanIntrospector done
Event: 45.946 Loading class java/util/HashMap$UnsafeHolder
Event: 45.947 Loading class java/util/HashMap$UnsafeHolder done
Event: 47.560 Loading class com/sun/beans/finder/MethodFinder
Event: 47.562 Loading class com/sun/beans/finder/AbstractFinder
Event: 47.563 Loading class com/sun/beans/finder/AbstractFinder done
Event: 47.563 Loading class com/sun/beans/finder/MethodFinder done
Event: 47.563 Loading class com/sun/beans/finder/MethodFinder$1
Event: 47.563 Loading class com/sun/beans/finder/MethodFinder$1 done
Event: 47.563 Loading class com/sun/beans/finder/FinderUtils
Event: 47.563 Loading class com/sun/beans/finder/FinderUtils done
Event: 50.791 Loading class sun/reflect/generics/repository/FieldRepository
Event: 50.793 Loading class sun/reflect/generics/repository/FieldRepository done
Event: 50.985 Loading class jdk/internal/vm/annotation/ForceInline
Event: 50.989 Loading class jdk/internal/vm/annotation/ForceInline done
Event: 51.388 Loading class java/util/regex/Pattern$Caret
Event: 51.389 Loading class java/util/regex/Pattern$Caret done

Classes unloaded (0 events):
No events

Classes redefined (0 events):
No events

Internal exceptions (20 events):
Event: 47.544 Thread 0x000002b28a8110e0 Exception <a 'java/lang/ClassNotFoundException'{0x0000000086405a10}: groovy/lang/ClosureBeanInfo> (0x0000000086405a10) 
thrown [s\src\hotspot\share\classfile\systemDictionary.cpp, line 312]
Event: 47.545 Thread 0x000002b28a8110e0 Exception <a 'java/lang/ClassNotFoundException'{0x000000008641cd00}: groovy/lang/ClosureCustomizer> (0x000000008641cd00) 
thrown [s\src\hotspot\share\classfile\systemDictionary.cpp, line 312]
Event: 47.560 Thread 0x000002b28a8110e0 Exception <a 'java/lang/ClassNotFoundException'{0x0000000086459398}: groovy/lang/Closure$1Customizer> (0x0000000086459398) 
thrown [s\src\hotspot\share\classfile\systemDictionary.cpp, line 312]
Event: 47.582 Thread 0x000002b28a8110e0 Exception <a 'java/lang/ClassNotFoundException'{0x00000000864ce410}: org/jetbrains/kotlin/gradle/targets/js/npm/DefaultNpmDependencyExtensionBeanInfo> (0x00000000864ce410) 
thrown [s\src\hotspot\share\classfile\systemDictionary.cpp, line 312]
Event: 47.583 Thread 0x000002b28a8110e0 Exception <a 'java/lang/ClassNotFoundException'{0x00000000864dd630}: org/jetbrains/kotlin/gradle/targets/js/npm/DefaultNpmDependencyExtensionCustomizer> (0x00000000864dd630) 
thrown [s\src\hotspot\share\classfile\systemDictionary.cpp, line 312]
Event: 47.615 Thread 0x000002b28a8110e0 Exception <a 'java/lang/ClassNotFoundException'{0x000000008637bc00}: org/jetbrains/kotlin/gradle/targets/js/npm/NpmDependencyExtensionKt$defaultNpmDependencyDelegate$1BeanInfo> (0x000000008637bc00) 
thrown [s\src\hotspot\share\classfile\systemDictionary.cpp, line 312]
Event: 47.616 Thread 0x000002b28a8110e0 Exception <a 'java/lang/ClassNotFoundException'{0x000000008638c398}: org/jetbrains/kotlin/gradle/targets/js/npm/NpmDependencyExtensionDelegateBeanInfo> (0x000000008638c398) 
thrown [s\src\hotspot\share\classfile\systemDictionary.cpp, line 312]
Event: 47.617 Thread 0x000002b28a8110e0 Exception <a 'java/lang/ClassNotFoundException'{0x000000008639cb68}: org/jetbrains/kotlin/gradle/targets/js/npm/NpmDependencyExtensionDelegateCustomizer> (0x000000008639cb68) 
thrown [s\src\hotspot\share\classfile\systemDictionary.cpp, line 312]
Event: 47.623 Thread 0x000002b28a8110e0 Exception <a 'java/lang/ClassNotFoundException'{0x00000000863ce770}: org/jetbrains/kotlin/gradle/targets/js/npm/NpmDependencyExtensionKt$defaultNpmDependencyDelegate$1Customizer> (0x00000000863ce770) 
thrown [s\src\hotspot\share\classfile\systemDictionary.cpp, line 312]
Event: 47.636 Thread 0x000002b28a8110e0 Exception <a 'java/lang/ClassNotFoundException'{0x00000000862160c0}: org/jetbrains/kotlin/gradle/targets/js/npm/DefaultDevNpmDependencyExtensionBeanInfo> (0x00000000862160c0) 
thrown [s\src\hotspot\share\classfile\systemDictionary.cpp, line 312]
Event: 47.637 Thread 0x000002b28a8110e0 Exception <a 'java/lang/ClassNotFoundException'{0x0000000086225318}: org/jetbrains/kotlin/gradle/targets/js/npm/DefaultDevNpmDependencyExtensionCustomizer> (0x0000000086225318) 
thrown [s\src\hotspot\share\classfile\systemDictionary.cpp, line 312]
Event: 47.652 Thread 0x000002b28a8110e0 Exception <a 'java/lang/ClassNotFoundException'{0x00000000862751a8}: org/jetbrains/kotlin/gradle/targets/js/npm/DefaultPeerNpmDependencyExtensionBeanInfo> (0x00000000862751a8) 
thrown [s\src\hotspot\share\classfile\systemDictionary.cpp, line 312]
Event: 47.653 Thread 0x000002b28a8110e0 Exception <a 'java/lang/ClassNotFoundException'{0x0000000086284738}: org/jetbrains/kotlin/gradle/targets/js/npm/DefaultPeerNpmDependencyExtensionCustomizer> (0x0000000086284738) 
thrown [s\src\hotspot\share\classfile\systemDictionary.cpp, line 312]
Event: 47.663 Thread 0x000002b28a8110e0 Exception <a 'java/lang/ClassNotFoundException'{0x00000000862e2968}: org/jetbrains/kotlin/gradle/targets/js/npm/DefaultPeerNpmDependencyExtension$delegate$1BeanInfo> (0x00000000862e2968) 
thrown [s\src\hotspot\share\classfile\systemDictionary.cpp, line 312]
Event: 47.664 Thread 0x000002b28a8110e0 Exception <a 'java/lang/ClassNotFoundException'{0x00000000862f2678}: org/jetbrains/kotlin/gradle/targets/js/npm/DefaultPeerNpmDependencyExtension$delegate$1Customizer> (0x00000000862f2678) 
thrown [s\src\hotspot\share\classfile\systemDictionary.cpp, line 312]
Event: 48.208 Thread 0x000002b28a8110e0 Implicit null exception at 0x000002b2f8a757f4 to 0x000002b2f8a75c98
Event: 48.208 Thread 0x000002b28a8110e0 Implicit null exception at 0x000002b2f8a2b200 to 0x000002b2f8a2b6a4
Event: 48.209 Thread 0x000002b28a8110e0 Implicit null exception at 0x000002b2f88e2d84 to 0x000002b2f88e3058
Event: 49.576 Thread 0x000002b28a8110e0 Exception <a 'java/lang/NoSuchMethodError'{0x0000000085a62db8}: 'java.lang.Object java.lang.invoke.DirectMethodHandle$Holder.newInvokeSpecial(java.lang.Object, java.lang.Object, java.lang.Object, java.lang.Object, java.lang.Object, java.lang.Object, java.lang.Object, java.lang.Object, java.lang.Object, java.lang.Object, java.lang.Object, java.lang.Object, java.lang.Object, java.lang.Object)'> (0x0000000085a62db8) 
thrown [s\src\hotspot\share\interpreter\linkResolver.cpp, line 784]
Event: 50.991 Thread 0x000002b28a8110e0 Exception <a 'java/lang/NoSuchMethodError'{0x0000000087879028}: 'void java.lang.invoke.Invokers$Holder.invokeExact_MT(java.lang.Object, java.lang.Object, java.lang.Object, java.lang.Object)'> (0x0000000087879028) 
thrown [s\src\hotspot\share\interpreter\linkResolver.cpp, line 784]

ZGC Phase Switch (0 events):
No events

VM Operations (20 events):
Event: 45.904 Executing VM operation: Cleanup
Event: 45.904 Executing VM operation: Cleanup done
Event: 46.409 Executing VM operation: HandshakeAllThreads (Deoptimize)
Event: 46.409 Executing VM operation: HandshakeAllThreads (Deoptimize) done
Event: 46.503 Executing VM operation: G1CollectForAllocation (G1 Evacuation Pause)
Event: 46.519 Executing VM operation: G1CollectForAllocation (G1 Evacuation Pause) done
Event: 47.519 Executing VM operation: Cleanup
Event: 47.519 Executing VM operation: Cleanup done
Event: 48.235 Executing VM operation: G1CollectForAllocation (G1 Evacuation Pause)
Event: 48.262 Executing VM operation: G1CollectForAllocation (G1 Evacuation Pause) done
Event: 49.253 Executing VM operation: HandshakeAllThreads (Deoptimize)
Event: 49.256 Executing VM operation: HandshakeAllThreads (Deoptimize) done
Event: 49.625 Executing VM operation: G1CollectForAllocation (G1 Evacuation Pause)
Event: 49.655 Executing VM operation: G1CollectForAllocation (G1 Evacuation Pause) done
Event: 49.877 Executing VM operation: G1PauseRemark
Event: 49.895 Executing VM operation: G1PauseRemark done
Event: 49.983 Executing VM operation: G1PauseCleanup
Event: 49.984 Executing VM operation: G1PauseCleanup done
Event: 51.021 Executing VM operation: Cleanup
Event: 51.022 Executing VM operation: Cleanup done

Memory protections (0 events):
No events

Nmethod flushes (20 events):
Event: 49.892 Thread 0x000002b2fff00340 flushing  nmethod 0x000002b2f138d310
Event: 49.892 Thread 0x000002b2fff00340 flushing  nmethod 0x000002b2f13dc610
Event: 49.892 Thread 0x000002b2fff00340 flushing  nmethod 0x000002b2f15b2b10
Event: 49.892 Thread 0x000002b2fff00340 flushing  nmethod 0x000002b2f1605010
Event: 49.892 Thread 0x000002b2fff00340 flushing  nmethod 0x000002b2f17ae990
Event: 49.892 Thread 0x000002b2fff00340 flushing  nmethod 0x000002b2f17fc590
Event: 49.892 Thread 0x000002b2fff00340 flushing  nmethod 0x000002b2f1aac210
Event: 49.892 Thread 0x000002b2fff00340 flushing  nmethod 0x000002b2f1aac790
Event: 49.892 Thread 0x000002b2fff00340 flushing  nmethod 0x000002b2f1aacb90
Event: 49.892 Thread 0x000002b2fff00340 flushing  nmethod 0x000002b2f1aad210
Event: 49.892 Thread 0x000002b2fff00340 flushing osr nmethod 0x000002b2f1ab0710
Event: 49.892 Thread 0x000002b2fff00340 flushing  nmethod 0x000002b2f1ab1410
Event: 49.892 Thread 0x000002b2fff00340 flushing  nmethod 0x000002b2f1ab2490
Event: 49.892 Thread 0x000002b2fff00340 flushing  nmethod 0x000002b2f1abc410
Event: 49.892 Thread 0x000002b2fff00340 flushing  nmethod 0x000002b2f1abd190
Event: 49.892 Thread 0x000002b2fff00340 flushing  nmethod 0x000002b2f1abd990
Event: 49.892 Thread 0x000002b2fff00340 flushing  nmethod 0x000002b2f1abe810
Event: 49.892 Thread 0x000002b2fff00340 flushing  nmethod 0x000002b2f1ae3910
Event: 49.892 Thread 0x000002b2fff00340 flushing  nmethod 0x000002b2f1ae4110
Event: 49.892 Thread 0x000002b2fff00340 flushing  nmethod 0x000002b2f1af0a90

Events (20 events):
Event: 8.615 Thread 0x000002b28a8110e0 Thread added: 0x000002b28a7e8040
Event: 8.630 Thread 0x000002b28a8110e0 Thread added: 0x000002b28a958030
Event: 8.636 Thread 0x000002b28a8110e0 Thread added: 0x000002b28a954bb0
Event: 9.860 Thread 0x000002b28a8110e0 Thread added: 0x000002b28a957310
Event: 9.878 Thread 0x000002b28a8110e0 Thread added: 0x000002b28a955240
Event: 9.960 Thread 0x000002b28a8110e0 Thread added: 0x000002b28a9558d0
Event: 12.009 Thread 0x000002b28a8110e0 Thread added: 0x000002b28a956c80
Event: 12.778 Thread 0x000002b28a8110e0 Thread added: 0x000002b28a9579a0
Event: 12.813 Thread 0x000002b28a8110e0 Thread added: 0x000002b28a955f60
Event: 13.293 Thread 0x000002b28a8110e0 Thread added: 0x000002b28a9565f0
Event: 13.303 Thread 0x000002b28a8110e0 Thread added: 0x000002b28b4b5170
Event: 14.310 Thread 0x000002b28a8110e0 Thread added: 0x000002b28b4b6520
Event: 14.856 Thread 0x000002b28a8110e0 Thread added: 0x000002b28b4b7240
Event: 15.216 Thread 0x000002b28a8110e0 Thread added: 0x000002b28b4b1660
Event: 26.491 Thread 0x000002b28a8110e0 Thread added: 0x000002b28b4b2380
Event: 26.911 Thread 0x000002b28a8110e0 Thread added: 0x000002b28b4b6bb0
Event: 28.849 Thread 0x000002b28a8110e0 Thread added: 0x000002b28b4b78d0
Event: 37.349 Thread 0x000002b28a8110e0 Thread added: 0x000002b28b4b2a10
Event: 39.615 Thread 0x000002b28a8110e0 Thread added: 0x000002b28b4b3730
Event: 46.008 Thread 0x000002b28a8110e0 Thread added: 0x000002b28b4b3dc0


Dynamic libraries:
0x00007ff714020000 - 0x00007ff71402a000 	C:\Program Files\Android\Android Studio2\jbr\bin\java.exe
0x00007ffbbc710000 - 0x00007ffbbc927000 	C:\WINDOWS\SYSTEM32\ntdll.dll
0x00007ffbbaea0000 - 0x00007ffbbaf64000 	C:\WINDOWS\System32\KERNEL32.DLL
0x00007ffbb9e60000 - 0x00007ffbba233000 	C:\WINDOWS\System32\KERNELBASE.dll
0x00007ffbb9d40000 - 0x00007ffbb9e51000 	C:\WINDOWS\System32\ucrtbase.dll
0x00007ffbb2130000 - 0x00007ffbb2148000 	C:\Program Files\Android\Android Studio2\jbr\bin\jli.dll
0x00007ffbbaad0000 - 0x00007ffbbac81000 	C:\WINDOWS\System32\USER32.dll
0x00007ffbb9b30000 - 0x00007ffbb9b56000 	C:\WINDOWS\System32\win32u.dll
0x00007ffbbae50000 - 0x00007ffbbae79000 	C:\WINDOWS\System32\GDI32.dll
0x00007ffbb9990000 - 0x00007ffbb9aab000 	C:\WINDOWS\System32\gdi32full.dll
0x00007ffbb9b60000 - 0x00007ffbb9bfa000 	C:\WINDOWS\System32\msvcp_win.dll
0x00007ffb9ba10000 - 0x00007ffb9bca8000 	C:\WINDOWS\WinSxS\amd64_microsoft.windows.common-controls_6595b64144ccf1df_6.0.22621.5124_none_270e8f4f7386d69d\COMCTL32.dll
0x00007ffbbaf70000 - 0x00007ffbbb017000 	C:\WINDOWS\System32\msvcrt.dll
0x00007ffbb5780000 - 0x00007ffbb579b000 	C:\Program Files\Android\Android Studio2\jbr\bin\VCRUNTIME140.dll
0x00007ffbba6b0000 - 0x00007ffbba6e1000 	C:\WINDOWS\System32\IMM32.DLL
0x00007ffbb4940000 - 0x00007ffbb494c000 	C:\Program Files\Android\Android Studio2\jbr\bin\vcruntime140_1.dll
0x00007ffba5660000 - 0x00007ffba56ed000 	C:\Program Files\Android\Android Studio2\jbr\bin\msvcp140.dll
0x00007ffb54470000 - 0x00007ffb550fb000 	C:\Program Files\Android\Android Studio2\jbr\bin\server\jvm.dll
0x00007ffbba880000 - 0x00007ffbba931000 	C:\WINDOWS\System32\ADVAPI32.dll
0x00007ffbbb950000 - 0x00007ffbbb9f8000 	C:\WINDOWS\System32\sechost.dll
0x00007ffbba240000 - 0x00007ffbba268000 	C:\WINDOWS\System32\bcrypt.dll
0x00007ffbba590000 - 0x00007ffbba6a4000 	C:\WINDOWS\System32\RPCRT4.dll
0x00007ffbba510000 - 0x00007ffbba581000 	C:\WINDOWS\System32\WS2_32.dll
0x00007ffbb96f0000 - 0x00007ffbb973d000 	C:\WINDOWS\SYSTEM32\POWRPROF.dll
0x00007ffbb1720000 - 0x00007ffbb1754000 	C:\WINDOWS\SYSTEM32\WINMM.dll
0x00007ffbb6300000 - 0x00007ffbb630a000 	C:\WINDOWS\SYSTEM32\VERSION.dll
0x00007ffbb96d0000 - 0x00007ffbb96e3000 	C:\WINDOWS\SYSTEM32\UMPDC.dll
0x00007ffbb8850000 - 0x00007ffbb8868000 	C:\WINDOWS\SYSTEM32\kernel.appcore.dll
0x00007ffb98620000 - 0x00007ffb9862a000 	C:\Program Files\Android\Android Studio2\jbr\bin\jimage.dll
0x00007ffbb7410000 - 0x00007ffbb7642000 	C:\WINDOWS\SYSTEM32\DBGHELP.DLL
0x00007ffbbb5b0000 - 0x00007ffbbb942000 	C:\WINDOWS\System32\combase.dll
0x00007ffbba3b0000 - 0x00007ffbba487000 	C:\WINDOWS\System32\OLEAUT32.dll
0x00007ffba43c0000 - 0x00007ffba43f2000 	C:\WINDOWS\SYSTEM32\dbgcore.DLL
0x00007ffbb9ab0000 - 0x00007ffbb9b2b000 	C:\WINDOWS\System32\bcryptPrimitives.dll
0x00007ffbb5e80000 - 0x00007ffbb5e8e000 	C:\Program Files\Android\Android Studio2\jbr\bin\instrument.dll
0x00007ffb93b80000 - 0x00007ffb93ba0000 	C:\Program Files\Android\Android Studio2\jbr\bin\java.dll
0x00007ffb98600000 - 0x00007ffb98618000 	C:\Program Files\Android\Android Studio2\jbr\bin\zip.dll
0x00007ffbbbc10000 - 0x00007ffbbc4a6000 	C:\WINDOWS\System32\SHELL32.dll
0x00007ffbba270000 - 0x00007ffbba3af000 	C:\WINDOWS\System32\wintypes.dll
0x00007ffbb7740000 - 0x00007ffbb805a000 	C:\WINDOWS\SYSTEM32\windows.storage.dll
0x00007ffbba940000 - 0x00007ffbbaa4a000 	C:\WINDOWS\System32\SHCORE.dll
0x00007ffbbbba0000 - 0x00007ffbbbc03000 	C:\WINDOWS\System32\shlwapi.dll
0x00007ffbb9750000 - 0x00007ffbb977b000 	C:\WINDOWS\SYSTEM32\profapi.dll
0x00007ffb96bc0000 - 0x00007ffb96bd0000 	C:\Program Files\Android\Android Studio2\jbr\bin\net.dll
0x00007ffbb1ad0000 - 0x00007ffbb1bfc000 	C:\WINDOWS\SYSTEM32\WINHTTP.dll
0x00007ffbb8cd0000 - 0x00007ffbb8d3a000 	C:\WINDOWS\system32\mswsock.dll
0x00007ffb96ba0000 - 0x00007ffb96bb6000 	C:\Program Files\Android\Android Studio2\jbr\bin\nio.dll
0x00007ffbb5770000 - 0x00007ffbb5780000 	C:\Program Files\Android\Android Studio2\jbr\bin\verify.dll
0x00007ffb8b7b0000 - 0x00007ffb8b7d7000 	C:\Users\Mahlo T.J\.gradle\native\c067742578af261105cb4f569cf0c3c89f3d7b1fecec35dd04571415982c5e48\windows-amd64\native-platform.dll
0x00007ffb82620000 - 0x00007ffb82764000 	C:\Users\Mahlo T.J\.gradle\native\100fb08df4bc3b14c8652ba06237920a3bd2aa13389f12d3474272988ae205f9\windows-amd64\native-platform-file-events.dll
0x00007ffbb18f0000 - 0x00007ffbb18f9000 	C:\Program Files\Android\Android Studio2\jbr\bin\management.dll
0x00007ffbb18e0000 - 0x00007ffbb18eb000 	C:\Program Files\Android\Android Studio2\jbr\bin\management_ext.dll
0x00007ffbbc6c0000 - 0x00007ffbbc6c8000 	C:\WINDOWS\System32\PSAPI.DLL
0x00007ffbb8f20000 - 0x00007ffbb8f3b000 	C:\WINDOWS\SYSTEM32\CRYPTSP.dll
0x00007ffbb87b0000 - 0x00007ffbb87e7000 	C:\WINDOWS\system32\rsaenh.dll
0x00007ffbb8dc0000 - 0x00007ffbb8de8000 	C:\WINDOWS\SYSTEM32\USERENV.dll
0x00007ffbb8f40000 - 0x00007ffbb8f4c000 	C:\WINDOWS\SYSTEM32\CRYPTBASE.dll
0x00007ffbb8350000 - 0x00007ffbb837d000 	C:\WINDOWS\SYSTEM32\IPHLPAPI.DLL
0x00007ffbbba00000 - 0x00007ffbbba09000 	C:\WINDOWS\System32\NSI.dll
0x00007ffbb1eb0000 - 0x00007ffbb1eb9000 	C:\Program Files\Android\Android Studio2\jbr\bin\extnet.dll
0x00007ffba9900000 - 0x00007ffba9908000 	C:\WINDOWS\system32\wshunix.dll

dbghelp: loaded successfully - version: 4.0.5 - missing functions: none
symbol engine: initialized successfully - sym options: 0x614 - pdb path: .;C:\Program Files\Android\Android Studio2\jbr\bin;C:\WINDOWS\SYSTEM32;C:\WINDOWS\WinSxS\amd64_microsoft.windows.common-controls_6595b64144ccf1df_6.0.22621.5124_none_270e8f4f7386d69d;C:\Program Files\Android\Android Studio2\jbr\bin\server;C:\Users\Mahlo T.J\.gradle\native\c067742578af261105cb4f569cf0c3c89f3d7b1fecec35dd04571415982c5e48\windows-amd64;C:\Users\Mahlo T.J\.gradle\native\100fb08df4bc3b14c8652ba06237920a3bd2aa13389f12d3474272988ae205f9\windows-amd64

VM Arguments:
jvm_args: --add-opens=java.base/java.lang=ALL-UNNAMED --add-opens=java.base/java.lang.invoke=ALL-UNNAMED --add-opens=java.base/java.util=ALL-UNNAMED --add-opens=java.prefs/java.util.prefs=ALL-UNNAMED --add-exports=jdk.compiler/com.sun.tools.javac.api=ALL-UNNAMED --add-exports=jdk.compiler/com.sun.tools.javac.util=ALL-UNNAMED --add-opens=java.base/java.util=ALL-UNNAMED --add-opens=java.prefs/java.util.prefs=ALL-UNNAMED --add-opens=java.base/java.nio.charset=ALL-UNNAMED --add-opens=java.base/java.net=ALL-UNNAMED --add-opens=java.base/java.util.concurrent.atomic=ALL-UNNAMED --add-opens=java.xml/javax.xml.namespace=ALL-UNNAMED -Xmx2048m -Dfile.encoding=UTF-8 -Duser.country=ZA -Duser.language=en -Duser.variant -javaagent:C:\Users\Mahlo T.J\.gradle\wrapper\dists\gradle-8.11.1-bin\bpt9gzteqjrbo1mjrsomdt32c\gradle-8.11.1\lib\agents\gradle-instrumentation-agent-8.11.1.jar 
java_command: org.gradle.launcher.daemon.bootstrap.GradleDaemon 8.11.1
java_class_path (initial): C:\Users\Mahlo T.J\.gradle\wrapper\dists\gradle-8.11.1-bin\bpt9gzteqjrbo1mjrsomdt32c\gradle-8.11.1\lib\gradle-daemon-main-8.11.1.jar
Launcher Type: SUN_STANDARD

[Global flags]
     intx CICompilerCount                          = 2                                         {product} {ergonomic}
     uint ConcGCThreads                            = 1                                         {product} {ergonomic}
     uint G1ConcRefinementThreads                  = 2                                         {product} {ergonomic}
   size_t G1HeapRegionSize                         = 1048576                                   {product} {ergonomic}
    uintx GCDrainStackTargetSize                   = 64                                        {product} {ergonomic}
   size_t InitialHeapSize                          = 65011712                                  {product} {ergonomic}
   size_t MarkStackSize                            = 4194304                                   {product} {ergonomic}
   size_t MaxHeapSize                              = 2147483648                                {product} {command line}
   size_t MaxNewSize                               = 1287651328                                {product} {ergonomic}
   size_t MinHeapDeltaBytes                        = 1048576                                   {product} {ergonomic}
   size_t MinHeapSize                              = 8388608                                   {product} {ergonomic}
    uintx NonNMethodCodeHeapSize                   = 5826188                                {pd product} {ergonomic}
    uintx NonProfiledCodeHeapSize                  = 122916026                              {pd product} {ergonomic}
    uintx ProfiledCodeHeapSize                     = 122916026                              {pd product} {ergonomic}
    uintx ReservedCodeCacheSize                    = 251658240                              {pd product} {ergonomic}
     bool SegmentedCodeCache                       = true                                      {product} {ergonomic}
   size_t SoftMaxHeapSize                          = 2147483648                             {manageable} {ergonomic}
     bool UseCompressedOops                        = true                           {product lp64_product} {ergonomic}
     bool UseG1GC                                  = true                                      {product} {ergonomic}
     bool UseLargePagesIndividualAllocation        = false                                  {pd product} {ergonomic}

Logging:
Log output configuration:
 #0: stdout all=warning uptime,level,tags foldmultilines=false
 #1: stderr all=off uptime,level,tags foldmultilines=false

Environment Variables:
PATH=C:\WINDOWS\system32;C:\WINDOWS;C:\WINDOWS\System32\Wbem;C:\WINDOWS\System32\WindowsPowerShell\v1.0\;C:\WINDOWS\System32\OpenSSH\;C:\Program Files\Intel\TXE Components\DAL\;C:\Program Files (x86)\Intel\TXE Components\DAL\;C:\Users\Mahlo T.J\AppData\Local\Microsoft\WindowsApps
USERNAME=Mahlo T.J
OS=Windows_NT
PROCESSOR_IDENTIFIER=Intel64 Family 6 Model 122 Stepping 8, GenuineIntel
TMP=C:\Users\MAHLOT~1.J\AppData\Local\Temp
TEMP=C:\Users\MAHLOT~1.J\AppData\Local\Temp




Periodic native trim disabled

JNI global refs:
JNI global refs: 26, weak refs: 2

JNI global refs memory usage: 835, weak refs: 833

Process memory usage:
Resident Set Size: 358368K (8% of 4014332K total physical memory with 292892K free physical memory)

OOME stack traces (most recent first):
Classloader memory used:
Loader org.gradle.internal.classloader.VisitableURLClassLoader                         : 37309K
Loader bootstrap                                                                       : 26992K
Loader org.gradle.internal.classloader.VisitableURLClassLoader$InstrumentingVisitableURLClassLoader: 16978K
Loader org.gradle.initialization.MixInLegacyTypesClassLoader                           : 10784K
Loader jdk.internal.loader.ClassLoaders$PlatformClassLoader                            : 536K
Loader jdk.internal.loader.ClassLoaders$AppClassLoader                                 : 234K
Loader jdk.internal.reflect.DelegatingClassLoader                                      : 204K
Loader org.gradle.internal.classloader.VisitableURLClassLoader                         : 182K


[error occurred during error reporting (Classloader stats), id 0xe0000001, Out of Memory Error (s\src\hotspot\share\memory\arena.cpp:168)]
---------------  S Y S T E M  ---------------

OS:
 Windows 11 , 64 bit Build 22621 (10.0.22621.5124)
OS uptime: 0 days 2:57 hours

CPU: total 2 (initial active 2) (2 cores per cpu, 1 threads per core) family 6 model 122 stepping 8 microcode 0x18, cx8, cmov, fxsr, mmx, 3dnowpref, sse, sse2, sse3, ssse3, sse4.1, sse4.2, popcnt, tsc, tscinvbit, aes, erms, clmul, sha, clflush, clflushopt, rdtscp, rdpid
Processor Information for the first 2 processors :
  Max Mhz: 1101, Current Mhz: 1101, Mhz Limit: 1101

Memory: 4k page, system-wide physical 3920M (286M free)
TotalPageFile size 7278M (AvailPageFile size 4M)
current process WorkingSet (physical memory assigned to process): 352M, peak: 352M
current process commit charge ("private bytes"): 412M, peak: 412M

vm_info: OpenJDK 64-Bit Server VM (21.0.6+-13368085-b895.109) for windows-amd64 JRE (21.0.6+-13368085-b895.109), built on 2025-04-16T17:01:31Z by "builder" with MS VC++ 16.10 / 16.11 (VS2019)

END.
